{"numTotalTestSuites":112,"numPassedTestSuites":56,"numFailedTestSuites":56,"numPendingTestSuites":0,"numTotalTests":270,"numPassedTests":191,"numFailedTests":79,"numPendingTests":0,"numTodoTests":0,"snapshot":{"added":0,"failure":false,"filesAdded":0,"filesRemoved":0,"filesRemovedList":[],"filesUnmatched":0,"filesUpdated":0,"matched":0,"total":0,"unchecked":0,"uncheckedKeysByFile":[],"unmatched":0,"updated":0,"didUpdate":false},"startTime":1772729719786,"success":false,"testResults":[{"assertionResults":[{"ancestorTitles":["PKG-06 Integration: batch rollback guarantees"],"fullName":"PKG-06 Integration: batch rollback guarantees rolls back complete batch when one item has stale version (no partial updates)","status":"passed","title":"rolls back complete batch when one item has stale version (no partial updates)","duration":117.83009999999996,"failureMessages":[],"meta":{}}],"startTime":1772729820852,"endTime":1772729820969.83,"status":"passed","message":"","name":"C:/Users/r.rose/repos/Plan/releases/work/tests/integration/batch/batchRollback.test.ts"},{"assertionResults":[{"ancestorTitles":["startup bootstrap: ensureSystemRoles"],"fullName":"startup bootstrap: ensureSystemRoles creates ADMIN/READER/DISPATCHER when roles table is empty","status":"passed","title":"creates ADMIN/READER/DISPATCHER when roles table is empty","duration":162.61960000000005,"failureMessages":[],"meta":{}},{"ancestorTitles":["startup bootstrap: ensureSystemRoles"],"fullName":"startup bootstrap: ensureSystemRoles is idempotent when called repeatedly","status":"passed","title":"is idempotent when called repeatedly","duration":73.75170000000003,"failureMessages":[],"meta":{}}],"startTime":1772729820202,"endTime":1772729820438.7517,"status":"passed","message":"","name":"C:/Users/r.rose/repos/Plan/releases/work/tests/integration/bootstrap/ensureSystemRoles.test.ts"},{"assertionResults":[{"ancestorTitles":["PKG-08.1 Integration: document text extraction fixture"],"fullName":"PKG-08.1 Integration: document text extraction fixture extracts text from fixture pdf (Gotthardt Anke 163214 AB)","status":"passed","title":"extracts text from fixture pdf (Gotthardt Anke 163214 AB)","duration":438.4861,"failureMessages":[],"meta":{}}],"startTime":1772729813912,"endTime":1772729814350.486,"status":"passed","message":"","name":"C:/Users/r.rose/repos/Plan/releases/work/tests/integration/extraction/documentTextExtractor.fixture.test.ts"},{"assertionResults":[{"ancestorTitles":["PKG-07 Integration: join replace atomicity"],"fullName":"PKG-07 Integration: join replace atomicity keeps join relations unchanged when replacement contains invalid employee id","status":"failed","title":"keeps join relations unchanged when replacement contains invalid employee id","duration":133.7357,"failureMessages":["Error: Unknown column 'customer_id' in 'field list'\n    at PromisePoolConnection.query (C:\\Users\\r.rose\\repos\\Plan\\releases\\work\\node_modules\\mysql2\\lib\\promise\\connection.js:29:22)\n    at MySql2PreparedQuery.execute (file:///C:/Users/r.rose/repos/Plan/releases/work/node_modules/drizzle-orm/mysql2/session.js:51:32)\n    at QueryPromise.execute (file:///C:/Users/r.rose/repos/Plan/releases/work/node_modules/drizzle-orm/mysql-core/query-builders/insert.js:114:27)\n    at QueryPromise.then (file:///C:/Users/r.rose/repos/Plan/releases/work/node_modules/drizzle-orm/query-promise.js:21:17)\n    at processTicksAndRejections (node:internal/process/task_queues:103:5)"],"meta":{}}],"startTime":1772729772364,"endTime":1772729772497.7356,"status":"failed","message":"","name":"C:/Users/r.rose/repos/Plan/releases/work/tests/integration/joins/joinReplaceAtomicity.test.ts"},{"assertionResults":[{"ancestorTitles":["FT01 integration: appointment_employee composite PK"],"fullName":"FT01 integration: appointment_employee composite PK rejects duplicate appointment/employee pair","status":"failed","title":"rejects duplicate appointment/employee pair","duration":133.1207,"failureMessages":["Error: Unknown column 'customer_id' in 'field list'\n    at PromisePoolConnection.query (C:\\Users\\r.rose\\repos\\Plan\\releases\\work\\node_modules\\mysql2\\lib\\promise\\connection.js:29:22)\n    at MySql2PreparedQuery.execute (file:///C:/Users/r.rose/repos/Plan/releases/work/node_modules/drizzle-orm/mysql2/session.js:51:32)\n    at QueryPromise.execute (file:///C:/Users/r.rose/repos/Plan/releases/work/node_modules/drizzle-orm/mysql-core/query-builders/insert.js:114:27)\n    at QueryPromise.then (file:///C:/Users/r.rose/repos/Plan/releases/work/node_modules/drizzle-orm/query-promise.js:21:17)\n    at processTicksAndRejections (node:internal/process/task_queues:103:5)"],"meta":{}}],"startTime":1772729772919,"endTime":1772729773052.1206,"status":"failed","message":"","name":"C:/Users/r.rose/repos/Plan/releases/work/tests/integration/server/appointmentEmployee.composite-pk.integration.test.ts"},{"assertionResults":[{"ancestorTitles":["FT04/FT05+ integration: customer sidebar vs all appointments"],"fullName":"FT04/FT05+ integration: customer sidebar vs all appointments returns only current+future for sidebar and full history for all-appointments across multiple customers","status":"failed","title":"returns only current+future for sidebar and full history for all-appointments across multiple customers","duration":168.66610000000014,"failureMessages":["Error: Unknown column 'customer_id' in 'field list'\n    at PromisePoolConnection.query (C:\\Users\\r.rose\\repos\\Plan\\releases\\work\\node_modules\\mysql2\\lib\\promise\\connection.js:29:22)\n    at MySql2PreparedQuery.execute (file:///C:/Users/r.rose/repos/Plan/releases/work/node_modules/drizzle-orm/mysql2/session.js:51:32)\n    at QueryPromise.execute (file:///C:/Users/r.rose/repos/Plan/releases/work/node_modules/drizzle-orm/mysql-core/query-builders/insert.js:114:27)\n    at QueryPromise.then (file:///C:/Users/r.rose/repos/Plan/releases/work/node_modules/drizzle-orm/query-promise.js:21:17)\n    at processTicksAndRejections (node:internal/process/task_queues:103:5)"],"meta":{}},{"ancestorTitles":["FT04/FT05+ integration: customer sidebar vs all appointments"],"fullName":"FT04/FT05+ integration: customer sidebar vs all appointments allows fromDate override in test env for upcoming and ignores fromDate for all","status":"failed","title":"allows fromDate override in test env for upcoming and ignores fromDate for all","duration":120.94080000000008,"failureMessages":["Error: Unknown column 'customer_id' in 'field list'\n    at PromisePoolConnection.query (C:\\Users\\r.rose\\repos\\Plan\\releases\\work\\node_modules\\mysql2\\lib\\promise\\connection.js:29:22)\n    at MySql2PreparedQuery.execute (file:///C:/Users/r.rose/repos/Plan/releases/work/node_modules/drizzle-orm/mysql2/session.js:51:32)\n    at QueryPromise.execute (file:///C:/Users/r.rose/repos/Plan/releases/work/node_modules/drizzle-orm/mysql-core/query-builders/insert.js:114:27)\n    at QueryPromise.then (file:///C:/Users/r.rose/repos/Plan/releases/work/node_modules/drizzle-orm/query-promise.js:21:17)\n    at processTicksAndRejections (node:internal/process/task_queues:103:5)"],"meta":{}}],"startTime":1772729762579,"endTime":1772729762868.941,"status":"failed","message":"","name":"C:/Users/r.rose/repos/Plan/releases/work/tests/integration/server/appointments.customer.sidebar-vs-all.integration.test.ts"},{"assertionResults":[{"ancestorTitles":["FT01 integration: employee overlap follow-up flows"],"fullName":"FT01 integration: employee overlap follow-up flows keeps join operation conflict-safe across tour/team/manual sequence","status":"failed","title":"keeps join operation conflict-safe across tour/team/manual sequence","duration":193.90509999999995,"failureMessages":["Error: Unknown column 'customer_id' in 'field list'\n    at PromisePoolConnection.query (C:\\Users\\r.rose\\repos\\Plan\\releases\\work\\node_modules\\mysql2\\lib\\promise\\connection.js:29:22)\n    at MySql2PreparedQuery.execute (file:///C:/Users/r.rose/repos/Plan/releases/work/node_modules/drizzle-orm/mysql2/session.js:51:32)\n    at QueryPromise.execute (file:///C:/Users/r.rose/repos/Plan/releases/work/node_modules/drizzle-orm/mysql-core/query-builders/insert.js:114:27)\n    at QueryPromise.then (file:///C:/Users/r.rose/repos/Plan/releases/work/node_modules/drizzle-orm/query-promise.js:21:17)\n    at processTicksAndRejections (node:internal/process/task_queues:103:5)"],"meta":{}},{"ancestorTitles":["FT01 integration: employee overlap follow-up flows"],"fullName":"FT01 integration: employee overlap follow-up flows allows second save after reverting endDate when previous overlap update failed","status":"failed","title":"allows second save after reverting endDate when previous overlap update failed","duration":129.47890000000007,"failureMessages":["Error: Unknown column 'customer_id' in 'field list'\n    at PromisePoolConnection.query (C:\\Users\\r.rose\\repos\\Plan\\releases\\work\\node_modules\\mysql2\\lib\\promise\\connection.js:29:22)\n    at MySql2PreparedQuery.execute (file:///C:/Users/r.rose/repos/Plan/releases/work/node_modules/drizzle-orm/mysql2/session.js:51:32)\n    at QueryPromise.execute (file:///C:/Users/r.rose/repos/Plan/releases/work/node_modules/drizzle-orm/mysql-core/query-builders/insert.js:114:27)\n    at QueryPromise.then (file:///C:/Users/r.rose/repos/Plan/releases/work/node_modules/drizzle-orm/query-promise.js:21:17)\n    at processTicksAndRejections (node:internal/process/task_queues:103:5)"],"meta":{}},{"ancestorTitles":["FT01 integration: employee overlap follow-up flows"],"fullName":"FT01 integration: employee overlap follow-up flows allows follow-up update when target hour differs from existing timed assignment","status":"failed","title":"allows follow-up update when target hour differs from existing timed assignment","duration":122.9801,"failureMessages":["Error: Unknown column 'customer_id' in 'field list'\n    at PromisePoolConnection.query (C:\\Users\\r.rose\\repos\\Plan\\releases\\work\\node_modules\\mysql2\\lib\\promise\\connection.js:29:22)\n    at MySql2PreparedQuery.execute (file:///C:/Users/r.rose/repos/Plan/releases/work/node_modules/drizzle-orm/mysql2/session.js:51:32)\n    at QueryPromise.execute (file:///C:/Users/r.rose/repos/Plan/releases/work/node_modules/drizzle-orm/mysql-core/query-builders/insert.js:114:27)\n    at QueryPromise.then (file:///C:/Users/r.rose/repos/Plan/releases/work/node_modules/drizzle-orm/query-promise.js:21:17)\n    at processTicksAndRejections (node:internal/process/task_queues:103:5)"],"meta":{}}],"startTime":1772729755017,"endTime":1772729755462.98,"status":"failed","message":"","name":"C:/Users/r.rose/repos/Plan/releases/work/tests/integration/server/appointments.employee-overlap.flow.integration.test.ts"},{"assertionResults":[{"ancestorTitles":["FT01 integration: employee overlap base scenarios"],"fullName":"FT01 integration: employee overlap base scenarios Case 1: tour prefill reports conflicting employee and does not persist create","status":"failed","title":"Case 1: tour prefill reports conflicting employee and does not persist create","duration":176.49350000000004,"failureMessages":["Error: Unknown column 'customer_id' in 'field list'\n    at PromisePoolConnection.query (C:\\Users\\r.rose\\repos\\Plan\\releases\\work\\node_modules\\mysql2\\lib\\promise\\connection.js:29:22)\n    at MySql2PreparedQuery.execute (file:///C:/Users/r.rose/repos/Plan/releases/work/node_modules/drizzle-orm/mysql2/session.js:51:32)\n    at QueryPromise.execute (file:///C:/Users/r.rose/repos/Plan/releases/work/node_modules/drizzle-orm/mysql-core/query-builders/insert.js:114:27)\n    at QueryPromise.then (file:///C:/Users/r.rose/repos/Plan/releases/work/node_modules/drizzle-orm/query-promise.js:21:17)\n    at processTicksAndRejections (node:internal/process/task_queues:103:5)"],"meta":{}},{"ancestorTitles":["FT01 integration: employee overlap base scenarios"],"fullName":"FT01 integration: employee overlap base scenarios Case 2: team assignment reports conflicting employee and keeps pre-update assignment unchanged","status":"failed","title":"Case 2: team assignment reports conflicting employee and keeps pre-update assignment unchanged","duration":140.09079999999994,"failureMessages":["Error: Unknown column 'customer_id' in 'field list'\n    at PromisePoolConnection.query (C:\\Users\\r.rose\\repos\\Plan\\releases\\work\\node_modules\\mysql2\\lib\\promise\\connection.js:29:22)\n    at MySql2PreparedQuery.execute (file:///C:/Users/r.rose/repos/Plan/releases/work/node_modules/drizzle-orm/mysql2/session.js:51:32)\n    at QueryPromise.execute (file:///C:/Users/r.rose/repos/Plan/releases/work/node_modules/drizzle-orm/mysql-core/query-builders/insert.js:114:27)\n    at QueryPromise.then (file:///C:/Users/r.rose/repos/Plan/releases/work/node_modules/drizzle-orm/query-promise.js:21:17)\n    at processTicksAndRejections (node:internal/process/task_queues:103:5)"],"meta":{}},{"ancestorTitles":["FT01 integration: employee overlap base scenarios"],"fullName":"FT01 integration: employee overlap base scenarios Case 3: manual employee assignment reports conflict and leaves assignment unchanged","status":"failed","title":"Case 3: manual employee assignment reports conflict and leaves assignment unchanged","duration":133.53309999999988,"failureMessages":["Error: Unknown column 'customer_id' in 'field list'\n    at PromisePoolConnection.query (C:\\Users\\r.rose\\repos\\Plan\\releases\\work\\node_modules\\mysql2\\lib\\promise\\connection.js:29:22)\n    at MySql2PreparedQuery.execute (file:///C:/Users/r.rose/repos/Plan/releases/work/node_modules/drizzle-orm/mysql2/session.js:51:32)\n    at QueryPromise.execute (file:///C:/Users/r.rose/repos/Plan/releases/work/node_modules/drizzle-orm/mysql-core/query-builders/insert.js:114:27)\n    at QueryPromise.then (file:///C:/Users/r.rose/repos/Plan/releases/work/node_modules/drizzle-orm/query-promise.js:21:17)\n    at processTicksAndRejections (node:internal/process/task_queues:103:5)"],"meta":{}},{"ancestorTitles":["FT01 integration: employee overlap base scenarios"],"fullName":"FT01 integration: employee overlap base scenarios Case 4: all-day and timed appointment on same day are allowed","status":"failed","title":"Case 4: all-day and timed appointment on same day are allowed","duration":134.9251999999999,"failureMessages":["Error: Unknown column 'customer_id' in 'field list'\n    at PromisePoolConnection.query (C:\\Users\\r.rose\\repos\\Plan\\releases\\work\\node_modules\\mysql2\\lib\\promise\\connection.js:29:22)\n    at MySql2PreparedQuery.execute (file:///C:/Users/r.rose/repos/Plan/releases/work/node_modules/drizzle-orm/mysql2/session.js:51:32)\n    at QueryPromise.execute (file:///C:/Users/r.rose/repos/Plan/releases/work/node_modules/drizzle-orm/mysql-core/query-builders/insert.js:114:27)\n    at QueryPromise.then (file:///C:/Users/r.rose/repos/Plan/releases/work/node_modules/drizzle-orm/query-promise.js:21:17)\n    at processTicksAndRejections (node:internal/process/task_queues:103:5)"],"meta":{}},{"ancestorTitles":["FT01 integration: employee overlap base scenarios"],"fullName":"FT01 integration: employee overlap base scenarios Case 5: timed appointments conflict only when start hour is equal","status":"failed","title":"Case 5: timed appointments conflict only when start hour is equal","duration":118.51109999999994,"failureMessages":["Error: Unknown column 'customer_id' in 'field list'\n    at PromisePoolConnection.query (C:\\Users\\r.rose\\repos\\Plan\\releases\\work\\node_modules\\mysql2\\lib\\promise\\connection.js:29:22)\n    at MySql2PreparedQuery.execute (file:///C:/Users/r.rose/repos/Plan/releases/work/node_modules/drizzle-orm/mysql2/session.js:51:32)\n    at QueryPromise.execute (file:///C:/Users/r.rose/repos/Plan/releases/work/node_modules/drizzle-orm/mysql-core/query-builders/insert.js:114:27)\n    at QueryPromise.then (file:///C:/Users/r.rose/repos/Plan/releases/work/node_modules/drizzle-orm/query-promise.js:21:17)\n    at processTicksAndRejections (node:internal/process/task_queues:103:5)"],"meta":{}}],"startTime":1772729743345,"endTime":1772729744048.511,"status":"failed","message":"","name":"C:/Users/r.rose/repos/Plan/releases/work/tests/integration/server/appointments.employee-overlap.integration.test.ts"},{"assertionResults":[{"ancestorTitles":["FT01 integration: employee overlap multiday scenarios"],"fullName":"FT01 integration: employee overlap multiday scenarios multiday + tour: overlap blocks create completely when conflict exists on one day in span","status":"failed","title":"multiday + tour: overlap blocks create completely when conflict exists on one day in span","duration":183.28230000000008,"failureMessages":["Error: Unknown column 'customer_id' in 'field list'\n    at PromisePoolConnection.query (C:\\Users\\r.rose\\repos\\Plan\\releases\\work\\node_modules\\mysql2\\lib\\promise\\connection.js:29:22)\n    at MySql2PreparedQuery.execute (file:///C:/Users/r.rose/repos/Plan/releases/work/node_modules/drizzle-orm/mysql2/session.js:51:32)\n    at QueryPromise.execute (file:///C:/Users/r.rose/repos/Plan/releases/work/node_modules/drizzle-orm/mysql-core/query-builders/insert.js:114:27)\n    at QueryPromise.then (file:///C:/Users/r.rose/repos/Plan/releases/work/node_modules/drizzle-orm/query-promise.js:21:17)\n    at processTicksAndRejections (node:internal/process/task_queues:103:5)"],"meta":{}},{"ancestorTitles":["FT01 integration: employee overlap multiday scenarios"],"fullName":"FT01 integration: employee overlap multiday scenarios multiday + team: one-day conflict keeps existing assignment unchanged","status":"failed","title":"multiday + team: one-day conflict keeps existing assignment unchanged","duration":143.7840000000001,"failureMessages":["Error: Unknown column 'customer_id' in 'field list'\n    at PromisePoolConnection.query (C:\\Users\\r.rose\\repos\\Plan\\releases\\work\\node_modules\\mysql2\\lib\\promise\\connection.js:29:22)\n    at MySql2PreparedQuery.execute (file:///C:/Users/r.rose/repos/Plan/releases/work/node_modules/drizzle-orm/mysql2/session.js:51:32)\n    at QueryPromise.execute (file:///C:/Users/r.rose/repos/Plan/releases/work/node_modules/drizzle-orm/mysql-core/query-builders/insert.js:114:27)\n    at QueryPromise.then (file:///C:/Users/r.rose/repos/Plan/releases/work/node_modules/drizzle-orm/query-promise.js:21:17)\n    at processTicksAndRejections (node:internal/process/task_queues:103:5)"],"meta":{}},{"ancestorTitles":["FT01 integration: employee overlap multiday scenarios"],"fullName":"FT01 integration: employee overlap multiday scenarios multiday + manual assignment: conflict keeps existing assignment unchanged","status":"failed","title":"multiday + manual assignment: conflict keeps existing assignment unchanged","duration":123.9085,"failureMessages":["Error: Unknown column 'customer_id' in 'field list'\n    at PromisePoolConnection.query (C:\\Users\\r.rose\\repos\\Plan\\releases\\work\\node_modules\\mysql2\\lib\\promise\\connection.js:29:22)\n    at MySql2PreparedQuery.execute (file:///C:/Users/r.rose/repos/Plan/releases/work/node_modules/drizzle-orm/mysql2/session.js:51:32)\n    at QueryPromise.execute (file:///C:/Users/r.rose/repos/Plan/releases/work/node_modules/drizzle-orm/mysql-core/query-builders/insert.js:114:27)\n    at QueryPromise.then (file:///C:/Users/r.rose/repos/Plan/releases/work/node_modules/drizzle-orm/query-promise.js:21:17)\n    at processTicksAndRejections (node:internal/process/task_queues:103:5)"],"meta":{}},{"ancestorTitles":["FT01 integration: employee overlap multiday scenarios"],"fullName":"FT01 integration: employee overlap multiday scenarios multiday timed: overlap day with different hour is allowed","status":"failed","title":"multiday timed: overlap day with different hour is allowed","duration":138.55970000000002,"failureMessages":["Error: Unknown column 'customer_id' in 'field list'\n    at PromisePoolConnection.query (C:\\Users\\r.rose\\repos\\Plan\\releases\\work\\node_modules\\mysql2\\lib\\promise\\connection.js:29:22)\n    at MySql2PreparedQuery.execute (file:///C:/Users/r.rose/repos/Plan/releases/work/node_modules/drizzle-orm/mysql2/session.js:51:32)\n    at QueryPromise.execute (file:///C:/Users/r.rose/repos/Plan/releases/work/node_modules/drizzle-orm/mysql-core/query-builders/insert.js:114:27)\n    at QueryPromise.then (file:///C:/Users/r.rose/repos/Plan/releases/work/node_modules/drizzle-orm/query-promise.js:21:17)\n    at processTicksAndRejections (node:internal/process/task_queues:103:5)"],"meta":{}},{"ancestorTitles":["FT01 integration: employee overlap multiday scenarios"],"fullName":"FT01 integration: employee overlap multiday scenarios multiday timed: overlap day with equal hour is blocked","status":"failed","title":"multiday timed: overlap day with equal hour is blocked","duration":117.86789999999996,"failureMessages":["Error: Unknown column 'customer_id' in 'field list'\n    at PromisePoolConnection.query (C:\\Users\\r.rose\\repos\\Plan\\releases\\work\\node_modules\\mysql2\\lib\\promise\\connection.js:29:22)\n    at MySql2PreparedQuery.execute (file:///C:/Users/r.rose/repos/Plan/releases/work/node_modules/drizzle-orm/mysql2/session.js:51:32)\n    at QueryPromise.execute (file:///C:/Users/r.rose/repos/Plan/releases/work/node_modules/drizzle-orm/mysql-core/query-builders/insert.js:114:27)\n    at QueryPromise.then (file:///C:/Users/r.rose/repos/Plan/releases/work/node_modules/drizzle-orm/query-promise.js:21:17)\n    at processTicksAndRejections (node:internal/process/task_queues:103:5)"],"meta":{}}],"startTime":1772729745212,"endTime":1772729745918.868,"status":"failed","message":"","name":"C:/Users/r.rose/repos/Plan/releases/work/tests/integration/server/appointments.employee-overlap.multiday.integration.test.ts"},{"assertionResults":[{"ancestorTitles":["FT04/FT05 integration: employee sidebar vs all appointments"],"fullName":"FT04/FT05 integration: employee sidebar vs all appointments returns only current+future for sidebar and full history for all-appointments across multiple employees","status":"failed","title":"returns only current+future for sidebar and full history for all-appointments across multiple employees","duration":161.9737,"failureMessages":["Error: Unknown column 'customer_id' in 'field list'\n    at PromisePoolConnection.query (C:\\Users\\r.rose\\repos\\Plan\\releases\\work\\node_modules\\mysql2\\lib\\promise\\connection.js:29:22)\n    at MySql2PreparedQuery.execute (file:///C:/Users/r.rose/repos/Plan/releases/work/node_modules/drizzle-orm/mysql2/session.js:51:32)\n    at QueryPromise.execute (file:///C:/Users/r.rose/repos/Plan/releases/work/node_modules/drizzle-orm/mysql-core/query-builders/insert.js:114:27)\n    at QueryPromise.then (file:///C:/Users/r.rose/repos/Plan/releases/work/node_modules/drizzle-orm/query-promise.js:21:17)\n    at processTicksAndRejections (node:internal/process/task_queues:103:5)"],"meta":{}},{"ancestorTitles":["FT04/FT05 integration: employee sidebar vs all appointments"],"fullName":"FT04/FT05 integration: employee sidebar vs all appointments allows fromDate override in test env for upcoming and ignores fromDate for all","status":"failed","title":"allows fromDate override in test env for upcoming and ignores fromDate for all","duration":126.18939999999998,"failureMessages":["Error: Unknown column 'customer_id' in 'field list'\n    at PromisePoolConnection.query (C:\\Users\\r.rose\\repos\\Plan\\releases\\work\\node_modules\\mysql2\\lib\\promise\\connection.js:29:22)\n    at MySql2PreparedQuery.execute (file:///C:/Users/r.rose/repos/Plan/releases/work/node_modules/drizzle-orm/mysql2/session.js:51:32)\n    at QueryPromise.execute (file:///C:/Users/r.rose/repos/Plan/releases/work/node_modules/drizzle-orm/mysql-core/query-builders/insert.js:114:27)\n    at QueryPromise.then (file:///C:/Users/r.rose/repos/Plan/releases/work/node_modules/drizzle-orm/query-promise.js:21:17)\n    at processTicksAndRejections (node:internal/process/task_queues:103:5)"],"meta":{}},{"ancestorTitles":["FT04/FT05 integration: employee sidebar vs all appointments"],"fullName":"FT04/FT05 integration: employee sidebar vs all appointments returns an empty array for employee without appointments","status":"failed","title":"returns an empty array for employee without appointments","duration":122.81780000000003,"failureMessages":["Error: expected 200 \"OK\", got 500 \"Internal Server Error\"\n    at C:/Users/r.rose/repos/Plan/releases/work/tests/integration/server/appointments.employee.sidebar-vs-all.integration.test.ts:285:8\n    at processTicksAndRejections (node:internal/process/task_queues:103:5)\n    at file:///C:/Users/r.rose/repos/Plan/releases/work/node_modules/@vitest/runner/dist/index.js:915:20\n----\n    at Test._assertStatus (C:\\Users\\r.rose\\repos\\Plan\\releases\\work\\node_modules\\supertest\\lib\\test.js:309:14)\n    at C:\\Users\\r.rose\\repos\\Plan\\releases\\work\\node_modules\\supertest\\lib\\test.js:365:13\n    at Test._assertFunction (C:\\Users\\r.rose\\repos\\Plan\\releases\\work\\node_modules\\supertest\\lib\\test.js:342:13)\n    at Test.assert (C:\\Users\\r.rose\\repos\\Plan\\releases\\work\\node_modules\\supertest\\lib\\test.js:195:23)\n    at localAssert (C:\\Users\\r.rose\\repos\\Plan\\releases\\work\\node_modules\\supertest\\lib\\test.js:138:14)\n    at Server.<anonymous> (C:\\Users\\r.rose\\repos\\Plan\\releases\\work\\node_modules\\supertest\\lib\\test.js:152:11)\n    at Object.onceWrapper (node:events:622:28)\n    at Server.emit (node:events:508:28)\n    at emitCloseNT (node:net:2419:8)\n    at processTicksAndRejections (node:internal/process/task_queues:88:21)"],"meta":{}},{"ancestorTitles":["FT04/FT05 integration: employee sidebar vs all appointments"],"fullName":"FT04/FT05 integration: employee sidebar vs all appointments allows reader role to fetch employee appointments for active employee","status":"failed","title":"allows reader role to fetch employee appointments for active employee","duration":176.81189999999992,"failureMessages":["Error: Unknown column 'customer_id' in 'field list'\n    at PromisePoolConnection.query (C:\\Users\\r.rose\\repos\\Plan\\releases\\work\\node_modules\\mysql2\\lib\\promise\\connection.js:29:22)\n    at MySql2PreparedQuery.execute (file:///C:/Users/r.rose/repos/Plan/releases/work/node_modules/drizzle-orm/mysql2/session.js:51:32)\n    at QueryPromise.execute (file:///C:/Users/r.rose/repos/Plan/releases/work/node_modules/drizzle-orm/mysql-core/query-builders/insert.js:114:27)\n    at QueryPromise.then (file:///C:/Users/r.rose/repos/Plan/releases/work/node_modules/drizzle-orm/query-promise.js:21:17)\n    at processTicksAndRejections (node:internal/process/task_queues:103:5)"],"meta":{}}],"startTime":1772729748984,"endTime":1772729749571.812,"status":"failed","message":"","name":"C:/Users/r.rose/repos/Plan/releases/work/tests/integration/server/appointments.employee.sidebar-vs-all.integration.test.ts"},{"assertionResults":[{"ancestorTitles":["FT01 integration: historical appointment guards"],"fullName":"FT01 integration: historical appointment guards H5.1 blocks create for past date and keeps persistence unchanged","status":"failed","title":"H5.1 blocks create for past date and keeps persistence unchanged","duration":161.23559999999998,"failureMessages":["Error: expected 200 \"OK\", got 500 \"Internal Server Error\"\n    at countProjectAppointments (C:/Users/r.rose/repos/Plan/releases/work/tests/integration/server/appointments.historical-guards.integration.test.ts:54:99)\n    at C:/Users/r.rose/repos/Plan/releases/work/tests/integration/server/appointments.historical-guards.integration.test.ts:63:31\n    at processTicksAndRejections (node:internal/process/task_queues:103:5)\n    at file:///C:/Users/r.rose/repos/Plan/releases/work/node_modules/@vitest/runner/dist/index.js:915:20\n----\n    at Test._assertStatus (C:\\Users\\r.rose\\repos\\Plan\\releases\\work\\node_modules\\supertest\\lib\\test.js:309:14)\n    at C:\\Users\\r.rose\\repos\\Plan\\releases\\work\\node_modules\\supertest\\lib\\test.js:365:13\n    at Test._assertFunction (C:\\Users\\r.rose\\repos\\Plan\\releases\\work\\node_modules\\supertest\\lib\\test.js:342:13)\n    at Test.assert (C:\\Users\\r.rose\\repos\\Plan\\releases\\work\\node_modules\\supertest\\lib\\test.js:195:23)\n    at localAssert (C:\\Users\\r.rose\\repos\\Plan\\releases\\work\\node_modules\\supertest\\lib\\test.js:138:14)\n    at Server.<anonymous> (C:\\Users\\r.rose\\repos\\Plan\\releases\\work\\node_modules\\supertest\\lib\\test.js:152:11)\n    at Object.onceWrapper (node:events:622:28)\n    at Server.emit (node:events:508:28)\n    at emitCloseNT (node:net:2419:8)\n    at processTicksAndRejections (node:internal/process/task_queues:88:21)"],"meta":{}},{"ancestorTitles":["FT01 integration: historical appointment guards"],"fullName":"FT01 integration: historical appointment guards H5.2 blocks update for existing appointment in the past","status":"failed","title":"H5.2 blocks update for existing appointment in the past","duration":119.8782000000001,"failureMessages":["Error: Unknown column 'customer_id' in 'field list'\n    at PromisePoolConnection.query (C:\\Users\\r.rose\\repos\\Plan\\releases\\work\\node_modules\\mysql2\\lib\\promise\\connection.js:29:22)\n    at MySql2PreparedQuery.execute (file:///C:/Users/r.rose/repos/Plan/releases/work/node_modules/drizzle-orm/mysql2/session.js:51:32)\n    at QueryPromise.execute (file:///C:/Users/r.rose/repos/Plan/releases/work/node_modules/drizzle-orm/mysql-core/query-builders/insert.js:114:27)\n    at QueryPromise.then (file:///C:/Users/r.rose/repos/Plan/releases/work/node_modules/drizzle-orm/query-promise.js:21:17)\n    at processTicksAndRejections (node:internal/process/task_queues:103:5)"],"meta":{}},{"ancestorTitles":["FT01 integration: historical appointment guards"],"fullName":"FT01 integration: historical appointment guards H5.3 blocks today date with startTime in the past","status":"passed","title":"H5.3 blocks today date with startTime in the past","duration":116.08079999999995,"failureMessages":[],"meta":{}}],"startTime":1772729756585,"endTime":1772729756982.0808,"status":"failed","message":"","name":"C:/Users/r.rose/repos/Plan/releases/work/tests/integration/server/appointments.historical-guards.integration.test.ts"},{"assertionResults":[{"ancestorTitles":["FT28 integration: appointments list default sorting"],"fullName":"FT28 integration: appointments list default sorting returns tour-filtered list descending by date/time/id","status":"failed","title":"returns tour-filtered list descending by date/time/id","duration":165.856,"failureMessages":["Error: Unknown column 'customer_id' in 'field list'\n    at PromisePoolConnection.query (C:\\Users\\r.rose\\repos\\Plan\\releases\\work\\node_modules\\mysql2\\lib\\promise\\connection.js:29:22)\n    at MySql2PreparedQuery.execute (file:///C:/Users/r.rose/repos/Plan/releases/work/node_modules/drizzle-orm/mysql2/session.js:51:32)\n    at QueryPromise.execute (file:///C:/Users/r.rose/repos/Plan/releases/work/node_modules/drizzle-orm/mysql-core/query-builders/insert.js:114:27)\n    at QueryPromise.then (file:///C:/Users/r.rose/repos/Plan/releases/work/node_modules/drizzle-orm/query-promise.js:21:17)\n    at processTicksAndRejections (node:internal/process/task_queues:103:5)"],"meta":{}},{"ancestorTitles":["FT28 integration: appointments list default sorting"],"fullName":"FT28 integration: appointments list default sorting returns employee-filtered list descending by date","status":"failed","title":"returns employee-filtered list descending by date","duration":129.077,"failureMessages":["Error: Unknown column 'customer_id' in 'field list'\n    at PromisePoolConnection.query (C:\\Users\\r.rose\\repos\\Plan\\releases\\work\\node_modules\\mysql2\\lib\\promise\\connection.js:29:22)\n    at MySql2PreparedQuery.execute (file:///C:/Users/r.rose/repos/Plan/releases/work/node_modules/drizzle-orm/mysql2/session.js:51:32)\n    at QueryPromise.execute (file:///C:/Users/r.rose/repos/Plan/releases/work/node_modules/drizzle-orm/mysql-core/query-builders/insert.js:114:27)\n    at QueryPromise.then (file:///C:/Users/r.rose/repos/Plan/releases/work/node_modules/drizzle-orm/query-promise.js:21:17)\n    at processTicksAndRejections (node:internal/process/task_queues:103:5)"],"meta":{}},{"ancestorTitles":["FT28 integration: appointments list default sorting"],"fullName":"FT28 integration: appointments list default sorting filters list by orderNumber using partial matches","status":"failed","title":"filters list by orderNumber using partial matches","duration":128.88650000000007,"failureMessages":["Error: Unknown column 'customer_id' in 'field list'\n    at PromisePoolConnection.query (C:\\Users\\r.rose\\repos\\Plan\\releases\\work\\node_modules\\mysql2\\lib\\promise\\connection.js:29:22)\n    at MySql2PreparedQuery.execute (file:///C:/Users/r.rose/repos/Plan/releases/work/node_modules/drizzle-orm/mysql2/session.js:51:32)\n    at QueryPromise.execute (file:///C:/Users/r.rose/repos/Plan/releases/work/node_modules/drizzle-orm/mysql-core/query-builders/insert.js:114:27)\n    at QueryPromise.then (file:///C:/Users/r.rose/repos/Plan/releases/work/node_modules/drizzle-orm/query-promise.js:21:17)\n    at processTicksAndRejections (node:internal/process/task_queues:103:5)"],"meta":{}}],"startTime":1772729758126,"endTime":1772729758549.8865,"status":"failed","message":"","name":"C:/Users/r.rose/repos/Plan/releases/work/tests/integration/server/appointments.list.sorting.integration.test.ts"},{"assertionResults":[{"ancestorTitles":["FT24 integration: attachment query endpoints"],"fullName":"FT24 integration: attachment query endpoints aggregates customer project attachments and appointment context, and reports duplicates","status":"failed","title":"aggregates customer project attachments and appointment context, and reports duplicates","duration":154.20510000000013,"failureMessages":["Error: Unknown column 'customer_id' in 'field list'\n    at PromisePoolConnection.query (C:\\Users\\r.rose\\repos\\Plan\\releases\\work\\node_modules\\mysql2\\lib\\promise\\connection.js:29:22)\n    at MySql2PreparedQuery.execute (file:///C:/Users/r.rose/repos/Plan/releases/work/node_modules/drizzle-orm/mysql2/session.js:51:32)\n    at QueryPromise.execute (file:///C:/Users/r.rose/repos/Plan/releases/work/node_modules/drizzle-orm/mysql-core/query-builders/insert.js:114:27)\n    at QueryPromise.then (file:///C:/Users/r.rose/repos/Plan/releases/work/node_modules/drizzle-orm/query-promise.js:21:17)\n    at processTicksAndRejections (node:internal/process/task_queues:103:5)"],"meta":{}}],"startTime":1772729771795,"endTime":1772729771949.205,"status":"failed","message":"","name":"C:/Users/r.rose/repos/Plan/releases/work/tests/integration/server/attachmentQueries.ft24.integration.test.ts"},{"assertionResults":[{"ancestorTitles":["FT03 integration: calendar appointments note counts"],"fullName":"FT03 integration: calendar appointments note counts returns customer/project/appointment note counts per appointment with zero and mixed scenarios","status":"failed","title":"returns customer/project/appointment note counts per appointment with zero and mixed scenarios","duration":170.20809999999983,"failureMessages":["Error: Unknown column 'customer_id' in 'field list'\n    at PromisePoolConnection.query (C:\\Users\\r.rose\\repos\\Plan\\releases\\work\\node_modules\\mysql2\\lib\\promise\\connection.js:29:22)\n    at MySql2PreparedQuery.execute (file:///C:/Users/r.rose/repos/Plan/releases/work/node_modules/drizzle-orm/mysql2/session.js:51:32)\n    at QueryPromise.execute (file:///C:/Users/r.rose/repos/Plan/releases/work/node_modules/drizzle-orm/mysql-core/query-builders/insert.js:114:27)\n    at QueryPromise.then (file:///C:/Users/r.rose/repos/Plan/releases/work/node_modules/drizzle-orm/query-promise.js:21:17)\n    at processTicksAndRejections (node:internal/process/task_queues:103:5)"],"meta":{}}],"startTime":1772729764017,"endTime":1772729764187.208,"status":"failed","message":"","name":"C:/Users/r.rose/repos/Plan/releases/work/tests/integration/server/calendar.appointments.notes-counts.integration.test.ts"},{"assertionResults":[{"ancestorTitles":["FT04/FT05+ integration: calendar appointments reflect updated customer names"],"fullName":"FT04/FT05+ integration: calendar appointments reflect updated customer names returns updated customer fullName for same appointment after customer patch","status":"failed","title":"returns updated customer fullName for same appointment after customer patch","duration":152.55140000000006,"failureMessages":["Error: Unknown column 'customer_id' in 'field list'\n    at PromisePoolConnection.query (C:\\Users\\r.rose\\repos\\Plan\\releases\\work\\node_modules\\mysql2\\lib\\promise\\connection.js:29:22)\n    at MySql2PreparedQuery.execute (file:///C:/Users/r.rose/repos/Plan/releases/work/node_modules/drizzle-orm/mysql2/session.js:51:32)\n    at QueryPromise.execute (file:///C:/Users/r.rose/repos/Plan/releases/work/node_modules/drizzle-orm/mysql-core/query-builders/insert.js:114:27)\n    at QueryPromise.then (file:///C:/Users/r.rose/repos/Plan/releases/work/node_modules/drizzle-orm/query-promise.js:21:17)\n    at processTicksAndRejections (node:internal/process/task_queues:103:5)"],"meta":{}}],"startTime":1772729770520,"endTime":1772729770672.5515,"status":"failed","message":"","name":"C:/Users/r.rose/repos/Plan/releases/work/tests/integration/server/calendarAppointments.customer-name-refresh.integration.test.ts"},{"assertionResults":[{"ancestorTitles":["FT04/FT02 integration: calendar appointments reflect updated project names"],"fullName":"FT04/FT02 integration: calendar appointments reflect updated project names returns updated projectName for the same appointment after project patch","status":"failed","title":"returns updated projectName for the same appointment after project patch","duration":151.25209999999993,"failureMessages":["Error: Unknown column 'customer_id' in 'field list'\n    at PromisePoolConnection.query (C:\\Users\\r.rose\\repos\\Plan\\releases\\work\\node_modules\\mysql2\\lib\\promise\\connection.js:29:22)\n    at MySql2PreparedQuery.execute (file:///C:/Users/r.rose/repos/Plan/releases/work/node_modules/drizzle-orm/mysql2/session.js:51:32)\n    at QueryPromise.execute (file:///C:/Users/r.rose/repos/Plan/releases/work/node_modules/drizzle-orm/mysql-core/query-builders/insert.js:114:27)\n    at QueryPromise.then (file:///C:/Users/r.rose/repos/Plan/releases/work/node_modules/drizzle-orm/query-promise.js:21:17)\n    at processTicksAndRejections (node:internal/process/task_queues:103:5)"],"meta":{}}],"startTime":1772729769216,"endTime":1772729769367.2522,"status":"failed","message":"","name":"C:/Users/r.rose/repos/Plan/releases/work/tests/integration/server/calendarAppointments.project-name-refresh.integration.test.ts"},{"assertionResults":[{"ancestorTitles":["FT19 integration: customer attachments"],"fullName":"FT19 integration: customer attachments uploads, lists and downloads customer attachment","status":"passed","title":"uploads, lists and downloads customer attachment","duration":165.12929999999983,"failureMessages":[],"meta":{}},{"ancestorTitles":["FT19 integration: customer attachments"],"fullName":"FT19 integration: customer attachments returns 400 for invalid customerId in list and create routes","status":"passed","title":"returns 400 for invalid customerId in list and create routes","duration":105.35770000000002,"failureMessages":[],"meta":{}},{"ancestorTitles":["FT19 integration: customer attachments"],"fullName":"FT19 integration: customer attachments returns 413 for oversized upload payload","status":"passed","title":"returns 413 for oversized upload payload","duration":112.49490000000014,"failureMessages":[],"meta":{}},{"ancestorTitles":["FT19 integration: customer attachments"],"fullName":"FT19 integration: customer attachments returns 404 for unknown customer attachment download id","status":"passed","title":"returns 404 for unknown customer attachment download id","duration":105.50669999999991,"failureMessages":[],"meta":{}}],"startTime":1772729811605,"endTime":1772729812093.5066,"status":"passed","message":"","name":"C:/Users/r.rose/repos/Plan/releases/work/tests/integration/server/customers.attachments.ft19.integration.test.ts"},{"assertionResults":[{"ancestorTitles":["FT21 integration: customers create duplicate mapping"],"fullName":"FT21 integration: customers create duplicate mapping creates customer with only customerNumber and supports patching optional fields to null","status":"passed","title":"creates customer with only customerNumber and supports patching optional fields to null","duration":152.34559999999988,"failureMessages":[],"meta":{}},{"ancestorTitles":["FT21 integration: customers create duplicate mapping"],"fullName":"FT21 integration: customers create duplicate mapping returns 409 CUSTOMER_NUMBER_CONFLICT when service reports duplicate","status":"passed","title":"returns 409 CUSTOMER_NUMBER_CONFLICT when service reports duplicate","duration":100.3143,"failureMessages":[],"meta":{}}],"startTime":1772729819557,"endTime":1772729819809.3142,"status":"passed","message":"","name":"C:/Users/r.rose/repos/Plan/releases/work/tests/integration/server/customers.create-duplicate.test.ts"},{"assertionResults":[{"ancestorTitles":["FT05+ integration: customers visibility by role"],"fullName":"FT05+ integration: customers visibility by role keeps non-admin customer list on active scope even when inactive is requested","status":"passed","title":"keeps non-admin customer list on active scope even when inactive is requested","duration":181.04099999999994,"failureMessages":[],"meta":{}},{"ancestorTitles":["FT05+ integration: customers visibility by role"],"fullName":"FT05+ integration: customers visibility by role returns active or inactive customer list for admin based on scope","status":"passed","title":"returns active or inactive customer list for admin based on scope","duration":118.58840000000009,"failureMessages":[],"meta":{}},{"ancestorTitles":["FT05+ integration: customers visibility by role"],"fullName":"FT05+ integration: customers visibility by role returns 404 for non-admin customer detail when customer is inactive","status":"passed","title":"returns 404 for non-admin customer detail when customer is inactive","duration":143.91570000000002,"failureMessages":[],"meta":{}},{"ancestorTitles":["FT05+ integration: customers visibility by role"],"fullName":"FT05+ integration: customers visibility by role returns 403 FORBIDDEN when non-admin tries to change customer isActive","status":"passed","title":"returns 403 FORBIDDEN when non-admin tries to change customer isActive","duration":141.92499999999995,"failureMessages":[],"meta":{}}],"startTime":1772729806569,"endTime":1772729807153.925,"status":"passed","message":"","name":"C:/Users/r.rose/repos/Plan/releases/work/tests/integration/server/customers.visibility.by-role.test.ts"},{"assertionResults":[{"ancestorTitles":["FT20 integration: appointments-seed tour/day constraints"],"fullName":"FT20 integration: appointments-seed tour/day constraints creates only rule-conform tour/day slots and keeps employee-tour binding","status":"failed","title":"creates only rule-conform tour/day slots and keeps employee-tour binding","duration":520.6806,"failureMessages":["Error: Unknown column 'customer_id' in 'field list'\n    at PromisePoolConnection.query (C:\\Users\\r.rose\\repos\\Plan\\releases\\work\\node_modules\\mysql2\\lib\\promise\\connection.js:29:22)\n    at MySql2PreparedQuery.execute (file:///C:/Users/r.rose/repos/Plan/releases/work/node_modules/drizzle-orm/mysql2/session.js:51:32)\n    at QueryPromise.execute (file:///C:/Users/r.rose/repos/Plan/releases/work/node_modules/drizzle-orm/mysql-core/query-builders/insert.js:114:27)\n    at QueryPromise.then (file:///C:/Users/r.rose/repos/Plan/releases/work/node_modules/drizzle-orm/query-promise.js:21:17)\n    at processTicksAndRejections (node:internal/process/task_queues:103:5)"],"meta":{}}],"startTime":1772729750092,"endTime":1772729750612.6807,"status":"failed","message":"","name":"C:/Users/r.rose/repos/Plan/releases/work/tests/integration/server/demoSeed.appointments.constraints.integration.test.ts"},{"assertionResults":[{"ancestorTitles":["FT21 integration: document extraction project conflict flow"],"fullName":"FT21 integration: document extraction project conflict flow creates customer and project when customerNumber does not exist","status":"passed","title":"creates customer and project when customerNumber does not exist","duration":162.23509999999987,"failureMessages":[],"meta":{}},{"ancestorTitles":["FT21 integration: document extraction project conflict flow"],"fullName":"FT21 integration: document extraction project conflict flow uses existing customer and only creates a new project when customerNumber already exists","status":"passed","title":"uses existing customer and only creates a new project when customerNumber already exists","duration":121.95810000000006,"failureMessages":[],"meta":{}},{"ancestorTitles":["FT21 integration: document extraction project conflict flow"],"fullName":"FT21 integration: document extraction project conflict flow resolves race conflict on customer create and still links project to existing customer","status":"passed","title":"resolves race conflict on customer create and still links project to existing customer","duration":130.19869999999992,"failureMessages":[],"meta":{}},{"ancestorTitles":["FT21 integration: document extraction project conflict flow"],"fullName":"FT21 integration: document extraction project conflict flow aborts deterministically when resolve endpoint reports multiple","status":"passed","title":"aborts deterministically when resolve endpoint reports multiple","duration":108.84480000000008,"failureMessages":[],"meta":{}}],"startTime":1772729808314,"endTime":1772729808836.8447,"status":"passed","message":"","name":"C:/Users/r.rose/repos/Plan/releases/work/tests/integration/server/documentExtraction.projectConflictFlow.integration.test.ts"},{"assertionResults":[{"ancestorTitles":["FT20 integration: document extraction routes"],"fullName":"FT20 integration: document extraction routes returns 400 for invalid extraction scope","status":"passed","title":"returns 400 for invalid extraction scope","duration":138.7666999999999,"failureMessages":[],"meta":{}},{"ancestorTitles":["FT20 integration: document extraction routes"],"fullName":"FT20 integration: document extraction routes returns 400 for non-pdf uploads","status":"passed","title":"returns 400 for non-pdf uploads","duration":97.27800000000002,"failureMessages":[],"meta":{}},{"ancestorTitles":["FT20 integration: document extraction routes"],"fullName":"FT20 integration: document extraction routes returns 413 when multipart parser reports payload too large","status":"passed","title":"returns 413 when multipart parser reports payload too large","duration":94.58739999999989,"failureMessages":[],"meta":{}},{"ancestorTitles":["FT20 integration: document extraction routes"],"fullName":"FT20 integration: document extraction routes returns 422 when extraction has no extractable text","status":"passed","title":"returns 422 when extraction has no extractable text","duration":97.5166999999999,"failureMessages":[],"meta":{}},{"ancestorTitles":["FT20 integration: document extraction routes"],"fullName":"FT20 integration: document extraction routes returns 422 for validator structure errors (ZodError)","status":"passed","title":"returns 422 for validator structure errors (ZodError)","duration":101.16259999999988,"failureMessages":[],"meta":{}},{"ancestorTitles":["FT20 integration: document extraction routes"],"fullName":"FT20 integration: document extraction routes returns 409 when order number was already imported","status":"passed","title":"returns 409 when order number was already imported","duration":94.63100000000009,"failureMessages":[],"meta":{}},{"ancestorTitles":["FT20 integration: document extraction routes"],"fullName":"FT20 integration: document extraction routes returns 500 on unexpected service errors","status":"passed","title":"returns 500 on unexpected service errors","duration":109.55119999999988,"failureMessages":[],"meta":{}},{"ancestorTitles":["FT20 integration: document extraction routes"],"fullName":"FT20 integration: document extraction routes returns normalized extraction on successful request","status":"passed","title":"returns normalized extraction on successful request","duration":97.30479999999989,"failureMessages":[],"meta":{}},{"ancestorTitles":["FT20 integration: document extraction routes"],"fullName":"FT20 integration: document extraction routes accepts customer_form scope for extract route","status":"passed","title":"accepts customer_form scope for extract route","duration":96.72519999999986,"failureMessages":[],"meta":{}},{"ancestorTitles":["FT20 integration: document extraction routes"],"fullName":"FT20 integration: document extraction routes returns duplicate=false/count=0 for missing customer number","status":"passed","title":"returns duplicate=false/count=0 for missing customer number","duration":92.6909999999998,"failureMessages":[],"meta":{}},{"ancestorTitles":["FT20 integration: document extraction routes"],"fullName":"FT20 integration: document extraction routes returns duplicate=true/count=1 for existing customer number","status":"passed","title":"returns duplicate=true/count=1 for existing customer number","duration":100.95409999999993,"failureMessages":[],"meta":{}},{"ancestorTitles":["FT20 integration: document extraction routes"],"fullName":"FT20 integration: document extraction routes returns none/single/multiple in resolve-customer-by-number","status":"passed","title":"returns none/single/multiple in resolve-customer-by-number","duration":105.9070999999999,"failureMessages":[],"meta":{}}],"startTime":1772729783419,"endTime":1772729784645.907,"status":"passed","message":"","name":"C:/Users/r.rose/repos/Plan/releases/work/tests/integration/server/documentExtraction.routes.test.ts"},{"assertionResults":[{"ancestorTitles":["FT05 integration: employee attachments"],"fullName":"FT05 integration: employee attachments uploads, lists and downloads employee attachment","status":"passed","title":"uploads, lists and downloads employee attachment","duration":174.76080000000002,"failureMessages":[],"meta":{}},{"ancestorTitles":["FT05 integration: employee attachments"],"fullName":"FT05 integration: employee attachments returns 400 for invalid employeeId in list and create routes","status":"passed","title":"returns 400 for invalid employeeId in list and create routes","duration":105.37959999999998,"failureMessages":[],"meta":{}},{"ancestorTitles":["FT05 integration: employee attachments"],"fullName":"FT05 integration: employee attachments returns 413 for oversized upload payload","status":"passed","title":"returns 413 for oversized upload payload","duration":113.2369000000001,"failureMessages":[],"meta":{}},{"ancestorTitles":["FT05 integration: employee attachments"],"fullName":"FT05 integration: employee attachments UC 05/06 Solltest: unknown employee upload should return 404","status":"passed","title":"UC 05/06 Solltest: unknown employee upload should return 404","duration":98.91210000000001,"failureMessages":[],"meta":{}},{"ancestorTitles":["FT05 integration: employee attachments"],"fullName":"FT05 integration: employee attachments UC 05/06 Solltest: reader role must be blocked for upload with 403","status":"passed","title":"UC 05/06 Solltest: reader role must be blocked for upload with 403","duration":157.7430999999999,"failureMessages":[],"meta":{}},{"ancestorTitles":["FT05 integration: employee attachments"],"fullName":"FT05 integration: employee attachments UC 05/06 Melder: DELETE requests on employee attachments must be blocked with 403 or 405","status":"passed","title":"UC 05/06 Melder: DELETE requests on employee attachments must be blocked with 403 or 405","duration":98.91499999999996,"failureMessages":[],"meta":{}}],"startTime":1772729794283,"endTime":1772729795032.915,"status":"passed","message":"","name":"C:/Users/r.rose/repos/Plan/releases/work/tests/integration/server/employees.attachments.ft05.integration.test.ts"},{"assertionResults":[{"ancestorTitles":["FT05 integration: employees current appointments"],"fullName":"FT05 integration: employees current appointments returns 200 and array payload for valid employee id","status":"failed","title":"returns 200 and array payload for valid employee id","duration":170.65629999999987,"failureMessages":["Error: Unknown column 'customer_id' in 'field list'\n    at PromisePoolConnection.query (C:\\Users\\r.rose\\repos\\Plan\\releases\\work\\node_modules\\mysql2\\lib\\promise\\connection.js:29:22)\n    at MySql2PreparedQuery.execute (file:///C:/Users/r.rose/repos/Plan/releases/work/node_modules/drizzle-orm/mysql2/session.js:51:32)\n    at QueryPromise.execute (file:///C:/Users/r.rose/repos/Plan/releases/work/node_modules/drizzle-orm/mysql-core/query-builders/insert.js:114:27)\n    at QueryPromise.then (file:///C:/Users/r.rose/repos/Plan/releases/work/node_modules/drizzle-orm/query-promise.js:21:17)\n    at processTicksAndRejections (node:internal/process/task_queues:103:5)"],"meta":{}},{"ancestorTitles":["FT05 integration: employees current appointments"],"fullName":"FT05 integration: employees current appointments returns 400 for non-numeric employee id","status":"passed","title":"returns 400 for non-numeric employee id","duration":110.83660000000009,"failureMessages":[],"meta":{}},{"ancestorTitles":["FT05 integration: employees current appointments"],"fullName":"FT05 integration: employees current appointments returns 400 for invalid fromDate format","status":"passed","title":"returns 400 for invalid fromDate format","duration":105.61279999999988,"failureMessages":[],"meta":{}},{"ancestorTitles":["FT05 integration: employees current appointments"],"fullName":"FT05 integration: employees current appointments documents non-admin behavior for inactive employee (IST)","status":"failed","title":"documents non-admin behavior for inactive employee (IST)","duration":176.0308,"failureMessages":["Error: Unknown column 'customer_id' in 'field list'\n    at PromisePoolConnection.query (C:\\Users\\r.rose\\repos\\Plan\\releases\\work\\node_modules\\mysql2\\lib\\promise\\connection.js:29:22)\n    at MySql2PreparedQuery.execute (file:///C:/Users/r.rose/repos/Plan/releases/work/node_modules/drizzle-orm/mysql2/session.js:51:32)\n    at QueryPromise.execute (file:///C:/Users/r.rose/repos/Plan/releases/work/node_modules/drizzle-orm/mysql-core/query-builders/insert.js:114:27)\n    at QueryPromise.then (file:///C:/Users/r.rose/repos/Plan/releases/work/node_modules/drizzle-orm/query-promise.js:21:17)\n    at processTicksAndRejections (node:internal/process/task_queues:103:5)"],"meta":{}},{"ancestorTitles":["FT05 integration: employees current appointments"],"fullName":"FT05 integration: employees current appointments documents behavior for non-existing employee id (IST)","status":"failed","title":"documents behavior for non-existing employee id (IST)","duration":113.13420000000019,"failureMessages":["Error: expected 200 \"OK\", got 500 \"Internal Server Error\"\n    at C:/Users/r.rose/repos/Plan/releases/work/tests/integration/server/employees.current-appointments.ft05.integration.test.ts:191:8\n    at processTicksAndRejections (node:internal/process/task_queues:103:5)\n    at file:///C:/Users/r.rose/repos/Plan/releases/work/node_modules/@vitest/runner/dist/index.js:915:20\n----\n    at Test._assertStatus (C:\\Users\\r.rose\\repos\\Plan\\releases\\work\\node_modules\\supertest\\lib\\test.js:309:14)\n    at C:\\Users\\r.rose\\repos\\Plan\\releases\\work\\node_modules\\supertest\\lib\\test.js:365:13\n    at Test._assertFunction (C:\\Users\\r.rose\\repos\\Plan\\releases\\work\\node_modules\\supertest\\lib\\test.js:342:13)\n    at Test.assert (C:\\Users\\r.rose\\repos\\Plan\\releases\\work\\node_modules\\supertest\\lib\\test.js:195:23)\n    at localAssert (C:\\Users\\r.rose\\repos\\Plan\\releases\\work\\node_modules\\supertest\\lib\\test.js:138:14)\n    at Server.<anonymous> (C:\\Users\\r.rose\\repos\\Plan\\releases\\work\\node_modules\\supertest\\lib\\test.js:152:11)\n    at Object.onceWrapper (node:events:622:28)\n    at Server.emit (node:events:508:28)\n    at emitCloseNT (node:net:2419:8)\n    at processTicksAndRejections (node:internal/process/task_queues:88:21)"],"meta":{}}],"startTime":1772729747088,"endTime":1772729747764.1343,"status":"failed","message":"","name":"C:/Users/r.rose/repos/Plan/releases/work/tests/integration/server/employees.current-appointments.ft05.integration.test.ts"},{"assertionResults":[{"ancestorTitles":["FT23 integration: employees csv import"],"fullName":"FT23 integration: employees csv import imports valid rows and reports duplicates","status":"passed","title":"imports valid rows and reports duplicates","duration":153.9887000000001,"failureMessages":[],"meta":{}},{"ancestorTitles":["FT23 integration: employees csv import"],"fullName":"FT23 integration: employees csv import blocks non-admin users","status":"passed","title":"blocks non-admin users","duration":127.87650000000008,"failureMessages":[],"meta":{}},{"ancestorTitles":["FT23 integration: employees csv import"],"fullName":"FT23 integration: employees csv import returns INVALID_CSV_HEADER for missing required headers","status":"passed","title":"returns INVALID_CSV_HEADER for missing required headers","duration":97.6286,"failureMessages":[],"meta":{}},{"ancestorTitles":["FT23 integration: employees csv import"],"fullName":"FT23 integration: employees csv import returns INVALID_CSV_CONTENT for empty csv","status":"passed","title":"returns INVALID_CSV_CONTENT for empty csv","duration":96.36090000000013,"failureMessages":[],"meta":{}}],"startTime":1772729809991,"endTime":1772729810467.3608,"status":"passed","message":"","name":"C:/Users/r.rose/repos/Plan/releases/work/tests/integration/server/employees.import-csv.uc23.integration.test.ts"},{"assertionResults":[{"ancestorTitles":["FT05 integration: employees lifecycle"],"fullName":"FT05 integration: employees lifecycle POST creates employee with version 1 and active default","status":"passed","title":"POST creates employee with version 1 and active default","duration":151.09850000000006,"failureMessages":[],"meta":{}},{"ancestorTitles":["FT05 integration: employees lifecycle"],"fullName":"FT05 integration: employees lifecycle GET list includes created employee and GET detail returns matching payload","status":"passed","title":"GET list includes created employee and GET detail returns matching payload","duration":121.32169999999996,"failureMessages":[],"meta":{}},{"ancestorTitles":["FT05 integration: employees lifecycle"],"fullName":"FT05 integration: employees lifecycle PUT with valid version succeeds and increments version exactly by 1","status":"passed","title":"PUT with valid version succeeds and increments version exactly by 1","duration":119.42650000000003,"failureMessages":[],"meta":{}},{"ancestorTitles":["FT05 integration: employees lifecycle"],"fullName":"FT05 integration: employees lifecycle PUT with stale version returns 409 VERSION_CONFLICT","status":"passed","title":"PUT with stale version returns 409 VERSION_CONFLICT","duration":116.69710000000009,"failureMessages":[],"meta":{}},{"ancestorTitles":["FT05 integration: employees lifecycle"],"fullName":"FT05 integration: employees lifecycle PATCH active true->false and false->true increments version by 1 each time","status":"passed","title":"PATCH active true->false and false->true increments version by 1 each time","duration":132.45910000000003,"failureMessages":[],"meta":{}},{"ancestorTitles":["FT05 integration: employees lifecycle"],"fullName":"FT05 integration: employees lifecycle PATCH active is idempotent for already inactive employee and still returns 200","status":"passed","title":"PATCH active is idempotent for already inactive employee and still returns 200","duration":119.82360000000017,"failureMessages":[],"meta":{}},{"ancestorTitles":["FT05 integration: employees lifecycle"],"fullName":"FT05 integration: employees lifecycle PATCH active is idempotent for already active employee and still returns 200","status":"passed","title":"PATCH active is idempotent for already active employee and still returns 200","duration":110.48440000000005,"failureMessages":[],"meta":{}},{"ancestorTitles":["FT05 integration: employees lifecycle"],"fullName":"FT05 integration: employees lifecycle optimistic locking multi-user: second client update with old version returns 409","status":"passed","title":"optimistic locking multi-user: second client update with old version returns 409","duration":143.12959999999975,"failureMessages":[],"meta":{}},{"ancestorTitles":["FT05 integration: employees lifecycle"],"fullName":"FT05 integration: employees lifecycle documents update with identical values: version still increments in IST","status":"passed","title":"documents update with identical values: version still increments in IST","duration":108.6590000000001,"failureMessages":[],"meta":{}},{"ancestorTitles":["FT05 integration: employees lifecycle"],"fullName":"FT05 integration: employees lifecycle admin scope filter returns only active or only inactive","status":"passed","title":"admin scope filter returns only active or only inactive","duration":118.62960000000021,"failureMessages":[],"meta":{}},{"ancestorTitles":["FT05 integration: employees lifecycle"],"fullName":"FT05 integration: employees lifecycle non-admin requesting inactive scope still gets effective active list","status":"passed","title":"non-admin requesting inactive scope still gets effective active list","duration":170.19190000000026,"failureMessages":[],"meta":{}},{"ancestorTitles":["FT05 integration: employees lifecycle"],"fullName":"FT05 integration: employees lifecycle non-admin gets 404 for inactive employee detail","status":"passed","title":"non-admin gets 404 for inactive employee detail","duration":159.04549999999972,"failureMessages":[],"meta":{}},{"ancestorTitles":["FT05 integration: employees lifecycle"],"fullName":"FT05 integration: employees lifecycle error matrix: PUT without version returns 422 VALIDATION_ERROR","status":"passed","title":"error matrix: PUT without version returns 422 VALIDATION_ERROR","duration":102.36450000000013,"failureMessages":[],"meta":{}},{"ancestorTitles":["FT05 integration: employees lifecycle"],"fullName":"FT05 integration: employees lifecycle error matrix: PUT with wrong version datatype returns 422 VALIDATION_ERROR","status":"passed","title":"error matrix: PUT with wrong version datatype returns 422 VALIDATION_ERROR","duration":104.63680000000022,"failureMessages":[],"meta":{}},{"ancestorTitles":["FT05 integration: employees lifecycle"],"fullName":"FT05 integration: employees lifecycle error matrix: PATCH /active without version returns 422 VALIDATION_ERROR","status":"passed","title":"error matrix: PATCH /active without version returns 422 VALIDATION_ERROR","duration":102.41859999999997,"failureMessages":[],"meta":{}},{"ancestorTitles":["FT05 integration: employees lifecycle"],"fullName":"FT05 integration: employees lifecycle error matrix: PUT/PATCH on non-existing employee id returns 404 NOT_FOUND","status":"passed","title":"error matrix: PUT/PATCH on non-existing employee id returns 404 NOT_FOUND","duration":100.55540000000019,"failureMessages":[],"meta":{}},{"ancestorTitles":["FT05 integration: employees lifecycle"],"fullName":"FT05 integration: employees lifecycle non-admin cannot change status via PATCH and via PUT","status":"passed","title":"non-admin cannot change status via PATCH and via PUT","duration":156.6853000000001,"failureMessages":[],"meta":{}},{"ancestorTitles":["FT05 integration: employees lifecycle"],"fullName":"FT05 integration: employees lifecycle reader cannot create employee via POST","status":"passed","title":"reader cannot create employee via POST","duration":124.83690000000024,"failureMessages":[],"meta":{}}],"startTime":1772729774213,"endTime":1772729776475.837,"status":"passed","message":"","name":"C:/Users/r.rose/repos/Plan/releases/work/tests/integration/server/employees.lifecycle.ft05.integration.test.ts"},{"assertionResults":[{"ancestorTitles":["FT05+ integration: employees visibility by role"],"fullName":"FT05+ integration: employees visibility by role keeps non-admin employee list on active scope even when inactive is requested","status":"passed","title":"keeps non-admin employee list on active scope even when inactive is requested","duration":177.2878999999998,"failureMessages":[],"meta":{}},{"ancestorTitles":["FT05+ integration: employees visibility by role"],"fullName":"FT05+ integration: employees visibility by role returns active or inactive employee list for admin based on scope","status":"passed","title":"returns active or inactive employee list for admin based on scope","duration":117.4876999999999,"failureMessages":[],"meta":{}},{"ancestorTitles":["FT05+ integration: employees visibility by role"],"fullName":"FT05+ integration: employees visibility by role returns 404 for non-admin employee detail when employee is inactive","status":"passed","title":"returns 404 for non-admin employee detail when employee is inactive","duration":137.69089999999983,"failureMessages":[],"meta":{}},{"ancestorTitles":["FT05+ integration: employees visibility by role"],"fullName":"FT05+ integration: employees visibility by role returns 403 FORBIDDEN when non-admin tries to toggle employee isActive","status":"passed","title":"returns 403 FORBIDDEN when non-admin tries to toggle employee isActive","duration":136.55860000000007,"failureMessages":[],"meta":{}}],"startTime":1772729803103,"endTime":1772729803671.5586,"status":"passed","message":"","name":"C:/Users/r.rose/repos/Plan/releases/work/tests/integration/server/employees.visibility.by-role.test.ts"},{"assertionResults":[{"ancestorTitles":["FT01 UC coverage integration"],"fullName":"FT01 UC coverage integration UC 01/01 happy+negative: create with project and block without project","status":"failed","title":"UC 01/01 happy+negative: create with project and block without project","duration":166.30330000000004,"failureMessages":["Error: expected 200 \"OK\", got 500 \"Internal Server Error\"\n    at C:/Users/r.rose/repos/Plan/releases/work/tests/integration/server/ft01.full-uc-coverage.integration.test.ts:79:104\n    at processTicksAndRejections (node:internal/process/task_queues:103:5)\n    at file:///C:/Users/r.rose/repos/Plan/releases/work/node_modules/@vitest/runner/dist/index.js:915:20\n----\n    at Test._assertStatus (C:\\Users\\r.rose\\repos\\Plan\\releases\\work\\node_modules\\supertest\\lib\\test.js:309:14)\n    at C:\\Users\\r.rose\\repos\\Plan\\releases\\work\\node_modules\\supertest\\lib\\test.js:365:13\n    at Test._assertFunction (C:\\Users\\r.rose\\repos\\Plan\\releases\\work\\node_modules\\supertest\\lib\\test.js:342:13)\n    at Test.assert (C:\\Users\\r.rose\\repos\\Plan\\releases\\work\\node_modules\\supertest\\lib\\test.js:195:23)\n    at localAssert (C:\\Users\\r.rose\\repos\\Plan\\releases\\work\\node_modules\\supertest\\lib\\test.js:138:14)\n    at Server.<anonymous> (C:\\Users\\r.rose\\repos\\Plan\\releases\\work\\node_modules\\supertest\\lib\\test.js:152:11)\n    at Object.onceWrapper (node:events:622:28)\n    at Server.emit (node:events:508:28)\n    at emitCloseNT (node:net:2419:8)\n    at processTicksAndRejections (node:internal/process/task_queues:88:21)"],"meta":{}},{"ancestorTitles":["FT01 UC coverage integration"],"fullName":"FT01 UC coverage integration UC 01/01 rule: startTime is only startTime and does not imply default duration","status":"failed","title":"UC 01/01 rule: startTime is only startTime and does not imply default duration","duration":130.04140000000007,"failureMessages":["Error: expected 201 \"Created\", got 500 \"Internal Server Error\"\n    at C:/Users/r.rose/repos/Plan/releases/work/tests/integration/server/ft01.full-uc-coverage.integration.test.ts:124:8\n    at processTicksAndRejections (node:internal/process/task_queues:103:5)\n    at file:///C:/Users/r.rose/repos/Plan/releases/work/node_modules/@vitest/runner/dist/index.js:915:20\n----\n    at Test._assertStatus (C:\\Users\\r.rose\\repos\\Plan\\releases\\work\\node_modules\\supertest\\lib\\test.js:309:14)\n    at C:\\Users\\r.rose\\repos\\Plan\\releases\\work\\node_modules\\supertest\\lib\\test.js:365:13\n    at Test._assertFunction (C:\\Users\\r.rose\\repos\\Plan\\releases\\work\\node_modules\\supertest\\lib\\test.js:342:13)\n    at Test.assert (C:\\Users\\r.rose\\repos\\Plan\\releases\\work\\node_modules\\supertest\\lib\\test.js:195:23)\n    at localAssert (C:\\Users\\r.rose\\repos\\Plan\\releases\\work\\node_modules\\supertest\\lib\\test.js:138:14)\n    at Server.<anonymous> (C:\\Users\\r.rose\\repos\\Plan\\releases\\work\\node_modules\\supertest\\lib\\test.js:152:11)\n    at Object.onceWrapper (node:events:622:28)\n    at Server.emit (node:events:508:28)\n    at emitCloseNT (node:net:2419:8)\n    at processTicksAndRejections (node:internal/process/task_queues:88:21)"],"meta":{}},{"ancestorTitles":["FT01 UC coverage integration"],"fullName":"FT01 UC coverage integration UC 01/02 happy+negative: update project/customer projection and overlap rollback","status":"failed","title":"UC 01/02 happy+negative: update project/customer projection and overlap rollback","duration":133.43809999999985,"failureMessages":["Error: Unknown column 'customer_id' in 'field list'\n    at PromisePoolConnection.query (C:\\Users\\r.rose\\repos\\Plan\\releases\\work\\node_modules\\mysql2\\lib\\promise\\connection.js:29:22)\n    at MySql2PreparedQuery.execute (file:///C:/Users/r.rose/repos/Plan/releases/work/node_modules/drizzle-orm/mysql2/session.js:51:32)\n    at QueryPromise.execute (file:///C:/Users/r.rose/repos/Plan/releases/work/node_modules/drizzle-orm/mysql-core/query-builders/insert.js:114:27)\n    at QueryPromise.then (file:///C:/Users/r.rose/repos/Plan/releases/work/node_modules/drizzle-orm/query-promise.js:21:17)\n    at processTicksAndRejections (node:internal/process/task_queues:103:5)"],"meta":{}},{"ancestorTitles":["FT01 UC coverage integration"],"fullName":"FT01 UC coverage integration UC 01/02 rule: overlap uses all-day category and timed start hour","status":"failed","title":"UC 01/02 rule: overlap uses all-day category and timed start hour","duration":134.86310000000003,"failureMessages":["Error: Unknown column 'customer_id' in 'field list'\n    at PromisePoolConnection.query (C:\\Users\\r.rose\\repos\\Plan\\releases\\work\\node_modules\\mysql2\\lib\\promise\\connection.js:29:22)\n    at MySql2PreparedQuery.execute (file:///C:/Users/r.rose/repos/Plan/releases/work/node_modules/drizzle-orm/mysql2/session.js:51:32)\n    at QueryPromise.execute (file:///C:/Users/r.rose/repos/Plan/releases/work/node_modules/drizzle-orm/mysql-core/query-builders/insert.js:114:27)\n    at QueryPromise.then (file:///C:/Users/r.rose/repos/Plan/releases/work/node_modules/drizzle-orm/query-promise.js:21:17)\n    at processTicksAndRejections (node:internal/process/task_queues:103:5)"],"meta":{}},{"ancestorTitles":["FT01 UC coverage integration"],"fullName":"FT01 UC coverage integration UC 01/03 happy+negative: move keeps time and blocks historical move","status":"failed","title":"UC 01/03 happy+negative: move keeps time and blocks historical move","duration":118.02060000000006,"failureMessages":["Error: Unknown column 'customer_id' in 'field list'\n    at PromisePoolConnection.query (C:\\Users\\r.rose\\repos\\Plan\\releases\\work\\node_modules\\mysql2\\lib\\promise\\connection.js:29:22)\n    at MySql2PreparedQuery.execute (file:///C:/Users/r.rose/repos/Plan/releases/work/node_modules/drizzle-orm/mysql2/session.js:51:32)\n    at QueryPromise.execute (file:///C:/Users/r.rose/repos/Plan/releases/work/node_modules/drizzle-orm/mysql-core/query-builders/insert.js:114:27)\n    at QueryPromise.then (file:///C:/Users/r.rose/repos/Plan/releases/work/node_modules/drizzle-orm/query-promise.js:21:17)\n    at processTicksAndRejections (node:internal/process/task_queues:103:5)"],"meta":{}},{"ancestorTitles":["FT01 UC coverage integration"],"fullName":"FT01 UC coverage integration UC 01/04 happy+negative: delete clears join and stale version keeps state","status":"failed","title":"UC 01/04 happy+negative: delete clears join and stale version keeps state","duration":137.9299000000001,"failureMessages":["Error: Unknown column 'customer_id' in 'field list'\n    at PromisePoolConnection.query (C:\\Users\\r.rose\\repos\\Plan\\releases\\work\\node_modules\\mysql2\\lib\\promise\\connection.js:29:22)\n    at MySql2PreparedQuery.execute (file:///C:/Users/r.rose/repos/Plan/releases/work/node_modules/drizzle-orm/mysql2/session.js:51:32)\n    at QueryPromise.execute (file:///C:/Users/r.rose/repos/Plan/releases/work/node_modules/drizzle-orm/mysql-core/query-builders/insert.js:114:27)\n    at QueryPromise.then (file:///C:/Users/r.rose/repos/Plan/releases/work/node_modules/drizzle-orm/query-promise.js:21:17)\n    at processTicksAndRejections (node:internal/process/task_queues:103:5)"],"meta":{}},{"ancestorTitles":["FT01 UC coverage integration"],"fullName":"FT01 UC coverage integration UC 01/05 + UC 01/06: tour assign/replace and remove keep join rules","status":"failed","title":"UC 01/05 + UC 01/06: tour assign/replace and remove keep join rules","duration":145.3368999999998,"failureMessages":["Error: Unknown column 'customer_id' in 'field list'\n    at PromisePoolConnection.query (C:\\Users\\r.rose\\repos\\Plan\\releases\\work\\node_modules\\mysql2\\lib\\promise\\connection.js:29:22)\n    at MySql2PreparedQuery.execute (file:///C:/Users/r.rose/repos/Plan/releases/work/node_modules/drizzle-orm/mysql2/session.js:51:32)\n    at QueryPromise.execute (file:///C:/Users/r.rose/repos/Plan/releases/work/node_modules/drizzle-orm/mysql-core/query-builders/insert.js:114:27)\n    at QueryPromise.then (file:///C:/Users/r.rose/repos/Plan/releases/work/node_modules/drizzle-orm/query-promise.js:21:17)\n    at processTicksAndRejections (node:internal/process/task_queues:103:5)"],"meta":{}},{"ancestorTitles":["FT01 UC coverage integration"],"fullName":"FT01 UC coverage integration UC 01/05 negative: tour assignment overlap does not partially persist","status":"failed","title":"UC 01/05 negative: tour assignment overlap does not partially persist","duration":148.89190000000008,"failureMessages":["Error: Unknown column 'customer_id' in 'field list'\n    at PromisePoolConnection.query (C:\\Users\\r.rose\\repos\\Plan\\releases\\work\\node_modules\\mysql2\\lib\\promise\\connection.js:29:22)\n    at MySql2PreparedQuery.execute (file:///C:/Users/r.rose/repos/Plan/releases/work/node_modules/drizzle-orm/mysql2/session.js:51:32)\n    at QueryPromise.execute (file:///C:/Users/r.rose/repos/Plan/releases/work/node_modules/drizzle-orm/mysql-core/query-builders/insert.js:114:27)\n    at QueryPromise.then (file:///C:/Users/r.rose/repos/Plan/releases/work/node_modules/drizzle-orm/query-promise.js:21:17)\n    at processTicksAndRejections (node:internal/process/task_queues:103:5)"],"meta":{}},{"ancestorTitles":["FT01 UC coverage integration"],"fullName":"FT01 UC coverage integration UC 01/07 + UC 01/08 + UC 01/09 + UC 01/16: team add, manual add, remove and no duplicates","status":"failed","title":"UC 01/07 + UC 01/08 + UC 01/09 + UC 01/16: team add, manual add, remove and no duplicates","duration":145.35939999999982,"failureMessages":["Error: Unknown column 'customer_id' in 'field list'\n    at PromisePoolConnection.query (C:\\Users\\r.rose\\repos\\Plan\\releases\\work\\node_modules\\mysql2\\lib\\promise\\connection.js:29:22)\n    at MySql2PreparedQuery.execute (file:///C:/Users/r.rose/repos/Plan/releases/work/node_modules/drizzle-orm/mysql2/session.js:51:32)\n    at QueryPromise.execute (file:///C:/Users/r.rose/repos/Plan/releases/work/node_modules/drizzle-orm/mysql-core/query-builders/insert.js:114:27)\n    at QueryPromise.then (file:///C:/Users/r.rose/repos/Plan/releases/work/node_modules/drizzle-orm/query-promise.js:21:17)\n    at processTicksAndRejections (node:internal/process/task_queues:103:5)"],"meta":{}},{"ancestorTitles":["FT01 UC coverage integration"],"fullName":"FT01 UC coverage integration UC 01/07 negative: team style assignment overlap is blocked atomically","status":"failed","title":"UC 01/07 negative: team style assignment overlap is blocked atomically","duration":125.36400000000003,"failureMessages":["Error: Unknown column 'customer_id' in 'field list'\n    at PromisePoolConnection.query (C:\\Users\\r.rose\\repos\\Plan\\releases\\work\\node_modules\\mysql2\\lib\\promise\\connection.js:29:22)\n    at MySql2PreparedQuery.execute (file:///C:/Users/r.rose/repos/Plan/releases/work/node_modules/drizzle-orm/mysql2/session.js:51:32)\n    at QueryPromise.execute (file:///C:/Users/r.rose/repos/Plan/releases/work/node_modules/drizzle-orm/mysql-core/query-builders/insert.js:114:27)\n    at QueryPromise.then (file:///C:/Users/r.rose/repos/Plan/releases/work/node_modules/drizzle-orm/query-promise.js:21:17)\n    at processTicksAndRejections (node:internal/process/task_queues:103:5)"],"meta":{}},{"ancestorTitles":["FT01 UC coverage integration"],"fullName":"FT01 UC coverage integration UC 01/10 happy+negative: cross-view consistency and blocked write keeps all views stable","status":"failed","title":"UC 01/10 happy+negative: cross-view consistency and blocked write keeps all views stable","duration":128.0717999999997,"failureMessages":["Error: Unknown column 'customer_id' in 'field list'\n    at PromisePoolConnection.query (C:\\Users\\r.rose\\repos\\Plan\\releases\\work\\node_modules\\mysql2\\lib\\promise\\connection.js:29:22)\n    at MySql2PreparedQuery.execute (file:///C:/Users/r.rose/repos/Plan/releases/work/node_modules/drizzle-orm/mysql2/session.js:51:32)\n    at QueryPromise.execute (file:///C:/Users/r.rose/repos/Plan/releases/work/node_modules/drizzle-orm/mysql-core/query-builders/insert.js:114:27)\n    at QueryPromise.then (file:///C:/Users/r.rose/repos/Plan/releases/work/node_modules/drizzle-orm/query-promise.js:21:17)\n    at processTicksAndRejections (node:internal/process/task_queues:103:5)"],"meta":{}},{"ancestorTitles":["FT01 UC coverage integration"],"fullName":"FT01 UC coverage integration UC 01/11 happy+negative: denormalized names refresh and stale version update does not leak","status":"failed","title":"UC 01/11 happy+negative: denormalized names refresh and stale version update does not leak","duration":115.2853,"failureMessages":["Error: Unknown column 'customer_id' in 'field list'\n    at PromisePoolConnection.query (C:\\Users\\r.rose\\repos\\Plan\\releases\\work\\node_modules\\mysql2\\lib\\promise\\connection.js:29:22)\n    at MySql2PreparedQuery.execute (file:///C:/Users/r.rose/repos/Plan/releases/work/node_modules/drizzle-orm/mysql2/session.js:51:32)\n    at QueryPromise.execute (file:///C:/Users/r.rose/repos/Plan/releases/work/node_modules/drizzle-orm/mysql-core/query-builders/insert.js:114:27)\n    at QueryPromise.then (file:///C:/Users/r.rose/repos/Plan/releases/work/node_modules/drizzle-orm/query-promise.js:21:17)\n    at processTicksAndRejections (node:internal/process/task_queues:103:5)"],"meta":{}},{"ancestorTitles":["FT01 UC coverage integration"],"fullName":"FT01 UC coverage integration UC 01/12 happy+negative: list filters and invalid date range","status":"failed","title":"UC 01/12 happy+negative: list filters and invalid date range","duration":121.77140000000009,"failureMessages":["Error: Unknown column 'customer_id' in 'field list'\n    at PromisePoolConnection.query (C:\\Users\\r.rose\\repos\\Plan\\releases\\work\\node_modules\\mysql2\\lib\\promise\\connection.js:29:22)\n    at MySql2PreparedQuery.execute (file:///C:/Users/r.rose/repos/Plan/releases/work/node_m
[...]
03","duration":137.3298000000002,"failureMessages":[],"meta":{}}],"startTime":1772729813255,"endTime":1772729813686.3298,"status":"passed","message":"","name":"C:/Users/r.rose/repos/Plan/releases/work/tests/integration/server/projects.attachments.integration.test.ts"},{"assertionResults":[{"ancestorTitles":["FT02 integration: project/customer FK constraint"],"fullName":"FT02 integration: project/customer FK constraint rejects project insert when customer_id does not exist","status":"passed","title":"rejects project insert when customer_id does not exist","duration":118.14620000000002,"failureMessages":[],"meta":{}}],"startTime":1772729821395,"endTime":1772729821513.1462,"status":"passed","message":"","name":"C:/Users/r.rose/repos/Plan/releases/work/tests/integration/server/projects.customer-fk.constraint.integration.test.ts"},{"assertionResults":[{"ancestorTitles":["FT02 integration: race condition project delete"],"fullName":"FT02 integration: race condition project delete UC 02/18: delete and concurrent appointment create keep referential integrity","status":"passed","title":"UC 02/18: delete and concurrent appointment create keep referential integrity","duration":193.67729999999983,"failureMessages":[],"meta":{}},{"ancestorTitles":["FT02 integration: race condition project delete"],"fullName":"FT02 integration: race condition project delete UC 02/18 explicit conflict expectation (may fail if implementation differs)","status":"failed","title":"UC 02/18 explicit conflict expectation (may fail if implementation differs)","duration":109.55739999999992,"failureMessages":["Error: expected 201 \"Created\", got 500 \"Internal Server Error\"\n    at C:/Users/r.rose/repos/Plan/releases/work/tests/integration/server/projects.delete.race-condition.integration.test.ts:140:8\n    at processTicksAndRejections (node:internal/process/task_queues:103:5)\n    at file:///C:/Users/r.rose/repos/Plan/releases/work/node_modules/@vitest/runner/dist/index.js:915:20\n----\n    at Test._assertStatus (C:\\Users\\r.rose\\repos\\Plan\\releases\\work\\node_modules\\supertest\\lib\\test.js:309:14)\n    at C:\\Users\\r.rose\\repos\\Plan\\releases\\work\\node_modules\\supertest\\lib\\test.js:365:13\n    at Test._assertFunction (C:\\Users\\r.rose\\repos\\Plan\\releases\\work\\node_modules\\supertest\\lib\\test.js:342:13)\n    at Test.assert (C:\\Users\\r.rose\\repos\\Plan\\releases\\work\\node_modules\\supertest\\lib\\test.js:195:23)\n    at localAssert (C:\\Users\\r.rose\\repos\\Plan\\releases\\work\\node_modules\\supertest\\lib\\test.js:138:14)\n    at Server.<anonymous> (C:\\Users\\r.rose\\repos\\Plan\\releases\\work\\node_modules\\supertest\\lib\\test.js:152:11)\n    at Object.onceWrapper (node:events:622:28)\n    at Server.emit (node:events:508:28)\n    at emitCloseNT (node:net:2419:8)\n    at processTicksAndRejections (node:internal/process/task_queues:88:21)"],"meta":{}}],"startTime":1772729759714,"endTime":1772729760017.5574,"status":"failed","message":"","name":"C:/Users/r.rose/repos/Plan/releases/work/tests/integration/server/projects.delete.race-condition.integration.test.ts"},{"assertionResults":[{"ancestorTitles":["FT02 integration: project delete rules"],"fullName":"FT02 integration: project delete rules returns 204 when deleting project without appointments","status":"passed","title":"returns 204 when deleting project without appointments","duration":150.99389999999994,"failureMessages":[],"meta":{}},{"ancestorTitles":["FT02 integration: project delete rules"],"fullName":"FT02 integration: project delete rules returns 409 BUSINESS_CONFLICT when project has at least one appointment","status":"failed","title":"returns 409 BUSINESS_CONFLICT when project has at least one appointment","duration":111.20280000000002,"failureMessages":["Error: Unknown column 'customer_id' in 'field list'\n    at PromisePoolConnection.query (C:\\Users\\r.rose\\repos\\Plan\\releases\\work\\node_modules\\mysql2\\lib\\promise\\connection.js:29:22)\n    at MySql2PreparedQuery.execute (file:///C:/Users/r.rose/repos/Plan/releases/work/node_modules/drizzle-orm/mysql2/session.js:51:32)\n    at QueryPromise.execute (file:///C:/Users/r.rose/repos/Plan/releases/work/node_modules/drizzle-orm/mysql-core/query-builders/insert.js:114:27)\n    at QueryPromise.then (file:///C:/Users/r.rose/repos/Plan/releases/work/node_modules/drizzle-orm/query-promise.js:21:17)\n    at processTicksAndRejections (node:internal/process/task_queues:103:5)"],"meta":{}},{"ancestorTitles":["FT02 integration: project delete rules"],"fullName":"FT02 integration: project delete rules returns 409 VERSION_CONFLICT when deleting with stale version","status":"passed","title":"returns 409 VERSION_CONFLICT when deleting with stale version","duration":111.79150000000004,"failureMessages":[],"meta":{}},{"ancestorTitles":["FT02 integration: project delete rules"],"fullName":"FT02 integration: project delete rules returns 404 NOT_FOUND for unknown project","status":"passed","title":"returns 404 NOT_FOUND for unknown project","duration":104.60919999999987,"failureMessages":[],"meta":{}}],"startTime":1772729751757,"endTime":1772729752236.6091,"status":"failed","message":"","name":"C:/Users/r.rose/repos/Plan/releases/work/tests/integration/server/projects.delete.rules.test.ts"},{"assertionResults":[{"ancestorTitles":["FT02 integration: project detail aggregate contract"],"fullName":"FT02 integration: project detail aggregate contract UC 02/03 requirement: detail response contains full aggregate sections","status":"failed","title":"UC 02/03 requirement: detail response contains full aggregate sections","duration":155.92870000000016,"failureMessages":["Error: Unknown column 'customer_id' in 'field list'\n    at PromisePoolConnection.query (C:\\Users\\r.rose\\repos\\Plan\\releases\\work\\node_modules\\mysql2\\lib\\promise\\connection.js:29:22)\n    at MySql2PreparedQuery.execute (file:///C:/Users/r.rose/repos/Plan/releases/work/node_modules/drizzle-orm/mysql2/session.js:51:32)\n    at QueryPromise.execute (file:///C:/Users/r.rose/repos/Plan/releases/work/node_modules/drizzle-orm/mysql-core/query-builders/insert.js:114:27)\n    at QueryPromise.then (file:///C:/Users/r.rose/repos/Plan/releases/work/node_modules/drizzle-orm/query-promise.js:21:17)\n    at processTicksAndRejections (node:internal/process/task_queues:103:5)"],"meta":{}}],"startTime":1772729765321,"endTime":1772729765476.9287,"status":"failed","message":"","name":"C:/Users/r.rose/repos/Plan/releases/work/tests/integration/server/projects.detail.aggregate-contract.integration.test.ts"},{"assertionResults":[{"ancestorTitles":["FT02 integration: projects scope and mengenlogik"],"fullName":"FT02 integration: projects scope and mengenlogik UC 02/07 + UC 02/17: keeps upcoming and noAppointments disjoint","status":"failed","title":"UC 02/07 + UC 02/17: keeps upcoming and noAppointments disjoint","duration":165.18060000000014,"failureMessages":["Error: Unknown column 'customer_id' in 'field list'\n    at PromisePoolConnection.query (C:\\Users\\r.rose\\repos\\Plan\\releases\\work\\node_modules\\mysql2\\lib\\promise\\connection.js:29:22)\n    at MySql2PreparedQuery.execute (file:///C:/Users/r.rose/repos/Plan/releases/work/node_modules/drizzle-orm/mysql2/session.js:51:32)\n    at QueryPromise.execute (file:///C:/Users/r.rose/repos/Plan/releases/work/node_modules/drizzle-orm/mysql-core/query-builders/insert.js:114:27)\n    at QueryPromise.then (file:///C:/Users/r.rose/repos/Plan/releases/work/node_modules/drizzle-orm/query-promise.js:21:17)\n    at processTicksAndRejections (node:internal/process/task_queues:103:5)"],"meta":{}},{"ancestorTitles":["FT02 integration: projects scope and mengenlogik"],"fullName":"FT02 integration: projects scope and mengenlogik UC 02/17: status filter stays inside selected ground set","status":"failed","title":"UC 02/17: status filter stays inside selected ground set","duration":114.19690000000014,"failureMessages":["Error: Unknown column 'customer_id' in 'field list'\n    at PromisePoolConnection.query (C:\\Users\\r.rose\\repos\\Plan\\releases\\work\\node_modules\\mysql2\\lib\\promise\\connection.js:29:22)\n    at MySql2PreparedQuery.execute (file:///C:/Users/r.rose/repos/Plan/releases/work/node_modules/drizzle-orm/mysql2/session.js:51:32)\n    at QueryPromise.execute (file:///C:/Users/r.rose/repos/Plan/releases/work/node_modules/drizzle-orm/mysql-core/query-builders/insert.js:114:27)\n    at QueryPromise.then (file:///C:/Users/r.rose/repos/Plan/releases/work/node_modules/drizzle-orm/query-promise.js:21:17)\n    at processTicksAndRejections (node:internal/process/task_queues:103:5)"],"meta":{}}],"startTime":1772729761160,"endTime":1772729761439.197,"status":"failed","message":"","name":"C:/Users/r.rose/repos/Plan/releases/work/tests/integration/server/projects.scope.mengenlogik.integration.test.ts"},{"assertionResults":[{"ancestorTitles":["FT15 integration: project status lifecycle"],"fullName":"FT15 integration: project status lifecycle returns 422 when updating without version","status":"passed","title":"returns 422 when updating without version","duration":157.5447999999999,"failureMessages":[],"meta":{}},{"ancestorTitles":["FT15 integration: project status lifecycle"],"fullName":"FT15 integration: project status lifecycle returns 409 VERSION_CONFLICT on stale update version","status":"passed","title":"returns 409 VERSION_CONFLICT on stale update version","duration":112.86340000000018,"failureMessages":[],"meta":{}},{"ancestorTitles":["FT15 integration: project status lifecycle"],"fullName":"FT15 integration: project status lifecycle toggles active state successfully with version","status":"passed","title":"toggles active state successfully with version","duration":112.73920000000021,"failureMessages":[],"meta":{}},{"ancestorTitles":["FT15 integration: project status lifecycle"],"fullName":"FT15 integration: project status lifecycle blocks delete when status is in use","status":"passed","title":"blocks delete when status is in use","duration":124.9061999999999,"failureMessages":[],"meta":{}},{"ancestorTitles":["FT15 integration: project status lifecycle"],"fullName":"FT15 integration: project status lifecycle blocks delete when status is default","status":"passed","title":"blocks delete when status is default","duration":120.93000000000006,"failureMessages":[],"meta":{}}],"startTime":1772729799640,"endTime":1772729800268.93,"status":"passed","message":"","name":"C:/Users/r.rose/repos/Plan/releases/work/tests/integration/server/projectStatus.lifecycle.test.ts"},{"assertionResults":[{"ancestorTitles":["FT15 integration: project status relations"],"fullName":"FT15 integration: project status relations blocks add relation for inactive status","status":"passed","title":"blocks add relation for inactive status","duration":167.29849999999988,"failureMessages":[],"meta":{}},{"ancestorTitles":["FT15 integration: project status relations"],"fullName":"FT15 integration: project status relations adds relation with expectedVersion=0 and blocks second add with VERSION_CONFLICT","status":"passed","title":"adds relation with expectedVersion=0 and blocks second add with VERSION_CONFLICT","duration":130.46550000000002,"failureMessages":[],"meta":{}},{"ancestorTitles":["FT15 integration: project status relations"],"fullName":"FT15 integration: project status relations removes existing relation with matching version and blocks stale version","status":"passed","title":"removes existing relation with matching version and blocks stale version","duration":142.02330000000006,"failureMessages":[],"meta":{}},{"ancestorTitles":["FT15 integration: project status relations"],"fullName":"FT15 integration: project status relations returns NOT_FOUND when removing non-existing relation","status":"passed","title":"returns NOT_FOUND when removing non-existing relation","duration":123.11790000000019,"failureMessages":[],"meta":{}}],"startTime":1772729797947,"endTime":1772729798510.118,"status":"passed","message":"","name":"C:/Users/r.rose/repos/Plan/releases/work/tests/integration/server/projectStatus.relations.test.ts"},{"assertionResults":[{"ancestorTitles":["FT15 integration: project status visibility by role"],"fullName":"FT15 integration: project status visibility by role keeps non-admin project-status list on active scope even when all/inactive is requested","status":"passed","title":"keeps non-admin project-status list on active scope even when all/inactive is requested","duration":196.70540000000005,"failureMessages":[],"meta":{}},{"ancestorTitles":["FT15 integration: project status visibility by role"],"fullName":"FT15 integration: project status visibility by role allows READER to read active project-status list","status":"passed","title":"allows READER to read active project-status list","duration":154.55770000000007,"failureMessages":[],"meta":{}},{"ancestorTitles":["FT15 integration: project status visibility by role"],"fullName":"FT15 integration: project status visibility by role allows DISPONENT to add and remove project-status relation","status":"passed","title":"allows DISPONENT to add and remove project-status relation","duration":166.5105000000001,"failureMessages":[],"meta":{}},{"ancestorTitles":["FT15 integration: project status visibility by role"],"fullName":"FT15 integration: project status visibility by role returns 403 FORBIDDEN when READER tries to add/remove project-status relation","status":"passed","title":"returns 403 FORBIDDEN when READER tries to add/remove project-status relation","duration":163.50019999999995,"failureMessages":[],"meta":{}},{"ancestorTitles":["FT15 integration: project status visibility by role"],"fullName":"FT15 integration: project status visibility by role allows non-admin readonly relation list","status":"passed","title":"allows non-admin readonly relation list","duration":185.5782999999999,"failureMessages":[],"meta":{}}],"startTime":1772729790234,"endTime":1772729791101.5784,"status":"passed","message":"","name":"C:/Users/r.rose/repos/Plan/releases/work/tests/integration/server/projectStatus.visibility.by-role.test.ts"},{"assertionResults":[{"ancestorTitles":["FT06/FT07 integration: team/tour versioning contracts"],"fullName":"FT06/FT07 integration: team/tour versioning contracts returns VERSION_CONFLICT for stale team update/delete","status":"passed","title":"returns VERSION_CONFLICT for stale team update/delete","duration":111.207,"failureMessages":[],"meta":{}},{"ancestorTitles":["FT06/FT07 integration: team/tour versioning contracts"],"fullName":"FT06/FT07 integration: team/tour versioning contracts returns VALIDATION_ERROR for invalid team versions","status":"passed","title":"returns VALIDATION_ERROR for invalid team versions","duration":78.75649999999996,"failureMessages":[],"meta":{}},{"ancestorTitles":["FT06/FT07 integration: team/tour versioning contracts"],"fullName":"FT06/FT07 integration: team/tour versioning contracts returns VERSION_CONFLICT for stale tour update/delete","status":"passed","title":"returns VERSION_CONFLICT for stale tour update/delete","duration":79.4985999999999,"failureMessages":[],"meta":{}},{"ancestorTitles":["FT06/FT07 integration: team/tour versioning contracts"],"fullName":"FT06/FT07 integration: team/tour versioning contracts returns VALIDATION_ERROR for invalid tour versions","status":"passed","title":"returns VALIDATION_ERROR for invalid tour versions","duration":88.94830000000002,"failureMessages":[],"meta":{}}],"startTime":1772729817996,"endTime":1772729818354.9482,"status":"passed","message":"","name":"C:/Users/r.rose/repos/Plan/releases/work/tests/integration/server/teamsTours.versioning.test.ts"},{"assertionResults":[{"ancestorTitles":["FT04 integration: tours current appointments"],"fullName":"FT04 integration: tours current appointments returns 200 and array payload for valid tour id","status":"failed","title":"returns 200 and array payload for valid tour id","duration":153.19319999999993,"failureMessages":["Error: Unknown column 'customer_id' in 'field list'\n    at PromisePoolConnection.query (C:\\Users\\r.rose\\repos\\Plan\\releases\\work\\node_modules\\mysql2\\lib\\promise\\connection.js:29:22)\n    at MySql2PreparedQuery.execute (file:///C:/Users/r.rose/repos/Plan/releases/work/node_modules/drizzle-orm/mysql2/session.js:51:32)\n    at QueryPromise.execute (file:///C:/Users/r.rose/repos/Plan/releases/work/node_modules/drizzle-orm/mysql-core/query-builders/insert.js:114:27)\n    at QueryPromise.then (file:///C:/Users/r.rose/repos/Plan/releases/work/node_modules/drizzle-orm/query-promise.js:21:17)\n    at processTicksAndRejections (node:internal/process/task_queues:103:5)"],"meta":{}},{"ancestorTitles":["FT04 integration: tours current appointments"],"fullName":"FT04 integration: tours current appointments returns 400 for non-numeric tour id","status":"passed","title":"returns 400 for non-numeric tour id","duration":107.0199,"failureMessages":[],"meta":{}},{"ancestorTitles":["FT04 integration: tours current appointments"],"fullName":"FT04 integration: tours current appointments returns 400 for invalid fromDate format","status":"passed","title":"returns 400 for invalid fromDate format","duration":104.75080000000003,"failureMessages":[],"meta":{}},{"ancestorTitles":["FT04 integration: tours current appointments"],"fullName":"FT04 integration: tours current appointments returns 200 with empty array for non-existing tour id","status":"failed","title":"returns 200 with empty array for non-existing tour id","duration":98.53399999999988,"failureMessages":["Error: expected 200 \"OK\", got 500 \"Internal Server Error\"\n    at C:/Users/r.rose/repos/Plan/releases/work/tests/integration/server/tours.current-appointments.ft04.integration.test.ts:129:8\n    at processTicksAndRejections (node:internal/process/task_queues:103:5)\n    at file:///C:/Users/r.rose/repos/Plan/releases/work/node_modules/@vitest/runner/dist/index.js:915:20\n----\n    at Test._assertStatus (C:\\Users\\r.rose\\repos\\Plan\\releases\\work\\node_modules\\supertest\\lib\\test.js:309:14)\n    at C:\\Users\\r.rose\\repos\\Plan\\releases\\work\\node_modules\\supertest\\lib\\test.js:365:13\n    at Test._assertFunction (C:\\Users\\r.rose\\repos\\Plan\\releases\\work\\node_modules\\supertest\\lib\\test.js:342:13)\n    at Test.assert (C:\\Users\\r.rose\\repos\\Plan\\releases\\work\\node_modules\\supertest\\lib\\test.js:195:23)\n    at localAssert (C:\\Users\\r.rose\\repos\\Plan\\releases\\work\\node_modules\\supertest\\lib\\test.js:138:14)\n    at Server.<anonymous> (C:\\Users\\r.rose\\repos\\Plan\\releases\\work\\node_modules\\supertest\\lib\\test.js:152:11)\n    at Object.onceWrapper (node:events:622:28)\n    at Server.emit (node:events:508:28)\n    at emitCloseNT (node:net:2419:8)\n    at processTicksAndRejections (node:internal/process/task_queues:88:21)"],"meta":{}}],"startTime":1772729753384,"endTime":1772729753847.534,"status":"failed","message":"","name":"C:/Users/r.rose/repos/Plan/releases/work/tests/integration/server/tours.current-appointments.ft04.integration.test.ts"},{"assertionResults":[{"ancestorTitles":["FT03 integration: week lane settings persistence"],"fullName":"FT03 integration: week lane settings persistence persists lane settings user-specifically and keeps values across reload","status":"passed","title":"persists lane settings user-specifically and keeps values across reload","duration":253.26639999999998,"failureMessages":[],"meta":{}},{"ancestorTitles":["FT03 integration: week lane settings persistence"],"fullName":"FT03 integration: week lane settings persistence supports correction flow from invalid to valid expandedLaneId","status":"passed","title":"supports correction flow from invalid to valid expandedLaneId","duration":160.3282999999999,"failureMessages":[],"meta":{}}],"startTime":1772729817184,"endTime":1772729817597.3284,"status":"passed","message":"","name":"C:/Users/r.rose/repos/Plan/releases/work/tests/integration/server/userSettings.weekLaneCollapse.persistence.test.ts"}]}