{"numTotalTestSuites":383,"numPassedTestSuites":375,"numFailedTestSuites":8,"numPendingTestSuites":0,"numTotalTests":698,"numPassedTests":691,"numFailedTests":7,"numPendingTests":0,"numTodoTests":0,"snapshot":{"added":0,"failure":false,"filesAdded":0,"filesRemoved":0,"filesRemovedList":[],"filesUnmatched":0,"filesUpdated":0,"matched":0,"total":0,"unchecked":0,"uncheckedKeysByFile":[],"unmatched":0,"updated":0,"didUpdate":false},"startTime":1773568008666,"success":false,"testResults":[{"assertionResults":[{"ancestorTitles":["authService.login identifier"],"fullName":"authService.login identifier authenticates by email identifier","status":"passed","title":"authenticates by email identifier","duration":2.865700000000004,"failureMessages":[],"meta":{}}],"startTime":1773568050030,"endTime":1773568050032.8657,"status":"passed","message":"","name":"C:/Users/schro/source/repos/Plan/Releases/version01/tests/unit/auth/loginIdentifier.test.ts"},{"assertionResults":[{"ancestorTitles":["passwordHash"],"fullName":"passwordHash hashes and verifies a password","status":"passed","title":"hashes and verifies a password","duration":98.88400000000001,"failureMessages":[],"meta":{}}],"startTime":1773568013611,"endTime":1773568013709.884,"status":"passed","message":"","name":"C:/Users/schro/source/repos/Plan/Releases/version01/tests/unit/auth/passwordHash.test.ts"},{"assertionResults":[{"ancestorTitles":["authService quick login"],"fullName":"authService quick login returns quick-login targets with role availability","status":"passed","title":"returns quick-login targets with role availability","duration":2.1007999999999925,"failureMessages":[],"meta":{}},{"ancestorTitles":["authService quick login"],"fullName":"authService quick login logs in with the first active user of the requested role","status":"passed","title":"logs in with the first active user of the requested role","duration":1.1003999999999792,"failureMessages":[],"meta":{}},{"ancestorTitles":["authService quick login"],"fullName":"authService quick login throws QUICK_LOGIN_DISABLED when feature flag is off","status":"passed","title":"throws QUICK_LOGIN_DISABLED when feature flag is off","duration":1.2565000000000168,"failureMessages":[],"meta":{}},{"ancestorTitles":["authService quick login"],"fullName":"authService quick login throws USER_NOT_FOUND_FOR_ROLE when role has no active user","status":"passed","title":"throws USER_NOT_FOUND_FOR_ROLE when role has no active user","duration":0.3725000000000023,"failureMessages":[],"meta":{}},{"ancestorTitles":["authService quick login"],"fullName":"authService quick login throws TWO_FACTOR_REQUIRED when global 2FA is active","status":"passed","title":"throws TWO_FACTOR_REQUIRED when global 2FA is active","duration":0.3125,"failureMessages":[],"meta":{}}],"startTime":1773568037800,"endTime":1773568037805.3125,"status":"passed","message":"","name":"C:/Users/schro/source/repos/Plan/Releases/version01/tests/unit/auth/quickLogin.test.ts"},{"assertionResults":[{"ancestorTitles":["authService two-factor flow"],"fullName":"authService two-factor flow returns setup status when global 2FA is on and user has no secret","status":"passed","title":"returns setup status when global 2FA is on and user has no secret","duration":3.143400000000014,"failureMessages":[],"meta":{}},{"ancestorTitles":["authService two-factor flow"],"fullName":"authService two-factor flow stores encrypted secret after successful setup verification","status":"passed","title":"stores encrypted secret after successful setup verification","duration":1.1377000000000237,"failureMessages":[],"meta":{}},{"ancestorTitles":["authService two-factor flow"],"fullName":"authService two-factor flow rejects verify when challenge is missing","status":"passed","title":"rejects verify when challenge is missing","duration":0.8415999999999997,"failureMessages":[],"meta":{}}],"startTime":1773568042822,"endTime":1773568042826.8416,"status":"passed","message":"","name":"C:/Users/schro/source/repos/Plan/Releases/version01/tests/unit/auth/twoFactorFlow.test.ts"},{"assertionResults":[{"ancestorTitles":["PKG-15 Authorization: projectStatusService"],"fullName":"PKG-15 Authorization: projectStatusService rejects non-admin list access with FORBIDDEN","status":"passed","title":"rejects non-admin list access with FORBIDDEN","duration":2.724700000000013,"failureMessages":[],"meta":{}},{"ancestorTitles":["PKG-15 Authorization: projectStatusService"],"fullName":"PKG-15 Authorization: projectStatusService allows ADMIN to read the requested project-status scope","status":"passed","title":"allows ADMIN to read the requested project-status scope","duration":1.4215999999999838,"failureMessages":[],"meta":{}},{"ancestorTitles":["PKG-15 Authorization: projectStatusService"],"fullName":"PKG-15 Authorization: projectStatusService rejects create for DISPONENT with FORBIDDEN","status":"passed","title":"rejects create for DISPONENT with FORBIDDEN","duration":0.44360000000000355,"failureMessages":[],"meta":{}}],"startTime":1773568043278,"endTime":1773568043283.4436,"status":"passed","message":"","name":"C:/Users/schro/source/repos/Plan/Releases/version01/tests/unit/authorization/projectStatusAuthorization.test.ts"},{"assertionResults":[{"ancestorTitles":["PKG-03 Authorization & Roles: usersService"],"fullName":"PKG-03 Authorization & Roles: usersService rejects listUsers for non-admin context with 403","status":"passed","title":"rejects listUsers for non-admin context with 403","duration":2.471900000000005,"failureMessages":[],"meta":{}},{"ancestorTitles":["PKG-03 Authorization & Roles: usersService"],"fullName":"PKG-03 Authorization & Roles: usersService rejects changeUserRole for non-admin context with 403","status":"passed","title":"rejects changeUserRole for non-admin context with 403","duration":0.5305999999999926,"failureMessages":[],"meta":{}},{"ancestorTitles":["PKG-03 Authorization & Roles: usersService"],"fullName":"PKG-03 Authorization & Roles: usersService prevents self-demotion of last admin with BUSINESS_CONFLICT","status":"passed","title":"prevents self-demotion of last admin with BUSINESS_CONFLICT","duration":0.790600000000012,"failureMessages":[],"meta":{}},{"ancestorTitles":["PKG-03 Authorization & Roles: usersService"],"fullName":"PKG-03 Authorization & Roles: usersService prevents demotion when no other active admin remains","status":"passed","title":"prevents demotion when no other active admin remains","duration":0.37599999999997635,"failureMessages":[],"meta":{}},{"ancestorTitles":["PKG-03 Authorization & Roles: resolveUserRole middleware"],"fullName":"PKG-03 Authorization & Roles: resolveUserRole middleware maps roleCode to canonical roleKey and sets req.userContext","status":"passed","title":"maps roleCode to canonical roleKey and sets req.userContext","duration":0.9879999999999995,"failureMessages":[],"meta":{}},{"ancestorTitles":["PKG-03 Authorization & Roles: resolveUserRole middleware"],"fullName":"PKG-03 Authorization & Roles: resolveUserRole middleware fails deterministically when request userId is missing","status":"passed","title":"fails deterministically when request userId is missing","duration":0.4387000000000114,"failureMessages":[],"meta":{}}],"startTime":1773568038033,"endTime":1773568038038.4387,"status":"passed","message":"","name":"C:/Users/schro/source/repos/Plan/Releases/version01/tests/unit/authorization/roleGuards.test.ts"},{"assertionResults":[{"ancestorTitles":["usersService.createUser"],"fullName":"usersService.createUser rejects non-admin context","status":"passed","title":"rejects non-admin context","duration":2.552099999999996,"failureMessages":[],"meta":{}},{"ancestorTitles":["usersService.createUser"],"fullName":"usersService.createUser validates password length","status":"passed","title":"validates password length","duration":0.30760000000000787,"failureMessages":[],"meta":{}},{"ancestorTitles":["usersService.createUser"],"fullName":"usersService.createUser creates user and returns refreshed list","status":"passed","title":"creates user and returns refreshed list","duration":1.6425000000000125,"failureMessages":[],"meta":{}},{"ancestorTitles":["usersService.createUser"],"fullName":"usersService.createUser maps duplicate repository error to BUSINESS_CONFLICT","status":"passed","title":"maps duplicate repository error to BUSINESS_CONFLICT","duration":0.5442999999999927,"failureMessages":[],"meta":{}}],"startTime":1773568039389,"endTime":1773568039394.5442,"status":"passed","message":"","name":"C:/Users/schro/source/repos/Plan/Releases/version01/tests/unit/authorization/userCreate.test.ts"},{"assertionResults":[{"ancestorTitles":["FT07 unit: runtime env loading"],"fullName":"FT07 unit: runtime env loading loads development env exactly from ../../shared/.env.dev","status":"passed","title":"loads development env exactly from ../../shared/.env.dev","duration":5.613799999999998,"failureMessages":[],"meta":{}},{"ancestorTitles":["FT07 unit: runtime env loading"],"fullName":"FT07 unit: runtime env loading loads test env exactly from ../../shared/.env.test","status":"passed","title":"loads test env exactly from ../../shared/.env.test","duration":3.374300000000005,"failureMessages":[],"meta":{}},{"ancestorTitles":["FT07 unit: runtime env loading"],"fullName":"FT07 unit: runtime env loading accepts changed .env.test allowlist database names without code changes","status":"passed","title":"accepts changed .env.test allowlist database names without code changes","duration":3.6526000000000067,"failureMessages":[],"meta":{}},{"ancestorTitles":["FT07 unit: runtime env loading"],"fullName":"FT07 unit: runtime env loading fails fast with cwd and expected path for missing development env file","status":"passed","title":"fails fast with cwd and expected path for missing development env file","duration":3.29140000000001,"failureMessages":[],"meta":{}},{"ancestorTitles":["FT07 unit: runtime env loading"],"fullName":"FT07 unit: runtime env loading fails fast with cwd and expected path for missing test env file","status":"passed","title":"fails fast with cwd and expected path for missing test env file","duration":2.547699999999992,"failureMessages":[],"meta":{}},{"ancestorTitles":["FT07 unit: runtime env loading"],"fullName":"FT07 unit: runtime env loading does not load file in production and uses process env","status":"passed","title":"does not load file in production and uses process env","duration":2.5897999999999968,"failureMessages":[],"meta":{}}],"startTime":1773568016030,"endTime":1773568016051.5898,"status":"passed","message":"","name":"C:/Users/schro/source/repos/Plan/Releases/version01/tests/unit/config/runtimeEnv.test.ts"},{"assertionResults":[{"ancestorTitles":["FT07 unit: storage paths resolution"],"fullName":"FT07 unit: storage paths resolution resolves relative paths in development against process.cwd()","status":"passed","title":"resolves relative paths in development against process.cwd()","duration":5.789900000000017,"failureMessages":[],"meta":{}},{"ancestorTitles":["FT07 unit: storage paths resolution"],"fullName":"FT07 unit: storage paths resolution resolves relative paths in test and production against process.cwd()","status":"passed","title":"resolves relative paths in test and production against process.cwd()","duration":3.372099999999989,"failureMessages":[],"meta":{}},{"ancestorTitles":["FT07 unit: storage paths resolution"],"fullName":"FT07 unit: storage paths resolution keeps absolute paths unchanged","status":"passed","title":"keeps absolute paths unchanged","duration":2.1503000000000156,"failureMessages":[],"meta":{}},{"ancestorTitles":["FT07 unit: storage paths resolution"],"fullName":"FT07 unit: storage paths resolution fails on missing env variables","status":"passed","title":"fails on missing env variables","duration":1.3934999999999889,"failureMessages":[],"meta":{}},{"ancestorTitles":["FT07 unit: storage paths resolution"],"fullName":"FT07 unit: storage paths resolution fails on empty env value after trim","status":"passed","title":"fails on empty env value after trim","duration":0.615099999999984,"failureMessages":[],"meta":{}}],"startTime":1773568020961,"endTime":1773568020974.615,"status":"passed","message":"","name":"C:/Users/schro/source/repos/Plan/Releases/version01/tests/unit/config/storagePaths.test.ts"},{"assertionResults":[{"ancestorTitles":["FT04 Unit: TourTests"],"fullName":"FT04 Unit: TourTests creates tours with deterministic generated names","status":"passed","title":"creates tours with deterministic generated names","duration":2.5523999999999205,"failureMessages":[],"meta":{}},{"ancestorTitles":["FT04 Unit: TourTests"],"fullName":"FT04 Unit: TourTests fills naming gaps when lower numbers are missing","status":"passed","title":"fills naming gaps when lower numbers are missing","duration":0.31529999999997926,"failureMessages":[],"meta":{}},{"ancestorTitles":["FT04 Unit: TourTests"],"fullName":"FT04 Unit: TourTests rejects update with invalid version","status":"passed","title":"rejects update with invalid version","duration":1.2468000000000075,"failureMessages":[],"meta":{}},{"ancestorTitles":["FT04 Unit: TourTests"],"fullName":"FT04 Unit: TourTests rejects delete with invalid version","status":"passed","title":"rejects delete with invalid version","duration":0.3384000000000924,"failureMessages":[],"meta":{}},{"ancestorTitles":["FT04 Unit: TourTests"],"fullName":"FT04 Unit: TourTests returns null for missing tour in version conflict path","status":"passed","title":"returns null for missing tour in version conflict path","duration":0.21600000000000819,"failureMessages":[],"meta":{}},{"ancestorTitles":["FT04 Unit: TourTests"],"fullName":"FT04 Unit: TourTests throws VERSION_CONFLICT when stale version hits existing tour","status":"passed","title":"throws VERSION_CONFLICT when stale version hits existing tour","duration":0.24959999999998672,"failureMessages":[],"meta":{}},{"ancestorTitles":["FT04 Unit: TourTests"],"fullName":"FT04 Unit: TourTests documents current contract behavior for empty name input","status":"passed","title":"documents current contract behavior for empty name input","duration":1.173599999999965,"failureMessages":[],"meta":{}},{"ancestorTitles":["FT04 Unit: TourTests"],"fullName":"FT04 Unit: TourTests documents that update contract ignores name changes","status":"passed","title":"documents that update contract ignores name changes","duration":0.3712000000000444,"failureMessages":[],"meta":{}},{"ancestorTitles":["FT04 Unit: TourTests"],"fullName":"FT04 Unit: TourTests maps delete conflict to NOT_FOUND when entity no longer exists","status":"passed","title":"maps delete conflict to NOT_FOUND when entity no longer exists","duration":0.26949999999999363,"failureMessages":[],"meta":{}},{"ancestorTitles":["FT04 Unit: TourTests"],"fullName":"FT04 Unit: TourTests returns BUSINESS_CONFLICT when appointments reference the tour","status":"passed","title":"returns BUSINESS_CONFLICT when appointments reference the tour","duration":0.35200000000008913,"failureMessages":[],"meta":{}},{"ancestorTitles":["FT04 Unit: TourTests"],"fullName":"FT04 Unit: TourTests throws typed ToursError for direct type checks","status":"passed","title":"throws typed ToursError for direct type checks","duration":0.2584000000000515,"failureMessages":[],"meta":{}}],"startTime":1773568032982,"endTime":1773568032990.2583,"status":"passed","message":"","name":"C:/Users/schro/source/repos/Plan/Releases/version01/tests/unit/ft04/TourTests.test.ts"},{"assertionResults":[{"ancestorTitles":["FT30 useListFilters paging wiring"],"fullName":"FT30 useListFilters paging wiring resets paging to page 1 on setFilter and resetFilters","status":"passed","title":"resets paging to page 1 on setFilter and resetFilters","duration":1.1800999999999817,"failureMessages":[],"meta":{}},{"ancestorTitles":["FT30 useListFilters paging wiring"],"fullName":"FT30 useListFilters paging wiring includes the current page when query params are built","status":"passed","title":"includes the current page when query params are built","duration":0.2120000000000175,"failureMessages":[],"meta":{}}],"startTime":1773568070793,"endTime":1773568070794.212,"status":"passed","message":"","name":"C:/Users/schro/source/repos/Plan/Releases/version01/tests/unit/hooks/useListFilters.paging.test.ts"},{"assertionResults":[{"ancestorTitles":["documentTextExtractor"],"fullName":"documentTextExtractor extracts and normalizes text across pages","status":"passed","title":"extracts and normalizes text across pages","duration":1.910899999999998,"failureMessages":[],"meta":{}},{"ancestorTitles":["documentTextExtractor"],"fullName":"documentTextExtractor throws deterministic error when no extractable text exists","status":"passed","title":"throws deterministic error when no extractable text exists","duration":1.447199999999981,"failureMessages":[],"meta":{}}],"startTime":1773568047881,"endTime":1773568047884.4473,"status":"passed","message":"","name":"C:/Users/schro/source/repos/Plan/Releases/version01/tests/unit/extraction/documentTextExtractor.test.ts"},{"assertionResults":[{"ancestorTitles":["PKG-05 Invariant: attachment security rules"],"fullName":"PKG-05 Invariant: attachment security rules returns 405 for project attachment delete endpoint","status":"passed","title":"returns 405 for project attachment delete endpoint","duration":2.8666999999999803,"failureMessages":[],"meta":{}},{"ancestorTitles":["PKG-05 Invariant: attachment security rules"],"fullName":"PKG-05 Invariant: attachment security rules uses inline disposition for PDF when download is not forced","status":"passed","title":"uses inline disposition for PDF when download is not forced","duration":0.6696000000000026,"failureMessages":[],"meta":{}},{"ancestorTitles":["PKG-05 Invariant: attachment security rules"],"fullName":"PKG-05 Invariant: attachment security rules uses inline disposition for image mime types when download is not forced","status":"passed","title":"uses inline disposition for image mime types when download is not forced","duration":0.38870000000000005,"failureMessages":[],"meta":{}},{"ancestorTitles":["PKG-05 Invariant: attachment security rules"],"fullName":"PKG-05 Invariant: attachment security rules uses attachment disposition for non-inline mimes when download is not forced","status":"passed","title":"uses attachment disposition for non-inline mimes when download is not forced","duration":0.3498000000000161,"failureMessages":[],"meta":{}},{"ancestorTitles":["PKG-05 Invariant: attachment security rules"],"fullName":"PKG-05 Invariant: attachment security rules forces attachment disposition regardless of mime type when download flag is set","status":"passed","title":"forces attachment disposition regardless of mime type when download flag is set","duration":0.3281999999999812,"failureMessages":[],"meta":{}}],"startTime":1773568043537,"endTime":1773568043542.3281,"status":"passed","message":"","name":"C:/Users/schro/source/repos/Plan/Releases/version01/tests/unit/invariants/attachmentRules.test.ts"},{"assertionResults":[{"ancestorTitles":["PKG-01 Invariant: conflict priority"],"fullName":"PKG-01 Invariant: conflict priority throws EMPLOYEE_OVERLAP_CONFLICT with conflictEmployees metadata when overlap exists","status":"passed","title":"throws EMPLOYEE_OVERLAP_CONFLICT with conflictEmployees metadata when overlap exists","duration":39.317699999999945,"failureMessages":[],"meta":{}},{"ancestorTitles":["PKG-01 Invariant: conflict priority"],"fullName":"PKG-01 Invariant: conflict priority aborts before version-update path and employee writes when overlap exists","status":"passed","title":"aborts before version-update path and employee writes when overlap exists","duration":2.5089000000000397,"failureMessages":[],"meta":{}},{"ancestorTitles":["PKG-01 Invariant: conflict priority"],"fullName":"PKG-01 Invariant: conflict priority still surfaces deterministic VERSION_CONFLICT if optimistic lock fails","status":"passed","title":"still surfaces deterministic VERSION_CONFLICT if optimistic lock fails","duration":1.3048000000000002,"failureMessages":[],"meta":{}},{"ancestorTitles":["PKG-01 Invariant: conflict priority"],"fullName":"PKG-01 Invariant: conflict priority uses hour-based overlap key for timed updates","status":"passed","title":"uses hour-based overlap key for timed updates","duration":1.6835000000000946,"failureMessages":[],"meta":{}}],"startTime":1773568014707,"endTime":1773568014751.6836,"status":"passed","message":"","name":"C:/Users/schro/source/repos/Plan/Releases/version01/tests/unit/invariants/conflictPriority.test.ts"},{"assertionResults":[{"ancestorTitles":["PKG-02 Invariant: db startup guardrails"],"fullName":"PKG-02 Invariant: db startup guardrails accepts allowed database + host and creates pool","status":"passed","title":"accepts allowed database + host and creates pool","duration":10.765199999999993,"failureMessages":[],"meta":{}},{"ancestorTitles":["PKG-02 Invariant: db startup guardrails"],"fullName":"PKG-02 Invariant: db startup guardrails fails fast when database is outside allowlist","status":"passed","title":"fails fast when database is outside allowlist","duration":5.17179999999999,"failureMessages":[],"meta":{}},{"ancestorTitles":["PKG-02 Invariant: db startup guardrails"],"fullName":"PKG-02 Invariant: db startup guardrails fails fast when host is outside allowlist","status":"passed","title":"fails fast when host is outside allowlist","duration":3.2600999999999942,"failureMessages":[],"meta":{}}],"startTime":1773568018205,"endTime":1773568018224.26,"status":"passed","message":"","name":"C:/Users/schro/source/repos/Plan/Releases/version01/tests/unit/invariants/dbStartupGuard.test.ts"},{"assertionResults":[{"ancestorTitles":["PKG-02 Invariant: demo seed purge safety gate"],"fullName":"PKG-02 Invariant: demo seed purge safety gate passes when target guard and SQL identity check succeed","status":"passed","title":"passes when target guard and SQL identity check succeed","duration":12.255400000000009,"failureMessages":[],"meta":{}},{"ancestorTitles":["PKG-02 Invariant: demo seed purge safety gate"],"fullName":"PKG-02 Invariant: demo seed purge safety gate hard-fails when SQL identity does not match expected test database","status":"passed","title":"hard-fails when SQL identity does not match expected test database","duration":3.3680999999999983,"failureMessages":[],"meta":{}}],"startTime":1773568018637,"endTime":1773568018653.3682,"status":"passed","message":"","name":"C:/Users/schro/source/repos/Plan/Releases/version01/tests/unit/invariants/demoSeedPurgeSafety.test.ts"},{"assertionResults":[{"ancestorTitles":["PKG-02 Invariant: locking rules"],"fullName":"PKG-02 Invariant: locking rules blocks update for non-admin on locked appointment with deterministic PAST_APPOINTMENT_READONLY","status":"passed","title":"blocks update for non-admin on locked appointment with deterministic PAST_APPOINTMENT_READONLY","duration":3.362600000000043,"failureMessages":[],"meta":{}},{"ancestorTitles":["PKG-02 Invariant: locking rules"],"fullName":"PKG-02 Invariant: locking rules blocks delete for non-admin on locked appointment with deterministic PAST_APPOINTMENT_READONLY","status":"passed","title":"blocks delete for non-admin on locked appointment with deterministic PAST_APPOINTMENT_READONLY","duration":0.6598000000000184,"failureMessages":[],"meta":{}},{"ancestorTitles":["PKG-02 Invariant: locking rules"],"fullName":"PKG-02 Invariant: locking rules blocks admin update on locked appointment with PAST_APPOINTMENT_READONLY","status":"passed","title":"blocks admin update on locked appointment with PAST_APPOINTMENT_READONLY","duration":0.3932999999999538,"failureMessages":[],"meta":{}},{"ancestorTitles":["PKG-02 Invariant: locking rules"],"fullName":"PKG-02 Invariant: locking rules blocks admin delete on locked appointment","status":"passed","title":"blocks admin delete on locked appointment","duration":0.3785000000000309,"failureMessages":[],"meta":{}}],"startTime":1773568040258,"endTime":1773568040263.3784,"status":"passed","message":"","name":"C:/Users/schro/source/repos/Plan/Releases/version01/tests/unit/invariants/lockingRules.test.ts"},{"assertionResults":[{"ancestorTitles":["PKG-01 Invariant: optimistic locking"],"fullName":"PKG-01 Invariant: optimistic locking appointment update succeeds with matching version","status":"passed","title":"appointment update succeeds with matching version","duration":16.58330000000001,"failureMessages":[],"meta":{}},{"ancestorTitles":["PKG-01 Invariant: optimistic locking"],"fullName":"PKG-01 Invariant: optimistic locking appointment update returns 409 VERSION_CONFLICT for stale version","status":"passed","title":"appointment update returns 409 VERSION_CONFLICT for stale version","duration":1.142099999999914,"failureMessages":[],"meta":{}},{"ancestorTitles":["PKG-01 Invariant: optimistic locking"],"fullName":"PKG-01 Invariant: optimistic locking appointment delete returns 409 VERSION_CONFLICT for wrong version","status":"passed","title":"appointment delete returns 409 VERSION_CONFLICT for wrong version","duration":0.5905999999999949,"failureMessages":[],"meta":{}},{"ancestorTitles":["PKG-01 Invariant: optimistic locking"],"fullName":"PKG-01 Invariant: optimistic locking project update returns 409 VERSION_CONFLICT when repository reports version_conflict","status":"passed","title":"project update returns 409 VERSION_CONFLICT when repository reports version_conflict","duration":0.43250000000000455,"failureMessages":[],"meta":{}},{"ancestorTitles":["PKG-01 Invariant: optimistic locking"],"fullName":"PKG-01 Invariant: optimistic locking project delete returns 409 VERSION_CONFLICT when repository reports version_conflict","status":"passed","title":"project delete returns 409 VERSION_CONFLICT when repository reports version_conflict","duration":0.34559999999999036,"failureMessages":[],"meta":{}},{"ancestorTitles":["PKG-01 Invariant: optimistic locking"],"fullName":"PKG-01 Invariant: optimistic locking project delete returns 409 BUSINESS_CONFLICT when repository reports business_conflict","status":"passed","title":"project delete returns 409 BUSINESS_CONFLICT when repository reports business_conflict","duration":0.2375000000000682,"failureMessages":[],"meta":{}},{"ancestorTitles":["PKG-01 Invariant: optimistic locking"],"fullName":"PKG-01 Invariant: optimistic locking note update returns 409 VERSION_CONFLICT when repository reports version_conflict","status":"passed","title":"note update returns 409 VERSION_CONFLICT when repository reports version_conflict","duration":0.34800000000007003,"failureMessages":[],"meta":{}},{"ancestorTitles":["PKG-01 Invariant: optimistic locking"],"fullName":"PKG-01 Invariant: optimistic locking note delete returns 409 VERSION_CONFLICT when repository reports version_conflict","status":"passed","title":"note delete returns 409 VERSION_CONFLICT when repository reports version_conflict","duration":0.24090000000001055,"failureMessages":[],"meta":{}}],"startTime":1773568017755,"endTime":1773568017775.241,"status":"passed","message":"","name":"C:/Users/schro/source/repos/Plan/Releases/version01/tests/unit/invariants/optimisticLocking.test.ts"},{"assertionResults":[{"ancestorTitles":["PKG-02 Invariant: reset_absolute_state.sql guard"],"fullName":"PKG-02 Invariant: reset_absolute_state.sql guard contains SQLSTATE 45000 guard and *_test-only database rule","status":"passed","title":"contains SQLSTATE 45000 guard and *_test-only database rule","duration":1.4257000000000062,"failureMessages":[],"meta":{}}],"startTime":1773568069718,"endTime":1773568069719.4258,"status":"passed","message":"","name":"C:/Users/schro/source/repos/Plan/Releases/version01/tests/unit/invariants/resetAbsoluteStateSqlGuard.test.ts"},{"assertionResults":[{"ancestorTitles":["PKG-02 Invariant: resetDatabase guardrails"],"fullName":"PKG-02 Invariant: resetDatabase guardrails throws when runtime mode differs from expected test mode","status":"passed","title":"throws when runtime mode differs from expected test mode","duration":1.6383000000000152,"failureMessages":[],"meta":{}},{"ancestorTitles":["PKG-02 Invariant: resetDatabase guardrails"],"fullName":"PKG-02 Invariant: resetDatabase guardrails accepts database and host from allowlists","status":"passed","title":"accepts database and host from allowlists","duration":0.7410999999999888,"failureMessages":[],"meta":{}},{"ancestorTitles":["PKG-02 Invariant: resetDatabase guardrails"],"fullName":"PKG-02 Invariant: resetDatabase guardrails rejects database outside allowed list","status":"passed","title":"rejects database outside allowed list","duration":0.251199999999983,"failureMessages":[],"meta":{}},{"ancestorTitles":["PKG-02 Invariant: resetDatabase guardrails"],"fullName":"PKG-02 Invariant: resetDatabase guardrails rejects host outside allowed list","status":"passed","title":"rejects host outside allowed list","duration":0.2366000000000099,"failureMessages":[],"meta":{}},{"ancestorTitles":["PKG-02 Invariant: resetDatabase guardrails"],"fullName":"PKG-02 Invariant: resetDatabase guardrails requires MUGPLAN_MODE=test for test operations","status":"passed","title":"requires MUGPLAN_MODE=test for test operations","duration":0.2581000000000131,"failureMessages":[],"meta":{}},{"ancestorTitles":["PKG-02 Invariant: resetDatabase guardrails"],"fullName":"PKG-02 Invariant: resetDatabase guardrails rejects test write target without *_test suffix","status":"passed","title":"rejects test write target without *_test suffix","duration":0.25159999999999627,"failureMessages":[],"meta":{}},{"ancestorTitles":["PKG-02 Invariant: resetDatabase guardrails"],"fullName":"PKG-02 Invariant: resetDatabase guardrails checks destructive targets with combined mode and target guards","status":"passed","title":"checks destructive targets with combined mode and target guards","duration":0.21229999999999905,"failureMessages":[],"meta":{}},{"ancestorTitles":["PKG-02 Invariant: resetDatabase guardrails"],"fullName":"PKG-02 Invariant: resetDatabase guardrails allows admin destructive operations in development when target is allowlisted","status":"passed","title":"allows admin destructive operations in development when target is allowlisted","duration":0.2115000000000009,"failureMessages":[],"meta":{}},{"ancestorTitles":["PKG-02 Invariant: resetDatabase guardrails"],"fullName":"PKG-02 Invariant: resetDatabase guardrails rejects admin destructive operations in development when target is not allowlisted","status":"passed","title":"rejects admin destructive operations in development when target is not allowlisted","duration":0.23449999999999704,"failureMessages":[],"meta":{}},{"ancestorTitles":["PKG-02 Invariant: resetDatabase guardrails"],"fullName":"PKG-02 Invariant: resetDatabase guardrails blocks admin destructive operations in production","status":"passed","title":"blocks admin destructive operations in production","duration":0.24969999999999004,"failureMessages":[],"meta":{}},{"ancestorTitles":["PKG-02 Invariant: resetDatabase guardrails"],"fullName":"PKG-02 Invariant: resetDatabase guardrails requires strict test guards for admin destructive operations in test mode","status":"passed","title":"requires strict test guards for admin destructive operations in test mode","duration":0.3522999999999854,"failureMessages":[],"meta":{}},{"ancestorTitles":["PKG-02 Invariant: resetDatabase guardrails"],"fullName":"PKG-02 Invariant: resetDatabase guardrails accepts SQL identity when active database matches expected test db","status":"passed","title":"accepts SQL identity when active database matches expected test db","duration":0.6748000000000047,"failureMessages":[],"meta":{}},{"ancestorTitles":["PKG-02 Invariant: resetDatabase guardrails"],"fullName":"PKG-02 Invariant: resetDatabase guardrails rejects SQL identity when active database differs from expected test db","status":"passed","title":"rejects SQL identity when active database differs from expected test db","duration":0.4269999999999925,"failureMessages":[],"meta":{}},{"ancestorTitles":["PKG-02 Invariant: resetDatabase guardrails"],"fullName":"PKG-02 Invariant: resetDatabase guardrails rejects SQL identity when active database cannot be resolved","status":"passed","title":"rejects SQL identity when active database cannot be resolved","duration":0.20589999999998554,"failureMessages":[],"meta":{}}],"startTime":1773568036841,"endTime":1773568036847.2058,"status":"passed","message":"","name":"C:/Users/schro/source/repos/Plan/Releases/version01/tests/unit/invariants/resetDatabaseGuard.test.ts"},{"assertionResults":[{"ancestorTitles":["FT24 unit: master data pdf mining client batching"],"fullName":"FT24 unit: master data pdf mining client batching partitions files by maxFiles and maxTotalBytes and rejects oversized files locally","status":"passed","title":"partitions files by maxFiles and maxTotalBytes and rejects oversized files locally","duration":2.3982000000000028,"failureMessages":[],"meta":{}},{"ancestorTitles":["FT24 unit: master data pdf mining client batching"],"fullName":"FT24 unit: master data pdf mining client batching merges batch results deterministically across product groups","status":"passed","title":"merges batch results deterministically across product groups","duration":1.4394000000000062,"failureMessages":[],"meta":{}}],"startTime":1773568045538,"endTime":1773568045542.4395,"status":"passed","message":"","name":"C:/Users/schro/source/repos/Plan/Releases/version01/tests/unit/lib/masterDataPdfMining.test.ts"},{"assertionResults":[{"ancestorTitles":["FT26 unit: project article report mappings"],"fullName":"FT26 unit: project article report mappings recognizes sauna product category aliases for reports","status":"passed","title":"recognizes sauna product category aliases for reports","duration":1.2802999999999827,"failureMessages":[],"meta":{}},{"ancestorTitles":["FT26 unit: project article report mappings"],"fullName":"FT26 unit: project article report mappings keeps component category aliases compatible with report columns","status":"passed","title":"keeps component category aliases compatible with report columns","duration":0.4984999999999786,"failureMessages":[],"meta":{}}],"startTime":1773568058401,"endTime":1773568058402.4985,"status":"passed","message":"","name":"C:/Users/schro/source/repos/Plan/Releases/version01/tests/unit/lib/projectArticleList.reports.test.ts"},{"assertionResults":[{"ancestorTitles":["FT02 project filters by order number"],"fullName":"FT02 project filters by order number filters projects by partial order number match","status":"passed","title":"filters projects by partial order number match","duration":1.9121999999999844,"failureMessages":[],"meta":{}},{"ancestorTitles":["FT02 project filters by order number"],"fullName":"FT02 project filters by order number does not filter when order number filter is empty","status":"passed","title":"does not filter when order number filter is empty","duration":0.25329999999999586,"failureMessages":[],"meta":{}}],"startTime":1773568055164,"endTime":1773568055166.2534,"status":"passed","message":"","name":"C:/Users/schro/source/repos/Plan/Releases/version01/tests/unit/lib/projectFilters.orderNumber.test.ts"},{"assertionResults":[{"ancestorTitles":["project product form helpers"],"fullName":"project product form helpers builds article lines in slot order","status":"passed","title":"builds article lines in slot order","duration":1.5397999999999854,"failureMessages":[],"meta":{}},{"ancestorTitles":["project product form helpers"],"fullName":"project product form helpers persists the editor description unchanged","status":"passed","title":"persists the editor description unchanged","duration":0.26189999999999714,"failureMessages":[],"meta":{}},{"ancestorTitles":["project product form helpers"],"fullName":"project product form helpers returns the persisted description unchanged back into the editor","status":"passed","title":"returns the persisted description unchanged back into the editor","duration":0.17189999999999372,"failureMessages":[],"meta":{}},{"ancestorTitles":["project product form helpers"],"fullName":"project product form helpers matches project component fields through normalized category aliases","status":"passed","title":"matches project component fields through normalized category aliases","duration":0.9923000000000002,"failureMessages":[],"meta":{}},{"ancestorTitles":["project product form helpers"],"fullName":"project product form helpers maps product and component order items into the article slots","status":"passed","title":"maps product and component order items into the article slots","duration":0.43659999999999854,"failureMessages":[],"meta":{}}],"startTime":1773568047472,"endTime":1773568047475.4365,"status":"passed","message":"","name":"C:/Users/schro/source/repos/Plan/Releases/version01/tests/unit/lib/projectProductForm.description.test.ts"},{"assertionResults":[{"ancestorTitles":["FT26 unit: report vorlaufliste helpers"],"fullName":"FT26 unit: report vorlaufliste helpers strips html descriptions down to normalized text","status":"passed","title":"strips html descriptions down to normalized text","duration":1.3389000000000237,"failureMessages":[],"meta":{}},{"ancestorTitles":["FT26 unit: report vorlaufliste helpers"],"fullName":"FT26 unit: report vorlaufliste helpers maps only report-relevant component categories to slots","status":"passed","title":"maps only report-relevant component categories to slots","duration":0.5729999999999791,"failureMessages":[],"meta":{}}],"startTime":1773568058615,"endTime":1773568058616.573,"status":"passed","message":"","name":"C:/Users/schro/source/repos/Plan/Releases/version01/tests/unit/lib/reportVorlaufliste.test.ts"},{"assertionResults":[{"ancestorTitles":["FT28 tag utils"],"fullName":"FT28 tag utils builds a title-cased short label for single-word tags","status":"passed","title":"builds a title-cased short label for single-word tags","duration":1.2627999999999986,"failureMessages":[],"meta":{}},{"ancestorTitles":["FT28 tag utils"],"fullName":"FT28 tag utils builds uppercase initials for multi-word tags","status":"passed","title":"builds uppercase initials for multi-word tags","duration":0.24170000000000869,"failureMessages":[],"meta":{}},{"ancestorTitles":["FT28 tag utils"],"fullName":"FT28 tag utils deduplicates merged tag collections by tag id while preserving first occurrence order","status":"passed","title":"deduplicates merged tag collections by tag id while preserving first occurrence order","duration":0.719300000000004,"failureMessages":[],"meta":{}}],"startTime":1773568054558,"endTime":1773568054560.7192,"status":"passed","message":"","name":"C:/Users/schro/source/repos/Plan/Releases/version01/tests/unit/lib/tag-utils.test.ts"},{"assertionResults":[{"ancestorTitles":["FT31 UI model: tour print preview page builder"],"fullName":"FT31 UI model: tour print preview page builder clamps week count into the supported range","status":"passed","title":"clamps week count into the supported range","duration":1.164299999999912,"failureMessages":[],"meta":{}},{"ancestorTitles":["FT31 UI model: tour print preview page builder"],"fullName":"FT31 UI model: tour print preview page builder builds summary rows with duration and postal code","status":"passed","title":"builds summary rows with duration and postal code","duration":2.95920000000001,"failureMessages":[],"meta":{}},{"ancestorTitles":["FT31 UI model: tour print preview page builder"],"fullName":"FT31 UI model: tour print preview page builder keeps multi-day appointments on each overlapping day column","status":"passed","title":"keeps multi-day appointments on each overlapping day column","duration":1.8473999999999933,"failureMessages":[],"meta":{}},{"ancestorTitles":["FT31 UI model: tour print preview page builder"],"fullName":"FT31 UI model: tour print preview page builder builds a flat page list with portrait summary followed by landscape weeks","status":"passed","title":"builds a flat page list with portrait summary followed by landscape weeks","duration":1.0600000000000591,"failureMessages":[],"meta":{}}],"startTime":1773568033548,"endTime":1773568033555.06,"status":"passed","message":"","name":"C:/Users/schro/source/repos/Plan/Releases/version01/tests/unit/lib/tour-print-preview.model.test.ts"},{"assertionResults":[{"ancestorTitles":["FT21 projects repository order-number conflict wiring"],"fullName":"FT21 projects repository order-number conflict wiring checks duplicate order numbers only against active projects","status":"passed","title":"checks duplicate order numbers only against active projects","duration":1.1339999999999861,"failureMessages":[],"meta":{}}],"startTime":1773568075809,"endTime":1773568075810.134,"status":"passed","message":"","name":"C:/Users/schro/source/repos/Plan/Releases/version01/tests/unit/repositories/projectsRepository.orderNumberConflict.wiring.test.ts"},{"assertionResults":[{"ancestorTitles":["FT02 migration: strip customer-number prefix from project names"],"fullName":"FT02 migration: strip customer-number prefix from project names returns update when prefix customer number matches related customer","status":"passed","title":"returns update when prefix customer number matches related customer","duration":1.538000000000011,"failureMessages":[],"meta":{}},{"ancestorTitles":["FT02 migration: strip customer-number prefix from project names"],"fullName":"FT02 migration: strip customer-number prefix from project names returns skip on mismatching embedded customer number","status":"passed","title":"returns skip on mismatching embedded customer number","duration":0.2324000000000126,"failureMessages":[],"meta":{}},{"ancestorTitles":["FT02 migration: strip customer-number prefix from project names"],"fullName":"FT02 migration: strip customer-number prefix from project names returns skip when no prefix pattern is present","status":"passed","title":"returns skip when no prefix pattern is present","duration":0.1741999999999848,"failureMessages":[],"meta":{}}],"startTime":1773568056532,"endTime":1773568056534.2324,"status":"passed","message":"","name":"C:/Users/schro/source/repos/Plan/Releases/version01/tests/unit/script/migrateProjectNamesWithCustomerNumber.test.ts"},{"assertionResults":[{"ancestorTitles":["FT07 service: backup retention"],"fullName":"FT07 service: backup retention removes backup folders older than 30 days and keeps newer ones","status":"passed","title":"removes backup folders older than 30 days and keeps newer ones","duration":10.844999999999999,"failureMessages":[],"meta":{}}],"startTime":1773568023574,"endTime":1773568023584.845,"status":"passed","message":"","name":"C:/Users/schro/source/repos/Plan/Releases/version01/tests/unit/services/backupRetentionService.test.ts"},{"assertionResults":[{"ancestorTitles":["FT07 service: backup scheduler disabled handling"],"fullName":"FT07 service: backup scheduler disabled handling writes skipped disabled log when backup_enabled is false","status":"passed","title":"writes skipped disabled log when backup_enabled is false","duration":6.7257999999999925,"failureMessages":[],"meta":{}},{"ancestorTitles":["FT07 service: backup scheduler disabled handling"],"fullName":"FT07 service: backup scheduler disabled handling does not write disabled skipped log when backup_enabled is true","status":"passed","title":"does not write disabled skipped log when backup_enabled is true","duration":0.9242999999999597,"failureMessages":[],"meta":{}}],"startTime":1773568033852,"endTime":1773568033859.9243,"status":"passed","message":"","name":"C:/Users/schro/source/repos/Plan/Releases/version01/tests/unit/services/backupScheduler.disabled.test.ts"},{"assertionResults":[{"ancestorTitles":["FT24 unit: bulk import limits"],"fullName":"FT24 unit: bulk import limits rejects analyze when file count exceeds maxFiles","status":"passed","title":"rejects analyze when file count exceeds maxFiles","duration":2.640700000000038,"failureMessages":[],"meta":{}},{"ancestorTitles":["FT24 unit: bulk import limits"],"fullName":"FT24 unit: bulk import limits rejects analyze when a single file exceeds maxFileSizeBytes","status":"passed","title":"rejects analyze when a single file exceeds maxFileSizeBytes","duration":0.28530000000000655,"failureMessages":[],"meta":{}},{"ancestorTitles":["FT24 unit: bulk import limits"],"fullName":"FT24 unit: bulk import limits converts only pdf files to bulk import inputs","status":"passed","title":"converts only pdf files to bulk import inputs","duration":1.0686999999999216,"failureMessages":[],"meta":{}}],"startTime":1773568042397,"endTime":1773568042401.0686,"status":"passed","message":"","name":"C:/Users/schro/source/repos/Plan/Releases/version01/tests/unit/services/bulkImportService.limits.test.ts"},{"assertionResults":[{"ancestorTitles":["FT21 customers service duplicate customer number mapping"],"fullName":"FT21 customers service duplicate customer number mapping maps mysql duplicate entry on customer_number to CUSTOMER_NUMBER_CONFLICT","status":"passed","title":"maps mysql duplicate entry on customer_number to CUSTOMER_NUMBER_CONFLICT","duration":2.838999999999942,"failureMessages":[],"meta":{}},{"ancestorTitles":["FT21 customers service duplicate customer number mapping"],"fullName":"FT21 customers service duplicate customer number mapping rethrows non-duplicate errors","status":"passed","title":"rethrows non-duplicate errors","duration":0.43640000000004875,"failureMessages":[],"meta":{}}],"startTime":1773568049363,"endTime":1773568049366.4363,"status":"passed","message":"","name":"C:/Users/schro/source/repos/Plan/Releases/version01/tests/unit/services/customersService.duplicateCustomerNumber.test.ts"},{"assertionResults":[{"ancestorTitles":["FT21 deterministic article parser"],"fullName":"FT21 deterministic article parser extracts item count and merges multiline descriptions","status":"passed","title":"extracts item count and merges multiline descriptions","duration":2.8577000000000226,"failureMessages":[],"meta":{}},{"ancestorTitles":["FT21 deterministic article parser"],"fullName":"FT21 deterministic article parser removes price and tax content from descriptions","status":"passed","title":"removes price and tax content from descriptions","duration":0.4262999999999977,"failureMessages":[],"meta":{}},{"ancestorTitles":["FT21 deterministic article parser"],"fullName":"FT21 deterministic article parser throws when marker range is missing","status":"passed","title":"throws when marker range is missing","duration":0.6651999999999987,"failureMessages":[],"meta":{}},{"ancestorTitles":["FT21 deterministic article parser"],"fullName":"FT21 deterministic article parser extracts normalized total amount from Gesamtbetrag line","status":"passed","title":"extracts normalized total amount from Gesamtbetrag line","duration":0.31459999999998445,"failureMessages":[],"meta":{}},{"ancestorTitles":["FT21 deterministic article parser"],"fullName":"FT21 deterministic article parser returns null when Gesamtbetrag line is missing or unparsable","status":"passed","title":"returns null when Gesamtbetrag line is missing or unparsable","duration":0.23409999999998377,"failureMessages":[],"meta":{}}],"startTime":1773568042604,"endTime":1773568042608.3147,"status":"passed","message":"","name":"C:/Users/schro/source/repos/Plan/Releases/version01/tests/unit/services/documentArticleDeterministicParser.test.ts"},{"assertionResults":[{"ancestorTitles":["FT24 unit: master data article parser"],"fullName":"FT24 unit: master data article parser extracts product name from marker and keeps component descriptions separate","status":"passed","title":"extracts product name from marker and keeps component descriptions separate","duration":4.3426000000000045,"failureMessages":[],"meta":{}},{"ancestorTitles":["FT24 unit: master data article parser"],"fullName":"FT24 unit: master data article parser throws when no product marker exists","status":"passed","title":"throws when no product marker exists","duration":0.7197000000000173,"failureMessages":[],"meta":{}}],"startTime":1773568037043,"endTime":1773568037047.7197,"status":"passed","message":"","name":"C:/Users/schro/source/repos/Plan/Releases/version01/tests/unit/services/documentArticleMasterDataParser.test.ts"},{"assertionResults":[{"ancestorTitles":["FT21 deterministic header parser"],"fullName":"FT21 deterministic header parser extracts inline label-value header fields in one line","status":"passed","title":"extracts inline label-value header fields in one line","duration":4.723199999999991,"failureMessages":[],"meta":{}},{"ancestorTitles":["FT21 deterministic header parser"],"fullName":"FT21 deterministic header parser extracts phone from label Kunden - Tel.","status":"passed","title":"extracts phone from label Kunden - Tel.","duration":0.9232999999999834,"failureMessages":[],"meta":{}},{"ancestorTitles":["FT21 deterministic header parser"],"fullName":"FT21 deterministic header parser extracts phone from inline label Kunden Tel.","status":"passed","title":"extracts phone from inline label Kunden Tel.","duration":0.38649999999998386,"failureMessages":[],"meta":{}},{"ancestorTitles":["FT21 deterministic header parser"],"fullName":"FT21 deterministic header parser extracts phone from Telefon label without customer prefix","status":"passed","title":"extracts phone from Telefon label without customer prefix","duration":0.34029999999998495,"failureMessages":[],"meta":{}},{"ancestorTitles":["FT21 deterministic header parser"],"fullName":"FT21 deterministic header parser extracts customer number, order number and mobile","status":"passed","title":"extracts customer number, order number and mobile","duration":0.7186000000000092,"failureMessages":[],"meta":{}},{"ancestorTitles":["FT21 deterministic header parser"],"fullName":"FT21 deterministic header parser allows missing mobile number and returns null","status":"passed","title":"allows missing mobile number and returns null","duration":0.3966000000000065,"failureMessages":[],"meta":{}},{"ancestorTitles":["FT21 deterministic header parser"],"fullName":"FT21 deterministic header parser parses WaWi address lines with spaced house number token","status":"passed","title":"parses WaWi address lines with spaced house number token","duration":0.4934000000000083,"failureMessages":[],"meta":{}},{"ancestorTitles":["FT21 deterministic header parser"],"fullName":"FT21 deterministic header parser parses address block when salutation line is missing","status":"passed","title":"parses address block when salutation line is missing","duration":0.4292000000000087,"failureMessages":[],"meta":{}},{"ancestorTitles":["FT21 deterministic header parser"],"fullName":"FT21 deterministic header parser skips interleaved generic lines and still maps correct numeric values","status":"passed","title":"skips interleaved generic lines and still maps correct numeric values","duration":0.3760000000000048,"failureMessages":[],"meta":{}},{"ancestorTitles":["FT21 deterministic header parser"],"fullName":"FT21 deterministic header parser returns null mobile when mobil label has no valid number","status":"passed","title":"returns null mobile when mobil label has no valid number","duration":0.40620000000001255,"failureMessages":[],"meta":{}},{"ancestorTitles":["FT21 deterministic header parser"],"fullName":"FT21 deterministic header parser prefers mobile when both mobile and tel labels contain different valid numbers","status":"passed","title":"prefers mobile when both mobile and tel labels contain different valid numbers","duration":0.2758000000000038,"failureMessages":[],"meta":{}},{"ancestorTitles":["FT21 deterministic header parser"],"fullName":"FT21 deterministic header parser selects first valid mobile when multiple mobile numbers exist","status":"passed","title":"selects first valid mobile when multiple mobile numbers exist","duration":0.220799999999997,"failureMessages":[],"meta":{}},{"ancestorTitles":["FT21 deterministic header parser"],"fullName":"FT21 deterministic header parser selects first valid tel when no mobile number exists","status":"passed","title":"selects first valid tel when no mobile number exists","duration":1.1639999999999873,"failureMessages":[],"meta":{}},{"ancestorTitles":["FT21 deterministic header parser"],"fullName":"FT21 deterministic header parser does not map date values as mobile numbers","status":"passed","title":"does not map date values as mobile numbers","duration":0.26140000000000896,"failureMessages":[],"meta":{}},{"ancestorTitles":["FT21 deterministic header parser"],"fullName":"FT21 deterministic header parser does not map date values as tel numbers","status":"passed","title":"does not map date values as tel numbers","duration":0.19580000000001974,"failureMessages":[],"meta":{}},{"ancestorTitles":["FT21 deterministic header parser"],"fullName":"FT21 deterministic header parser ignores free text after mobile label","status":"passed","title":"ignores free text after mobile label","duration":0.2255999999999858,"failureMessages":[],"meta":{}},{"ancestorTitles":["FT21 deterministic header parser"],"fullName":"FT21 deterministic header parser ignores free text after tel label","status":"passed","title":"ignores free text after tel label","duration":0.212600000000009,"failureMessages":[],"meta":{}},{"ancestorTitles":["FT21 deterministic header parser"],"fullName":"FT21 deterministic header parser parses company-only identity without forcing person names","status":"passed","title":"parses company-only identity without forcing person names","duration":0.3071999999999946,"failureMessages":[],"meta":{}},{"ancestorTitles":["FT21 deterministic header parser"],"fullName":"FT21 deterministic header parser parses inline salutation person plus dedicated company line","status":"passed","title":"parses inline salutation person plus dedicated company line","duration":0.2820000000000107,"failureMessages":[],"meta":{}},{"ancestorTitles":["FT21 deterministic header parser"],"fullName":"FT21 deterministic header parser parses person identity with unicode letters and OCR accent artifacts","status":"passed","title":"parses person identity with unicode letters and OCR accent artifacts","duration":0.40330000000000155,"failureMessages":[],"meta":{}},{"ancestorTitles":["FT21 deterministic header parser"],"fullName":"FT21 deterministic header parser throws deterministic address-pattern error when street line is missing","status":"passed","title":"throws deterministic address-pattern error when street line is missing","duration":0.8906999999999812,"failureMessages":[],"meta":{}},{"ancestorTitles":["FT21 deterministic header parser"],"fullName":"FT21 deterministic header parser throws when customer number is missing","status":"passed","title":"throws when customer number is missing","duration":0.21629999999998972,"failureMessages":[],"meta":{}},{"ancestorTitles":["FT21 deterministic header parser"],"fullName":"FT21 deterministic header parser throws when multiple customer numbers are found","status":"passed","title":"throws when multiple customer numbers are found","duration":0.22350000000000136,"failureMessages":[],"meta":{}}],"startTime":1773568023794,"endTime":1773568023809.2234,"status":"passed","message":"","name":"C:/Users/schro/source/repos/Plan/Releases/version01/tests/unit/services/documentHeaderDeterministicParser.test.ts"},{"assertionResults":[{"ancestorTitles":["FT21 document processing customer resolution"],"fullName":"FT21 document processing customer resolution returns none when no customer exists","status":"passed","title":"returns none when no customer exists","duration":2.5155999999999494,"failureMessages":[],"meta":{}},{"ancestorTitles":["FT21 document processing customer resolution"],"fullName":"FT21 document processing customer resolution returns single when exactly one customer exists","status":"passed","title":"returns single when exactly one customer exists","duration":0.3727999999999838,"failureMessages":[],"meta":{}},{"ancestorTitles":["FT21 document processing customer resolution"],"fullName":"FT21 document processing customer resolution returns multiple when more than one customer exists","status":"passed","title":"returns multiple when more than one customer exists","duration":0.21800000000007458,"failureMessages":[],"meta":{}},{"ancestorTitles":["FT21 document processing customer resolution"],"fullName":"FT21 document processing customer resolution maps duplicate flag from resolution count","status":"passed","title":"maps duplicate flag from resolution count","duration":0.30319999999994707,"failureMessages":[],"meta":{}}],"startTime":1773568047056,"endTime":1773568047059.3032,"status":"passed","message":"","name":"C:/Users/schro/source/repos/Plan/Releases/version01/tests/unit/services/documentProcessing.customerResolution.test.ts"},{"assertionResults":[{"ancestorTitles":["FT30 unit: employeeAbsencesService bulk replacement"],"fullName":"FT30 unit: employeeAbsencesService bulk replacement rejects inactive replacement employees","status":"passed","title":"rejects inactive replacement employees","duration":2.914999999999992,"failureMessages":[],"meta":{}},{"ancestorTitles":["FT30 unit: employeeAbsencesService bulk replacement"],"fullName":"FT30 unit: employeeAbsencesService bulk replacement rejects replacement employees that are unavailable for any affected appointment span","status":"passed","title":"rejects replacement employees that are unavailable for any affected appointment span","duration":0.7504999999999882,"failureMessages":[],"meta":{}},{"ancestorTitles":["FT30 unit: employeeAbsencesService bulk replacement"],"fullName":"FT30 unit: employeeAbsencesService bulk replacement counts only real updates and tracks already assigned replacements separately","status":"passed","title":"counts only real updates and tracks already assigned replacements separately","duration":1.5986000000000047,"failureMessages":[],"meta":{}}],"startTime":1773568038475,"endTime":1773568038480.5986,"status":"passed","message":"","name":"C:/Users/schro/source/repos/Plan/Releases/version01/tests/unit/services/employeeAbsencesService.bulk.unit.test.ts"},{"assertionResults":[{"ancestorTitles":["FT30 unit: employeeAbsencesService"],"fullName":"FT30 unit: employeeAbsencesService forbids READER access to list endpoint","status":"passed","title":"forbids READER access to list endpoint","duration":2.419300000000021,"failureMessages":[],"meta":{}},{"ancestorTitles":["FT30 unit: employeeAbsencesService"],"fullName":"FT30 unit: employeeAbsencesService rejects create for inactive employee","status":"passed","title":"rejects create for inactive employee","duration":0.5071000000000367,"failureMessages":[],"meta":{}},{"ancestorTitles":["FT30 unit: employeeAbsencesService"],"fullName":"FT30 unit: employeeAbsencesService rejects create when from lies in the past","status":"passed","title":"rejects create when from lies in the past","duration":0.443300000000022,"failureMessages":[],"meta":{}},{"ancestorTitles":["FT30 unit: employeeAbsencesService"],"fullName":"FT30 unit: employeeAbsencesService creates absence for active employee with valid dates","status":"passed","title":"creates absence for active employee with valid dates","duration":1.3985000000000127,"failureMessages":[],"meta":{}},{"ancestorTitles":["FT30 unit: employeeAbsencesService"],"fullName":"FT30 unit: employeeAbsencesService maps stale update to VERSION_CONFLICT","status":"passed","title":"maps stale update to VERSION_CONFLICT","duration":0.41240000000004784,"failureMessages":[],"meta":{}},{"ancestorTitles":["FT30 unit: employeeAbsencesService"],"fullName":"FT30 unit: employeeAbsencesService blocks update for already started absence","status":"passed","title":"blocks update for already started absence","duration":0.2746999999999389,"failureMessages":[],"meta":{}},{"ancestorTitles":["FT30 unit: employeeAbsencesService"],"fullName":"FT30 unit: employeeAbsencesService blocks delete for already started absence","status":"passed","title":"blocks delete for already started absence","duration":0.28549999999995634,"failureMessages":[],"meta":{}}],"startTime":1773568036641,"endTime":1773568036647.2854,"status":"passed","message":"","name":"C:/Users/schro/source/repos/Plan/Releases/version01/tests/unit/services/employeeAbsencesService.ft30.test.ts"},{"assertionResults":[{"ancestorTitles":["FT01 unit: employeeAvailabilityService"],"fullName":"FT01 unit: employeeAvailabilityService returns no exclusions when the data source reports no conflicts","status":"passed","title":"returns no exclusions when the data source reports no conflicts","duration":2.7568999999999733,"failureMessages":[],"meta":{}},{"ancestorTitles":["FT01 unit: employeeAvailabilityService"],"fullName":"FT01 unit: employeeAvailabilityService deduplicates multiple matching rows for the same employee in a date range","status":"passed","title":"deduplicates multiple matching rows for the same employee in a date range","duration":0.5152000000000498,"failureMessages":[],"meta":{}},{"ancestorTitles":["FT01 unit: employeeAvailabilityService"],"fullName":"FT01 unit: employeeAvailabilityService splits available and unavailable employee IDs for multiday ranges","status":"passed","title":"splits available and unavailable employee IDs for multiday ranges","duration":0.44849999999996726,"failureMessages":[],"meta":{}}],"startTime":1773568046143,"endTime":1773568046146.5151,"status":"passed","message":"","name":"C:/Users/schro/source/repos/Plan/Releases/version01/tests/unit/services/employeeAvailabilityService.test.ts"},{"assertionResults":[{"ancestorTitles":["FT23 unit: employees csv import service"],"fullName":"FT23 unit: employees csv import service imports valid semicolon csv rows and returns summary","status":"passed","title":"imports valid semicolon csv rows and returns summary","duration":2.1119999999999663,"failureMessages":[],"meta":{}},{"ancestorTitles":["FT23 unit: employees csv import service"],"fullName":"FT23 unit: employees csv import service accepts comma delimiter and trims values","status":"passed","title":"accepts comma delimiter and trims values","duration":2.2210999999999785,"failureMessages":[],"meta":{}},{"ancestorTitles":["FT23 unit: employees csv import service"],"fullName":"FT23 unit: employees csv import service marks duplicate against existing employees case-insensitive","status":"passed","title":"marks duplicate against existing employees case-insensitive","duration":0.35969999999997526,"failureMessages":[],"meta":{}},{"ancestorTitles":["FT23 unit: employees csv import service"],"fullName":"FT23 unit: employees csv import service marks duplicate within CSV file","status":"passed","title":"marks duplicate within CSV file","duration":0.28489999999999327,"failureMessages":[],"meta":{}},{"ancestorTitles":["FT23 unit: employees csv import service"],"fullName":"FT23 unit: employees csv import service marks invalid row when name too long","status":"passed","title":"marks invalid row when name too long","duration":0.2478999999999587,"failureMessages":[],"meta":{}},{"ancestorTitles":["FT23 unit: employees csv import service"],"fullName":"FT23 unit: employees csv import service marks invalid row on broken quotes","status":"passed","title":"marks invalid row on broken quotes","duration":0.22870000000000346,"failureMessages":[],"meta":{}},{"ancestorTitles":["FT23 unit: employees csv import service"],"fullName":"FT23 unit: employees csv import service throws INVALID_CSV_HEADER when required header is missing","status":"passed","title":"throws INVALID_CSV_HEADER when required header is missing","duration":1.1678000000000566,"failureMessages":[],"meta":{}},{"ancestorTitles":["FT23 unit: employees csv import service"],"fullName":"FT23 unit: employees csv import service syncs CSV idempotently, returns employee ids and skips invalid rows","status":"passed","title":"syncs CSV idempotently, returns employee ids and skips invalid rows","duration":0.6516000000000304,"failureMessages":[],"meta":{}}],"startTime":1773568032346,"endTime":1773568032352.6516,"status":"passed","message":"","name":"C:/Users/schro/source/repos/Plan/Releases/version01/tests/unit/services/employees.importCsv.ft23.test.ts"},{"assertionResults":[{"ancestorTitles":["FT05 unit: employeesService"],"fullName":"FT05 unit: employeesService createEmployee builds fullName and returns repository employee","status":"passed","title":"createEmployee builds fullName and returns repository employee","duration":3.4412000000000944,"failureMessages":[],"meta":{}},{"ancestorTitles":["FT05 unit: employeesService"],"fullName":"FT05 unit: employeesService listEmployees enforces active scope for non-admin and respects requested scope for admin","status":"passed","title":"listEmployees enforces active scope for non-admin and respects requested scope for admin","duration":0.4089999999999918,"failureMessages":[],"meta":{}},{"ancestorTitles":["FT05 unit: employeesService"],"fullName":"FT05 unit: employeesService getEmployeeWithRelations returns null for non-admin when employee is inactive","status":"passed","title":"getEmployeeWithRelations returns null for non-admin when employee is inactive","duration":0.2477999999999838,"failureMessages":[],"meta":{}},{"ancestorTitles":["FT05 unit: employeesService"],"fullName":"FT05 unit: employeesService getEmployeeWithRelations returns employee with team/tour for admin","status":"passed","title":"getEmployeeWithRelations returns employee with team/tour for admin","duration":0.2898000000000138,"failureMessages":[],"meta":{}},{"ancestorTitles":["FT05 unit: employeesService"],"fullName":"FT05 unit: employeesService updateEmployee rejects version < 1","status":"passed","title":"updateEmployee rejects version < 1","duration":1.2904999999999518,"failureMessages":[],"meta":{}},{"ancestorTitles":["FT05 unit: employeesService"],"fullName":"FT05 unit: employeesService updateEmployee returns null when employee does not exist","status":"passed","title":"updateEmployee returns null when employee does not exist","duration":0.16160000000002128,"failureMessages":[],"meta":{}},{"ancestorTitles":["FT05 unit: employeesService"],"fullName":"FT05 unit: employeesService updateEmployee forbids non-admin isActive change","status":"passed","title":"updateEmployee forbids non-admin isActive change","duration":0.2361999999999398,"failureMessages":[],"meta":{}},{"ancestorTitles":["FT05 unit: employeesService"],"fullName":"FT05 unit: employeesService updateEmployee maps stale version to VERSION_CONFLICT","status":"passed","title":"updateEmployee maps stale version to VERSION_CONFLICT","duration":0.26680000000010295,"failureMessages":[],"meta":{}},{"ancestorTitles":["FT05 unit: employeesService"],"fullName":"FT05 unit: employeesService updateEmployee with identical values documents delegated version behavior","status":"passed","title":"updateEmployee with identical values documents delegated version behavior","duration":0.4356999999999971,"failureMessages":[],"meta":{}},{"ancestorTitles":["FT05 unit: employeesService"],"fullName":"FT05 unit: employeesService toggleEmployeeActive rejects non-admin","status":"passed","title":"toggleEmployeeActive rejects non-admin","duration":0.29910000000006676,"failureMessages":[],"meta":{}},{"ancestorTitles":["FT05 unit: employeesService"],"fullName":"FT05 unit: employeesService toggleEmployeeActive rejects invalid version","status":"passed","title":"toggleEmployeeActive rejects invalid version","duration":0.19820000000004256,"failureMessages":[],"meta":{}},{"ancestorTitles":["FT05 unit: employeesService"],"fullName":"FT05 unit: employeesService toggleEmployeeActive maps stale version to VERSION_CONFLICT","status":"passed","title":"toggleEmployeeActive maps stale version to VERSION_CONFLICT","duration":0.17680000000007112,"failureMessages":[],"meta":{}},{"ancestorTitles":["FT05 unit: employeesService"],"fullName":"FT05 unit: employeesService toggleEmployeeActive returns null when conflict path finds no employee","status":"passed","title":"toggleEmployeeActive returns null when conflict path finds no employee","duration":0.11209999999994125,"failureMessages":[],"meta":{}},{"ancestorTitles":["FT05 unit: employeesService"],"fullName":"FT05 unit: employeesService toggleEmployeeActive updates and increments version for admin","status":"passed","title":"toggleEmployeeActive updates and increments version for admin","duration":0.2442999999999529,"failureMessages":[],"meta":{}}],"startTime":1773568030801,"endTime":1773568030809.2444,"status":"passed","message":"","name":"C:/Users/schro/source/repos/Plan/Releases/version01/tests/unit/services/employeesService.ft05.test.ts"},{"assertionResults":[{"ancestorTitles":["FT20 unit: extraction fallback"],"fullName":"FT20 unit: extraction fallback removes common EUR/price patterns from text block","status":"passed","title":"removes common EUR/price patterns from text block","duration":1.8336000000000183,"failureMessages":[],"meta":{}},{"ancestorTitles":["FT20 unit: extraction fallback"],"fullName":"FT20 unit: extraction fallback builds resilient fallback extraction with non-empty essentials","status":"passed","title":"builds resilient fallback extraction with non-empty essentials","duration":0.9300000000000068,"failureMessages":[],"meta":{}}],"startTime":1773568050445,"endTime":1773568050447.93,"status":"passed","message":"","name":"C:/Users/schro/source/repos/Plan/Releases/version01/tests/unit/services/extractionFallback.test.ts"},{"assertionResults":[{"ancestorTitles":["FT28 help text frontend key scan service"],"fullName":"FT28 help text frontend key scan service collects static keys and reports duplicate usage counts","status":"passed","title":"collects static keys and reports duplicate usage counts","duration":15.680000000000007,"failureMessages":[],"meta":{}},{"ancestorTitles":["FT28 help text frontend key scan service"],"fullName":"FT28 help text frontend key scan service ignores dynamic key expressions","status":"passed","title":"ignores dynamic key expressions","duration":1.7734999999999843,"failureMessages":[],"meta":{}},{"ancestorTitles":["FT28 help text frontend key scan service"],"fullName":"FT28 help text frontend key scan service returns warning when frontend root does not exist","status":"passed","title":"returns warning when frontend root does not exist","duration":0.36830000000000496,"failureMessages":[],"meta":{}}],"startTime":1773568017994,"endTime":1773568018011.7734,"status":"passed","message":"","name":"C:/Users/schro/source/repos/Plan/Releases/version01/tests/unit/services/helpTextFrontendKeyScanService.test.ts"},{"assertionResults":[{"ancestorTitles":["FT28 help texts service seed missing"],"fullName":"FT28 help texts service seed missing creates only missing keys and skips existing keys","status":"passed","title":"creates only missing keys and skips existing keys","duration":3.2149,"failureMessages":[],"meta":{}},{"ancestorTitles":["FT28 help texts service seed missing"],"fullName":"FT28 help texts service seed missing is effectively idempotent when all keys already exist","status":"passed","title":"is effectively idempotent when all keys already exist","duration":0.45189999999999486,"failureMessages":[],"meta":{}},{"ancestorTitles":["FT28 help texts service seed missing"],"fullName":"FT28 help texts service seed missing returns warnings when scanner yields no keys","status":"passed","title":"returns warnings when scanner yields no keys","duration":0.2915000000000134,"failureMessages":[],"meta":{}}],"startTime":1773568043770,"endTime":1773568043774.452,"status":"passed","message":"","name":"C:/Users/schro/source/repos/Plan/Releases/version01/tests/unit/services/helpTextsService.seedMissing.test.ts"},{"assertionResults":[{"ancestorTitles":["FT24 unit: master data pdf mining service"],"fullName":"FT24 unit: master data pdf mining service skips single-entry and non-sauna article lists, but keeps Schlaffass/Gartenfass single-item products","status":"passed","title":"skips single-entry and non-sauna article lists, but keeps Schlaffass/Gartenfass single-item products","duration":721.0106000000001,"failureMessages":[],"meta":{}}],"startTime":1773568012249,"endTime":1773568012970.0105,"status":"passed","message":"","name":"C:/Users/schro/source/repos/Plan/Releases/version01/tests/unit/services/masterDataPdfMiningService.test.ts"},{"assertionResults":[{"ancestorTitles":["FT27 unit: master data seed services"],"fullName":"FT27 unit: master data seed services exports and applies employees without duplicate creation","status":"passed","title":"exports and applies employees without duplicate creation","duration":69.1728,"failureMessages":[],"meta":{}},{"ancestorTitles":["FT27 unit: master data seed services"],"fullName":"FT27 unit: master data seed services defaults employee seed rows to active when the IsActive header is missing","status":"passed","title":"defaults employee seed rows to active when the IsActive header is missing","duration":7.493799999999965,"failureMessages":[],"meta":{}},{"ancestorTitles":["FT27 unit: master data seed services"],"fullName":"FT27 unit: master data seed services reports missing employees seed files","status":"passed","title":"reports missing employees seed files","duration":5.091600000000028,"failureMessages":[],"meta":{}},{"ancestorTitles":["FT27 unit: master data seed services"],"fullName":"FT27 unit: master data seed services exports and applies help texts with overwrite decisions","status":"passed","title":"exports and applies help texts with overwrite decisions","duration":22.393500000000017,"failureMessages":[],"meta":{}},{"ancestorTitles":["FT27 unit: master data seed services"],"fullName":"FT27 unit: master data seed services propagates help text import errors for invalid files","status":"passed","title":"propagates help text import errors for invalid files","duration":6.031099999999981,"failureMessages":[],"meta":{}},{"ancestorTitles":["FT27 unit: master data seed services"],"fullName":"FT27 unit: master data seed services exports and applies product management data with category upserts","status":"passed","title":"exports and applies product management data with category upserts","duration":35.36149999999998,"failureMessages":[],"meta":{}},{"ancestorTitles":["FT27 unit: master data seed services"],"fullName":"FT27 unit: master data seed services defaults product and component seed rows to active when the Is Active header is missing","status":"passed","title":"defaults product and component seed rows to active when the Is Active header is missing","duration":8.050000000000011,"failureMessages":[],"meta":{}},{"ancestorTitles":["FT27 unit: master data seed services"],"fullName":"FT27 unit: master data seed services reports missing product management files and surfaces malformed csv","status":"passed","title":"reports missing product management files and surfaces malformed csv","duration":7.281000000000006,"failureMessages":[],"meta":{}},{"ancestorTitles":["FT27 unit: master data seed services"],"fullName":"FT27 unit: master data seed services exports and applies note templates with duplicate updates and sort fallback","status":"passed","title":"exports and applies note templates with duplicate updates and sort fallback","duration":21.622400000000027,"failureMessages":[],"meta":{}},{"ancestorTitles":["FT27 unit: master data seed services"],"fullName":"FT27 unit: master data seed services defaults note template seed rows to active when the Status header is missing","status":"passed","title":"defaults note template seed rows to active when the Status header is missing","duration":5.772199999999998,"failureMessages":[],"meta":{}},{"ancestorTitles":["FT27 unit: master data seed services"],"fullName":"FT27 unit: master data seed services exports and applies tags from the temp seed directory without duplicate creation","status":"passed","title":"exports and applies tags from the temp seed directory without duplicate creation","duration":13.842600000000004,"failureMessages":[],"meta":{}},{"ancestorTitles":["FT27 unit: master data seed services"],"fullName":"FT27 unit: master data seed services reports missing tag seed files","status":"passed","title":"reports missing tag seed files","duration":3.708500000000015,"failureMessages":[],"meta":{}}],"startTime":1773568013201,"endTime":1773568013406.7085,"status":"passed","message":"","name":"C:/Users/schro/source/repos/Plan/Releases/version01/tests/unit/services/masterDataSeedServices.test.ts"},{"assertionResults":[{"ancestorTitles":["FT27 unit: masterDataService"],"fullName":"FT27 unit: masterDataService blocks non-admin access with FORBIDDEN","status":"passed","title":"blocks non-admin access with FORBIDDEN","duration":2.738400000000013,"failureMessages":[],"meta":{}},{"ancestorTitles":["FT27 unit: masterDataService"],"fullName":"FT27 unit: masterDataService normalizes undefined filter to active","status":"passed","title":"normalizes undefined filter to active","duration":0.8948000000000036,"failureMessages":[],"meta":{}},{"ancestorTitles":["FT27 unit: masterDataService"],"fullName":"FT27 unit: masterDataService maps duplicate category create to BUSINESS_CONFLICT","status":"passed","title":"maps duplicate category create to BUSINESS_CONFLICT","duration":0.386099999999999,"failureMessages":[],"meta":{}},{"ancestorTitles":["FT27 unit: masterDataService"],"fullName":"FT27 unit: masterDataService maps product update version conflict to VERSION_CONFLICT","status":"passed","title":"maps product update version conflict to VERSION_CONFLICT","duration":0.5130999999999801,"failureMessages":[],"meta":{}},{"ancestorTitles":["FT27 unit: masterDataService"],"fullName":"FT27 unit: masterDataService maps referenced category delete to BUSINESS_CONFLICT","status":"passed","title":"maps referenced category delete to BUSINESS_CONFLICT","duration":0.4245999999999981,"failureMessages":[],"meta":{}},{"ancestorTitles":["FT27 unit: masterDataService"],"fullName":"FT27 unit: masterDataService blocks deleting default product category as BUSINESS_CONFLICT","status":"passed","title":"blocks deleting default product category as BUSINESS_CONFLICT","duration":0.30100000000001614,"failureMessages":[],"meta":{}},{"ancestorTitles":["FT27 unit: masterDataService"],"fullName":"FT27 unit: masterDataService does not block deleting legacy category name by default protection","status":"passed","title":"does not block deleting legacy category name by default protection","duration":0.43789999999998486,"failureMessages":[],"meta":{}},{"ancestorTitles":["FT27 unit: masterDataService"],"fullName":"FT27 unit: masterDataService blocks deleting protected component category Dachvarianten as BUSINESS_CONFLICT","status":"passed","title":"blocks deleting protected component category Dachvarianten as BUSINESS_CONFLICT","duration":0.3633000000000095,"failureMessages":[],"meta":{}},{"ancestorTitles":["FT27 unit: masterDataService"],"fullName":"FT27 unit: masterDataService blocks deleting protected component category Fenster as BUSINESS_CONFLICT","status":"passed","title":"blocks deleting protected component category Fenster as BUSINESS_CONFLICT","duration":0.23980000000000246,"failureMessages":[],"meta":{}},{"ancestorTitles":["FT27 unit: masterDataService"],"fullName":"FT27 unit: masterDataService blocks deleting protected component category Inneneinrichtung as BUSINESS_CONFLICT","status":"passed","title":"blocks deleting protected component category Inneneinrichtung as BUSINESS_CONFLICT","duration":0.27189999999998804,"failureMessages":[],"meta":{}},{"ancestorTitles":["FT27 unit: masterDataService"],"fullName":"FT27 unit: masterDataService blocks deleting protected component category Öfen as BUSINESS_CONFLICT","status":"passed","title":"blocks deleting protected component category Öfen as BUSINESS_CONFLICT","duration":0.20829999999997995,"failureMessages":[],"meta":{}},{"ancestorTitles":["FT27 unit: masterDataService"],"fullName":"FT27 unit: masterDataService blocks deleting protected component category Rückwände as BUSINESS_CONFLICT","status":"passed","title"
[...]
fo badge preview options wiring forwards InfoBadgePreview options into HoverPreview","status":"passed","title":"forwards InfoBadgePreview options into HoverPreview","duration":0.536500000000018,"failureMessages":[],"meta":{}}],"startTime":1773568057970,"endTime":1773568057972.5366,"status":"passed","message":"","name":"C:/Users/schro/source/repos/Plan/Releases/version01/tests/unit/ui/tableView.infoBadgePreviewOptions.test.tsx"},{"assertionResults":[{"ancestorTitles":["FT-UI table view sticky frame"],"fullName":"FT-UI table view sticky frame renders sticky header classes only when stickyHeader is enabled","status":"failed","title":"renders sticky header classes only when stickyHeader is enabled","duration":4.064799999999877,"failureMessages":["ReferenceError: document is not defined\n    at render (C:\\Users\\schro\\source\\repos\\Plan\\Releases\\version01\\node_modules\\@testing-library\\react\\dist\\pure.js:256:5)\n    at C:/Users/schro/source/repos/Plan/Releases/version01/tests/unit/ui/tableView.stickyFrame.test.tsx:67:26\n    at file:///C:/Users/schro/source/repos/Plan/Releases/version01/node_modules/@vitest/runner/dist/index.js:145:11\n    at file:///C:/Users/schro/source/repos/Plan/Releases/version01/node_modules/@vitest/runner/dist/index.js:915:26\n    at file:///C:/Users/schro/source/repos/Plan/Releases/version01/node_modules/@vitest/runner/dist/index.js:1243:20\n    at new Promise (<anonymous>)\n    at runWithTimeout (file:///C:/Users/schro/source/repos/Plan/Releases/version01/node_modules/@vitest/runner/dist/index.js:1209:10)\n    at file:///C:/Users/schro/source/repos/Plan/Releases/version01/node_modules/@vitest/runner/dist/index.js:1653:37\n    at Traces.$ (file:///C:/Users/schro/source/repos/Plan/Releases/version01/node_modules/vitest/dist/chunks/traces.CCmnQaNT.js:142:27)\n    at trace (file:///C:/Users/schro/source/repos/Plan/Releases/version01/node_modules/vitest/dist/chunks/test.B8ej_ZHS.js:239:21)"],"meta":{}},{"ancestorTitles":["FT-UI table view sticky frame"],"fullName":"FT-UI table view sticky frame renders the footer bar only when footer content is present","status":"failed","title":"renders the footer bar only when footer content is present","duration":0.4963999999999942,"failureMessages":["ReferenceError: document is not defined\n    at render (C:\\Users\\schro\\source\\repos\\Plan\\Releases\\version01\\node_modules\\@testing-library\\react\\dist\\pure.js:256:5)\n    at C:/Users/schro/source/repos/Plan/Releases/version01/tests/unit/ui/tableView.stickyFrame.test.tsx:93:26\n    at file:///C:/Users/schro/source/repos/Plan/Releases/version01/node_modules/@vitest/runner/dist/index.js:145:11\n    at file:///C:/Users/schro/source/repos/Plan/Releases/version01/node_modules/@vitest/runner/dist/index.js:915:26\n    at file:///C:/Users/schro/source/repos/Plan/Releases/version01/node_modules/@vitest/runner/dist/index.js:1243:20\n    at new Promise (<anonymous>)\n    at runWithTimeout (file:///C:/Users/schro/source/repos/Plan/Releases/version01/node_modules/@vitest/runner/dist/index.js:1209:10)\n    at file:///C:/Users/schro/source/repos/Plan/Releases/version01/node_modules/@vitest/runner/dist/index.js:1653:37\n    at Traces.$ (file:///C:/Users/schro/source/repos/Plan/Releases/version01/node_modules/vitest/dist/chunks/traces.CCmnQaNT.js:142:27)\n    at trace (file:///C:/Users/schro/source/repos/Plan/Releases/version01/node_modules/vitest/dist/chunks/test.B8ej_ZHS.js:239:21)"],"meta":{}},{"ancestorTitles":["FT-UI table view sticky frame"],"fullName":"FT-UI table view sticky frame keeps horizontal footer scrollbar and body scroll in sync","status":"failed","title":"keeps horizontal footer scrollbar and body scroll in sync","duration":0.5617999999999483,"failureMessages":["ReferenceError: document is not defined\n    at render (C:\\Users\\schro\\source\\repos\\Plan\\Releases\\version01\\node_modules\\@testing-library\\react\\dist\\pure.js:256:5)\n    at C:/Users/schro/source/repos/Plan/Releases/version01/tests/unit/ui/tableView.stickyFrame.test.tsx:118:5\n    at file:///C:/Users/schro/source/repos/Plan/Releases/version01/node_modules/@vitest/runner/dist/index.js:145:11\n    at file:///C:/Users/schro/source/repos/Plan/Releases/version01/node_modules/@vitest/runner/dist/index.js:915:26\n    at file:///C:/Users/schro/source/repos/Plan/Releases/version01/node_modules/@vitest/runner/dist/index.js:1243:20\n    at new Promise (<anonymous>)\n    at runWithTimeout (file:///C:/Users/schro/source/repos/Plan/Releases/version01/node_modules/@vitest/runner/dist/index.js:1209:10)\n    at file:///C:/Users/schro/source/repos/Plan/Releases/version01/node_modules/@vitest/runner/dist/index.js:1653:37\n    at Traces.$ (file:///C:/Users/schro/source/repos/Plan/Releases/version01/node_modules/vitest/dist/chunks/traces.CCmnQaNT.js:142:27)\n    at trace (file:///C:/Users/schro/source/repos/Plan/Releases/version01/node_modules/vitest/dist/chunks/test.B8ej_ZHS.js:239:21)"],"meta":{}},{"ancestorTitles":["FT-UI table view sticky frame"],"fullName":"FT-UI table view sticky frame keeps compact row, zebra and header surface classes on the shared table primitives","status":"failed","title":"keeps compact row, zebra and header surface classes on the shared table primitives","duration":0.3626999999999043,"failureMessages":["ReferenceError: document is not defined\n    at render (C:\\Users\\schro\\source\\repos\\Plan\\Releases\\version01\\node_modules\\@testing-library\\react\\dist\\pure.js:256:5)\n    at C:/Users/schro/source/repos/Plan/Releases/version01/tests/unit/ui/tableView.stickyFrame.test.tsx:158:5\n    at file:///C:/Users/schro/source/repos/Plan/Releases/version01/node_modules/@vitest/runner/dist/index.js:145:11\n    at file:///C:/Users/schro/source/repos/Plan/Releases/version01/node_modules/@vitest/runner/dist/index.js:915:26\n    at file:///C:/Users/schro/source/repos/Plan/Releases/version01/node_modules/@vitest/runner/dist/index.js:1243:20\n    at new Promise (<anonymous>)\n    at runWithTimeout (file:///C:/Users/schro/source/repos/Plan/Releases/version01/node_modules/@vitest/runner/dist/index.js:1209:10)\n    at file:///C:/Users/schro/source/repos/Plan/Releases/version01/node_modules/@vitest/runner/dist/index.js:1653:37\n    at Traces.$ (file:///C:/Users/schro/source/repos/Plan/Releases/version01/node_modules/vitest/dist/chunks/traces.CCmnQaNT.js:142:27)\n    at trace (file:///C:/Users/schro/source/repos/Plan/Releases/version01/node_modules/vitest/dist/chunks/test.B8ej_ZHS.js:239:21)"],"meta":{}}],"startTime":1773568010895,"endTime":1773568010901.3628,"status":"failed","message":"","name":"C:/Users/schro/source/repos/Plan/Releases/version01/tests/unit/ui/tableView.stickyFrame.test.tsx"},{"assertionResults":[{"ancestorTitles":["PKG-08 TableLayout: TableView sticky header"],"fullName":"PKG-08 TableLayout: TableView sticky header applies sticky header classes on header cells when stickyHeader=true","status":"passed","title":"applies sticky header classes on header cells when stickyHeader=true","duration":10.652299999999968,"failureMessages":[],"meta":{}},{"ancestorTitles":["PKG-08 TableLayout: TableView sticky header"],"fullName":"PKG-08 TableLayout: TableView sticky header does not apply sticky header classes when stickyHeader=false","status":"passed","title":"does not apply sticky header classes when stickyHeader=false","duration":0.8283999999999878,"failureMessages":[],"meta":{}},{"ancestorTitles":["PKG-08 TableLayout: TableView sticky header"],"fullName":"PKG-08 TableLayout: TableView sticky header keeps header alignment/base classes while sticky header is enabled","status":"passed","title":"keeps header alignment/base classes while sticky header is enabled","duration":0.5330000000000155,"failureMessages":[],"meta":{}},{"ancestorTitles":["PKG-08 TableLayout: TableView sticky header"],"fullName":"PKG-08 TableLayout: TableView sticky header keeps width and minWidth styles on header cells with sticky header","status":"passed","title":"keeps width and minWidth styles on header cells with sticky header","duration":0.4961000000000695,"failureMessages":[],"meta":{}}],"startTime":1773568026395,"endTime":1773568026407.533,"status":"passed","message":"","name":"C:/Users/schro/source/repos/Plan/Releases/version01/tests/unit/ui/tableView.stickyHeader.test.tsx"},{"assertionResults":[{"ancestorTitles":["FT28 tag badge wiring"],"fullName":"FT28 tag badge wiring uses the shared short-label helper and tag preview factory","status":"passed","title":"uses the shared short-label helper and tag preview factory","duration":1.078000000000003,"failureMessages":[],"meta":{}},{"ancestorTitles":["FT28 tag badge wiring"],"fullName":"FT28 tag badge wiring forwards add and remove actions through the shared colored badge base","status":"passed","title":"forwards add and remove actions through the shared colored badge base","duration":0.22570000000001755,"failureMessages":[],"meta":{}}],"startTime":1773568074632,"endTime":1773568074633.2256,"status":"passed","message":"","name":"C:/Users/schro/source/repos/Plan/Releases/version01/tests/unit/ui/tagBadge.ui.test.tsx"},{"assertionResults":[{"ancestorTitles":["FT28 tag picker panel wiring"],"fullName":"FT28 tag picker panel wiring reuses the sidebar panel and dialog shell","status":"passed","title":"reuses the sidebar panel and dialog shell","duration":1.0644000000000062,"failureMessages":[],"meta":{}},{"ancestorTitles":["FT28 tag picker panel wiring"],"fullName":"FT28 tag picker panel wiring renders assigned tags as removable in edit mode and read-only otherwise","status":"passed","title":"renders assigned tags as removable in edit mode and read-only otherwise","duration":0.19589999999999463,"failureMessages":[],"meta":{}},{"ancestorTitles":["FT28 tag picker panel wiring"],"fullName":"FT28 tag picker panel wiring filters the add-list down to unassigned tags only","status":"passed","title":"filters the add-list down to unassigned tags only","duration":0.20830000000000837,"failureMessages":[],"meta":{}}],"startTime":1773568071392,"endTime":1773568071394.2083,"status":"passed","message":"","name":"C:/Users/schro/source/repos/Plan/Releases/version01/tests/unit/ui/tagPickerPanel.wiring.test.tsx"},{"assertionResults":[{"ancestorTitles":["FT06 TeamManagement versioning wiring"],"fullName":"FT06 TeamManagement versioning wiring sends version in team update and delete payloads","status":"passed","title":"sends version in team update and delete payloads","duration":1.117999999999995,"failureMessages":[],"meta":{}},{"ancestorTitles":["FT06 TeamManagement versioning wiring"],"fullName":"FT06 TeamManagement versioning wiring uses batch payload items with employee version","status":"passed","title":"uses batch payload items with employee version","duration":0.23959999999999582,"failureMessages":[],"meta":{}},{"ancestorTitles":["FT06 TeamManagement versioning wiring"],"fullName":"FT06 TeamManagement versioning wiring maps VERSION_CONFLICT to user-facing conflict text","status":"passed","title":"maps VERSION_CONFLICT to user-facing conflict text","duration":0.14749999999997954,"failureMessages":[],"meta":{}}],"startTime":1773568067242,"endTime":1773568067244.1475,"status":"passed","message":"","name":"C:/Users/schro/source/repos/Plan/Releases/version01/tests/unit/ui/teamManagement.versioning.test.tsx"},{"assertionResults":[{"ancestorTitles":["FT03 UI: toaster toastDesktopPosition wiring"],"fullName":"FT03 UI: toaster toastDesktopPosition wiring reads toastDesktopPosition setting and forwards it to ToastViewport","status":"passed","title":"reads toastDesktopPosition setting and forwards it to ToastViewport","duration":1.1122000000000014,"failureMessages":[],"meta":{}},{"ancestorTitles":["FT03 UI: toaster toastDesktopPosition wiring"],"fullName":"FT03 UI: toaster toastDesktopPosition wiring contains class mapping for all desktop corner positions","status":"passed","title":"contains class mapping for all desktop corner positions","duration":0.25950000000000273,"failureMessages":[],"meta":{}},{"ancestorTitles":["FT03 UI: toaster toastDesktopPosition wiring"],"fullName":"FT03 UI: toaster toastDesktopPosition wiring keeps mobile top anchor in viewport base classes","status":"passed","title":"keeps mobile top anchor in viewport base classes","duration":0.120900000000006,"failureMessages":[],"meta":{}}],"startTime":1773568066643,"endTime":1773568066644.2595,"status":"passed","message":"","name":"C:/Users/schro/source/repos/Plan/Releases/version01/tests/unit/ui/toaster.toastDesktopPosition.wiring.test.ts"},{"assertionResults":[{"ancestorTitles":["FT04 TourEditForm appointments context wiring"],"fullName":"FT04 TourEditForm appointments context wiring wires AppointmentsListPage in tour form using context","status":"passed","title":"wires AppointmentsListPage in tour form using context","duration":1.3178999999999803,"failureMessages":[],"meta":{}},{"ancestorTitles":["FT04 TourEditForm appointments context wiring"],"fullName":"FT04 TourEditForm appointments context wiring does not use deprecated appointments list props in tour form","status":"passed","title":"does not use deprecated appointments list props in tour form","duration":0.3094999999999857,"failureMessages":[],"meta":{}}],"startTime":1773568061628,"endTime":1773568061629.3179,"status":"passed","message":"","name":"C:/Users/schro/source/repos/Plan/Releases/version01/tests/unit/ui/tourEditDialog.appointmentsPanel.wiring.test.tsx"},{"assertionResults":[{"ancestorTitles":["FT04 UI: TourManagement role readonly wiring (UC 04/05)"],"fullName":"FT04 UI: TourManagement role readonly wiring (UC 04/05) blocks create action for READER/Monteur in UI","status":"failed","title":"blocks create action for READER/Monteur in UI","duration":6.666399999999982,"failureMessages":["AssertionError: expected 'import { useEffect, useState } from \"…' to contain 'const canMutateTours = effectiveUserR…'\n    at C:/Users/schro/source/repos/Plan/Releases/version01/tests/unit/ui/tourManagement.role-readonly.wiring.test.tsx:26:20\n    at file:///C:/Users/schro/source/repos/Plan/Releases/version01/node_modules/@vitest/runner/dist/index.js:145:11\n    at file:///C:/Users/schro/source/repos/Plan/Releases/version01/node_modules/@vitest/runner/dist/index.js:915:26\n    at file:///C:/Users/schro/source/repos/Plan/Releases/version01/node_modules/@vitest/runner/dist/index.js:1243:20\n    at new Promise (<anonymous>)\n    at runWithTimeout (file:///C:/Users/schro/source/repos/Plan/Releases/version01/node_modules/@vitest/runner/dist/index.js:1209:10)\n    at file:///C:/Users/schro/source/repos/Plan/Releases/version01/node_modules/@vitest/runner/dist/index.js:1653:37\n    at Traces.$ (file:///C:/Users/schro/source/repos/Plan/Releases/version01/node_modules/vitest/dist/chunks/traces.CCmnQaNT.js:142:27)\n    at trace (file:///C:/Users/schro/source/repos/Plan/Releases/version01/node_modules/vitest/dist/chunks/test.B8ej_ZHS.js:239:21)\n    at runTest (file:///C:/Users/schro/source/repos/Plan/Releases/version01/node_modules/@vitest/runner/dist/index.js:1653:12)"],"meta":{}}],"startTime":1773568009759,"endTime":1773568009765.6665,"status":"failed","message":"","name":"C:/Users/schro/source/repos/Plan/Releases/version01/tests/unit/ui/tourManagement.role-readonly.wiring.test.tsx"},{"assertionResults":[{"ancestorTitles":["FT07 TourManagement versioning wiring"],"fullName":"FT07 TourManagement versioning wiring sends version in tour update and delete payloads","status":"passed","title":"sends version in tour update and delete payloads","duration":1.2228999999999814,"failureMessages":[],"meta":{}},{"ancestorTitles":["FT07 TourManagement versioning wiring"],"fullName":"FT07 TourManagement versioning wiring uses batch payload items with employee version","status":"passed","title":"uses batch payload items with employee version","duration":0.23239999999998417,"failureMessages":[],"meta":{}},{"ancestorTitles":["FT07 TourManagement versioning wiring"],"fullName":"FT07 TourManagement versioning wiring maps VERSION_CONFLICT and BUSINESS_CONFLICT to user-facing conflict text","status":"failed","title":"maps VERSION_CONFLICT and BUSINESS_CONFLICT to user-facing conflict text","duration":6.868100000000027,"failureMessages":["AssertionError: expected 'import { useEffect, useState } from \"…' to contain 'Datensatz wurde zwischenzeitlich geän…'\n    at C:/Users/schro/source/repos/Plan/Releases/version01/tests/unit/ui/tourManagement.versioning.test.tsx:43:20\n    at file:///C:/Users/schro/source/repos/Plan/Releases/version01/node_modules/@vitest/runner/dist/index.js:145:11\n    at file:///C:/Users/schro/source/repos/Plan/Releases/version01/node_modules/@vitest/runner/dist/index.js:915:26\n    at file:///C:/Users/schro/source/repos/Plan/Releases/version01/node_modules/@vitest/runner/dist/index.js:1243:20\n    at new Promise (<anonymous>)\n    at runWithTimeout (file:///C:/Users/schro/source/repos/Plan/Releases/version01/node_modules/@vitest/runner/dist/index.js:1209:10)\n    at file:///C:/Users/schro/source/repos/Plan/Releases/version01/node_modules/@vitest/runner/dist/index.js:1653:37\n    at Traces.$ (file:///C:/Users/schro/source/repos/Plan/Releases/version01/node_modules/vitest/dist/chunks/traces.CCmnQaNT.js:142:27)\n    at trace (file:///C:/Users/schro/source/repos/Plan/Releases/version01/node_modules/vitest/dist/chunks/test.B8ej_ZHS.js:239:21)\n    at runTest (file:///C:/Users/schro/source/repos/Plan/Releases/version01/node_modules/@vitest/runner/dist/index.js:1653:12)"],"meta":{}},{"ancestorTitles":["FT07 TourManagement versioning wiring"],"fullName":"FT07 TourManagement versioning wiring wires admin-only delete action into the tour edit dialog","status":"passed","title":"wires admin-only delete action into the tour edit dialog","duration":0.27029999999999177,"failureMessages":[],"meta":{}}],"startTime":1773568009546,"endTime":1773568009555.2703,"status":"failed","message":"","name":"C:/Users/schro/source/repos/Plan/Releases/version01/tests/unit/ui/tourManagement.versioning.test.tsx"},{"assertionResults":[{"ancestorTitles":["FT03 week lane state rules"],"fullName":"FT03 week lane state rules normalizes empty expandedLaneId to null","status":"passed","title":"normalizes empty expandedLaneId to null","duration":1.1314000000000135,"failureMessages":[],"meta":{}},{"ancestorTitles":["FT03 week lane state rules"],"fullName":"FT03 week lane state rules expanded mode keeps all lanes open and ignores expandedLaneId","status":"passed","title":"expanded mode keeps all lanes open and ignores expandedLaneId","duration":0.20869999999999322,"failureMessages":[],"meta":{}},{"ancestorTitles":["FT03 week lane state rules"],"fullName":"FT03 week lane state rules collapsed mode keeps exactly one lane open when lane id is valid","status":"passed","title":"collapsed mode keeps exactly one lane open when lane id is valid","duration":0.6823000000000263,"failureMessages":[],"meta":{}},{"ancestorTitles":["FT03 week lane state rules"],"fullName":"FT03 week lane state rules falls back to first lane and marks correction when lane id is invalid","status":"passed","title":"falls back to first lane and marks correction when lane id is invalid","duration":0.1664000000000101,"failureMessages":[],"meta":{}},{"ancestorTitles":["FT03 week lane state rules"],"fullName":"FT03 week lane state rules falls back to first lane and marks correction when lane id is empty","status":"passed","title":"falls back to first lane and marks correction when lane id is empty","duration":0.16840000000001965,"failureMessages":[],"meta":{}},{"ancestorTitles":["FT03 week lane state rules"],"fullName":"FT03 week lane state rules returns stable empty state when no lanes exist","status":"passed","title":"returns stable empty state when no lanes exist","duration":0.14789999999999281,"failureMessages":[],"meta":{}}],"startTime":1773568051657,"endTime":1773568051660.1685,"status":"passed","message":"","name":"C:/Users/schro/source/repos/Plan/Releases/version01/tests/unit/ui/weekLaneState.rules.test.ts"}]}