{"numTotalTestSuites":373,"numPassedTestSuites":369,"numFailedTestSuites":4,"numPendingTestSuites":0,"numTotalTests":746,"numPassedTests":742,"numFailedTests":4,"numPendingTests":0,"numTodoTests":0,"snapshot":{"added":0,"failure":false,"filesAdded":0,"filesRemoved":0,"filesRemovedList":[],"filesUnmatched":0,"filesUpdated":0,"matched":0,"total":0,"unchecked":0,"uncheckedKeysByFile":[],"unmatched":0,"updated":0,"didUpdate":false},"startTime":1772629550217,"success":false,"testResults":[{"assertionResults":[{"ancestorTitles":["E-002 e2e: project sidebar all appointments"],"fullName":"E-002 e2e: project sidebar all appointments returns past and future appointments for one project via panel source endpoint","status":"passed","title":"returns past and future appointments for one project via panel source endpoint","duration":170.20890000000009,"failureMessages":[],"meta":{}}],"startTime":1772629637045,"endTime":1772629637215.209,"status":"passed","message":"","name":"C:/Users/r.rose/repos/Plan/releases/work/tests/e2e/project-appointments.sidebar-all.workflow.e2e.test.ts"},{"assertionResults":[{"ancestorTitles":["E-001 e2e: create project with appointment"],"fullName":"E-001 e2e: create project with appointment creates customer, project, appointment and lists appointment by project","status":"passed","title":"creates customer, project, appointment and lists appointment by project","duration":202.4266,"failureMessages":[],"meta":{}}],"startTime":1772629634535,"endTime":1772629634737.4265,"status":"passed","message":"","name":"C:/Users/r.rose/repos/Plan/releases/work/tests/e2e/project-with-appointment.workflow.e2e.test.ts"},{"assertionResults":[{"ancestorTitles":["authService.login identifier"],"fullName":"authService.login identifier authenticates by email identifier","status":"passed","title":"authenticates by email identifier","duration":1.5914999999999964,"failureMessages":[],"meta":{}}],"startTime":1772629661343,"endTime":1772629661344.5916,"status":"passed","message":"","name":"C:/Users/r.rose/repos/Plan/releases/work/tests/unit/auth/loginIdentifier.test.ts"},{"assertionResults":[{"ancestorTitles":["passwordHash"],"fullName":"passwordHash hashes and verifies a password","status":"passed","title":"hashes and verifies a password","duration":67.74969999999999,"failureMessages":[],"meta":{}}],"startTime":1772629645739,"endTime":1772629645806.7498,"status":"passed","message":"","name":"C:/Users/r.rose/repos/Plan/releases/work/tests/unit/auth/passwordHash.test.ts"},{"assertionResults":[{"ancestorTitles":["authService quick login"],"fullName":"authService quick login returns quick-login targets with role availability","status":"passed","title":"returns quick-login targets with role availability","duration":1.0515000000000043,"failureMessages":[],"meta":{}},{"ancestorTitles":["authService quick login"],"fullName":"authService quick login logs in with the first active user of the requested role","status":"passed","title":"logs in with the first active user of the requested role","duration":0.5459000000000174,"failureMessages":[],"meta":{}},{"ancestorTitles":["authService quick login"],"fullName":"authService quick login throws QUICK_LOGIN_DISABLED when feature flag is off","status":"passed","title":"throws QUICK_LOGIN_DISABLED when feature flag is off","duration":0.683099999999996,"failureMessages":[],"meta":{}},{"ancestorTitles":["authService quick login"],"fullName":"authService quick login throws USER_NOT_FOUND_FOR_ROLE when role has no active user","status":"passed","title":"throws USER_NOT_FOUND_FOR_ROLE when role has no active user","duration":0.166499999999985,"failureMessages":[],"meta":{}}],"startTime":1772629651974,"endTime":1772629651976.1665,"status":"passed","message":"","name":"C:/Users/r.rose/repos/Plan/releases/work/tests/unit/auth/quickLogin.test.ts"},{"assertionResults":[{"ancestorTitles":["FT07 unit: runtime env loading"],"fullName":"FT07 unit: runtime env loading loads development env exactly from ../../shared/.env.dev","status":"passed","title":"loads development env exactly from ../../shared/.env.dev","duration":3.7942999999999927,"failureMessages":[],"meta":{}},{"ancestorTitles":["FT07 unit: runtime env loading"],"fullName":"FT07 unit: runtime env loading loads test env exactly from ../../shared/.env.test","status":"passed","title":"loads test env exactly from ../../shared/.env.test","duration":1.9464999999999861,"failureMessages":[],"meta":{}},{"ancestorTitles":["FT07 unit: runtime env loading"],"fullName":"FT07 unit: runtime env loading accepts changed .env.test allowlist database names without code changes","status":"passed","title":"accepts changed .env.test allowlist database names without code changes","duration":1.9961999999999875,"failureMessages":[],"meta":{}},{"ancestorTitles":["FT07 unit: runtime env loading"],"fullName":"FT07 unit: runtime env loading fails fast with cwd and expected path for missing development env file","status":"passed","title":"fails fast with cwd and expected path for missing development env file","duration":1.9690000000000225,"failureMessages":[],"meta":{}},{"ancestorTitles":["FT07 unit: runtime env loading"],"fullName":"FT07 unit: runtime env loading fails fast with cwd and expected path for missing test env file","status":"passed","title":"fails fast with cwd and expected path for missing test env file","duration":1.2718000000000131,"failureMessages":[],"meta":{}},{"ancestorTitles":["FT07 unit: runtime env loading"],"fullName":"FT07 unit: runtime env loading does not load file in production and uses process env","status":"passed","title":"does not load file in production and uses process env","duration":1.0232000000000028,"failureMessages":[],"meta":{}}],"startTime":1772629646836,"endTime":1772629646848.0232,"status":"passed","message":"","name":"C:/Users/r.rose/repos/Plan/releases/work/tests/unit/config/runtimeEnv.test.ts"},{"assertionResults":[{"ancestorTitles":["FT07 unit: storage paths resolution"],"fullName":"FT07 unit: storage paths resolution resolves relative paths in development against process.cwd()","status":"passed","title":"resolves relative paths in development against process.cwd()","duration":3.8004999999999995,"failureMessages":[],"meta":{}},{"ancestorTitles":["FT07 unit: storage paths resolution"],"fullName":"FT07 unit: storage paths resolution resolves relative paths in test and production against process.cwd()","status":"passed","title":"resolves relative paths in test and production against process.cwd()","duration":2.427199999999999,"failureMessages":[],"meta":{}},{"ancestorTitles":["FT07 unit: storage paths resolution"],"fullName":"FT07 unit: storage paths resolution keeps absolute paths unchanged","status":"passed","title":"keeps absolute paths unchanged","duration":1.3380999999999972,"failureMessages":[],"meta":{}},{"ancestorTitles":["FT07 unit: storage paths resolution"],"fullName":"FT07 unit: storage paths resolution fails on missing env variables","status":"passed","title":"fails on missing env variables","duration":0.820699999999988,"failureMessages":[],"meta":{}},{"ancestorTitles":["FT07 unit: storage paths resolution"],"fullName":"FT07 unit: storage paths resolution fails on empty env value after trim","status":"passed","title":"fails on empty env value after trim","duration":0.32089999999999463,"failureMessages":[],"meta":{}}],"startTime":1772629647359,"endTime":1772629647367.3208,"status":"passed","message":"","name":"C:/Users/r.rose/repos/Plan/releases/work/tests/unit/config/storagePaths.test.ts"},{"assertionResults":[{"ancestorTitles":["PKG-15 Authorization: projectStatusService"],"fullName":"PKG-15 Authorization: projectStatusService forces non-admin list scope to active","status":"passed","title":"forces non-admin list scope to active","duration":0.9836999999999989,"failureMessages":[],"meta":{}},{"ancestorTitles":["PKG-15 Authorization: projectStatusService"],"fullName":"PKG-15 Authorization: projectStatusService allows LESER to read active project statuses","status":"passed","title":"allows LESER to read active project statuses","duration":0.7177000000000078,"failureMessages":[],"meta":{}},{"ancestorTitles":["PKG-15 Authorization: projectStatusService"],"fullName":"PKG-15 Authorization: projectStatusService rejects create for DISPONENT with FORBIDDEN","status":"passed","title":"rejects create for DISPONENT with FORBIDDEN","duration":0.5117999999999938,"failureMessages":[],"meta":{}},{"ancestorTitles":["PKG-15 Authorization: projectStatusService"],"fullName":"PKG-15 Authorization: projectStatusService rejects add relation for LESER with FORBIDDEN","status":"passed","title":"rejects add relation for LESER with FORBIDDEN","duration":0.17210000000000036,"failureMessages":[],"meta":{}},{"ancestorTitles":["PKG-15 Authorization: projectStatusService"],"fullName":"PKG-15 Authorization: projectStatusService allows DISPONENT to add and remove relation","status":"passed","title":"allows DISPONENT to add and remove relation","duration":0.23380000000000223,"failureMessages":[],"meta":{}}],"startTime":1772629651474,"endTime":1772629651477.234,"status":"passed","message":"","name":"C:/Users/r.rose/repos/Plan/releases/work/tests/unit/authorization/projectStatusAuthorization.test.ts"},{"assertionResults":[{"ancestorTitles":["PKG-03 Authorization & Roles: usersService"],"fullName":"PKG-03 Authorization & Roles: usersService rejects listUsers for non-admin context with 403","status":"passed","title":"rejects listUsers for non-admin context with 403","duration":1.636400000000009,"failureMessages":[],"meta":{}},{"ancestorTitles":["PKG-03 Authorization & Roles: usersService"],"fullName":"PKG-03 Authorization & Roles: usersService rejects changeUserRole for non-admin context with 403","status":"passed","title":"rejects changeUserRole for non-admin context with 403","duration":0.24929999999997676,"failureMessages":[],"meta":{}},{"ancestorTitles":["PKG-03 Authorization & Roles: usersService"],"fullName":"PKG-03 Authorization & Roles: usersService prevents self-demotion of last admin with BUSINESS_CONFLICT","status":"passed","title":"prevents self-demotion of last admin with BUSINESS_CONFLICT","duration":0.4725999999999999,"failureMessages":[],"meta":{}},{"ancestorTitles":["PKG-03 Authorization & Roles: usersService"],"fullName":"PKG-03 Authorization & Roles: usersService prevents demotion when no other active admin remains","status":"passed","title":"prevents demotion when no other active admin remains","duration":0.379099999999994,"failureMessages":[],"meta":{}},{"ancestorTitles":["PKG-03 Authorization & Roles: resolveUserRole middleware"],"fullName":"PKG-03 Authorization & Roles: resolveUserRole middleware maps roleCode to canonical roleKey and sets req.userContext","status":"passed","title":"maps roleCode to canonical roleKey and sets req.userContext","duration":0.45939999999998804,"failureMessages":[],"meta":{}},{"ancestorTitles":["PKG-03 Authorization & Roles: resolveUserRole middleware"],"fullName":"PKG-03 Authorization & Roles: resolveUserRole middleware fails deterministically when request userId is missing","status":"passed","title":"fails deterministically when request userId is missing","duration":0.22800000000000864,"failureMessages":[],"meta":{}}],"startTime":1772629654311,"endTime":1772629654315.228,"status":"passed","message":"","name":"C:/Users/r.rose/repos/Plan/releases/work/tests/unit/authorization/roleGuards.test.ts"},{"assertionResults":[{"ancestorTitles":["usersService.createUser"],"fullName":"usersService.createUser rejects non-admin context","status":"passed","title":"rejects non-admin context","duration":1.2779999999999916,"failureMessages":[],"meta":{}},{"ancestorTitles":["usersService.createUser"],"fullName":"usersService.createUser validates password length","status":"passed","title":"validates password length","duration":0.19190000000000396,"failureMessages":[],"meta":{}},{"ancestorTitles":["usersService.createUser"],"fullName":"usersService.createUser creates user and returns refreshed list","status":"passed","title":"creates user and returns refreshed list","duration":0.8288000000000011,"failureMessages":[],"meta":{}},{"ancestorTitles":["usersService.createUser"],"fullName":"usersService.createUser maps duplicate repository error to BUSINESS_CONFLICT","status":"passed","title":"maps duplicate repository error to BUSINESS_CONFLICT","duration":0.21330000000000382,"failureMessages":[],"meta":{}}],"startTime":1772629652658,"endTime":1772629652660.8289,"status":"passed","message":"","name":"C:/Users/r.rose/repos/Plan/releases/work/tests/unit/authorization/userCreate.test.ts"},{"assertionResults":[{"ancestorTitles":["documentTextExtractor"],"fullName":"documentTextExtractor extracts and normalizes text across pages","status":"passed","title":"extracts and normalizes text across pages","duration":0.9283000000000072,"failureMessages":[],"meta":{}},{"ancestorTitles":["documentTextExtractor"],"fullName":"documentTextExtractor throws deterministic error when no extractable text exists","status":"passed","title":"throws deterministic error when no extractable text exists","duration":1.2136999999999887,"failureMessages":[],"meta":{}}],"startTime":1772629656423,"endTime":1772629656425.2136,"status":"passed","message":"","name":"C:/Users/r.rose/repos/Plan/releases/work/tests/unit/extraction/documentTextExtractor.test.ts"},{"assertionResults":[{"ancestorTitles":["FT04 Unit: TourTests"],"fullName":"FT04 Unit: TourTests creates tours with deterministic generated names","status":"passed","title":"creates tours with deterministic generated names","duration":1.6229999999999905,"failureMessages":[],"meta":{}},{"ancestorTitles":["FT04 Unit: TourTests"],"fullName":"FT04 Unit: TourTests fills naming gaps when lower numbers are missing","status":"passed","title":"fills naming gaps when lower numbers are missing","duration":0.19479999999998654,"failureMessages":[],"meta":{}},{"ancestorTitles":["FT04 Unit: TourTests"],"fullName":"FT04 Unit: TourTests rejects update with invalid version","status":"passed","title":"rejects update with invalid version","duration":0.6747000000000298,"failureMessages":[],"meta":{}},{"ancestorTitles":["FT04 Unit: TourTests"],"fullName":"FT04 Unit: TourTests rejects delete with invalid version","status":"passed","title":"rejects delete with invalid version","duration":0.16980000000000928,"failureMessages":[],"meta":{}},{"ancestorTitles":["FT04 Unit: TourTests"],"fullName":"FT04 Unit: TourTests returns null for missing tour in version conflict path","status":"passed","title":"returns null for missing tour in version conflict path","duration":0.11099999999999,"failureMessages":[],"meta":{}},{"ancestorTitles":["FT04 Unit: TourTests"],"fullName":"FT04 Unit: TourTests throws VERSION_CONFLICT when stale version hits existing tour","status":"passed","title":"throws VERSION_CONFLICT when stale version hits existing tour","duration":0.122099999999989,"failureMessages":[],"meta":{}},{"ancestorTitles":["FT04 Unit: TourTests"],"fullName":"FT04 Unit: TourTests documents current contract behavior for empty name input","status":"passed","title":"documents current contract behavior for empty name input","duration":0.6153999999999655,"failureMessages":[],"meta":{}},{"ancestorTitles":["FT04 Unit: TourTests"],"fullName":"FT04 Unit: TourTests documents that update contract ignores name changes","status":"passed","title":"documents that update contract ignores name changes","duration":0.18580000000002883,"failureMessages":[],"meta":{}},{"ancestorTitles":["FT04 Unit: TourTests"],"fullName":"FT04 Unit: TourTests maps delete conflict to NOT_FOUND when entity no longer exists","status":"passed","title":"maps delete conflict to NOT_FOUND when entity no longer exists","duration":0.2670999999999708,"failureMessages":[],"meta":{}},{"ancestorTitles":["FT04 Unit: TourTests"],"fullName":"FT04 Unit: TourTests returns BUSINESS_CONFLICT when appointments reference the tour","status":"passed","title":"returns BUSINESS_CONFLICT when appointments reference the tour","duration":0.4467999999999961,"failureMessages":[],"meta":{}},{"ancestorTitles":["FT04 Unit: TourTests"],"fullName":"FT04 Unit: TourTests throws typed ToursError for direct type checks","status":"passed","title":"throws typed ToursError for direct type checks","duration":0.14350000000001728,"failureMessages":[],"meta":{}}],"startTime":1772629650399,"endTime":1772629650403.4468,"status":"passed","message":"","name":"C:/Users/r.rose/repos/Plan/releases/work/tests/unit/ft04/TourTests.test.ts"},{"assertionResults":[{"ancestorTitles":["FT02 project filters by order number"],"fullName":"FT02 project filters by order number filters projects by partial order number match","status":"passed","title":"filters projects by partial order number match","duration":1.089400000000012,"failureMessages":[],"meta":{}},{"ancestorTitles":["FT02 project filters by order number"],"fullName":"FT02 project filters by order number does not filter when order number filter is empty","status":"passed","title":"does not filter when order number filter is empty","duration":0.16140000000001464,"failureMessages":[],"meta":{}}],"startTime":1772629663086,"endTime":1772629663087.1614,"status":"passed","message":"","name":"C:/Users/r.rose/repos/Plan/releases/work/tests/unit/lib/projectFilters.orderNumber.test.ts"},{"assertionResults":[{"ancestorTitles":["FT02 project name format"],"fullName":"FT02 project name format formats prefixed project name","status":"passed","title":"formats prefixed project name","duration":0.6403999999999996,"failureMessages":[],"meta":{}},{"ancestorTitles":["FT02 project name format"],"fullName":"FT02 project name format parses prefixed project name into isolated project name","status":"passed","title":"parses prefixed project name into isolated project name","duration":0.3918999999999926,"failureMessages":[],"meta":{}},{"ancestorTitles":["FT02 project name format"],"fullName":"FT02 project name format keeps legacy unprefixed name as isolated name","status":"passed","title":"keeps legacy unprefixed name as isolated name","duration":0.13329999999999131,"failureMessages":[],"meta":{}}],"startTime":1772629664066,"endTime":1772629664067.1333,"status":"passed","message":"","name":"C:/Users/r.rose/repos/Plan/releases/work/tests/unit/lib/projectNameFormat.test.ts"},{"assertionResults":[{"ancestorTitles":["PKG-05 Invariant: attachment security rules"],"fullName":"PKG-05 Invariant: attachment security rules returns 405 for project attachment delete endpoint","status":"passed","title":"returns 405 for project attachment delete endpoint","duration":1.6073000000000093,"failureMessages":[],"meta":{}},{"ancestorTitles":["PKG-05 Invariant: attachment security rules"],"fullName":"PKG-05 Invariant: attachment security rules uses inline disposition for PDF when download is not forced","status":"passed","title":"uses inline disposition for PDF when download is not forced","duration":0.37520000000000664,"failureMessages":[],"meta":{}},{"ancestorTitles":["PKG-05 Invariant: attachment security rules"],"fullName":"PKG-05 Invariant: attachment security rules uses inline disposition for image mime types when download is not forced","status":"passed","title":"uses inline disposition for image mime types when download is not forced","duration":0.19360000000000355,"failureMessages":[],"meta":{}},{"ancestorTitles":["PKG-05 Invariant: attachment security rules"],"fullName":"PKG-05 Invariant: attachment security rules uses attachment disposition for non-inline mimes when download is not forced","status":"passed","title":"uses attachment disposition for non-inline mimes when download is not forced","duration":0.1747000000000014,"failureMessages":[],"meta":{}},{"ancestorTitles":["PKG-05 Invariant: attachment security rules"],"fullName":"PKG-05 Invariant: attachment security rules forces attachment disposition regardless of mime type when download flag is set","status":"passed","title":"forces attachment disposition regardless of mime type when download flag is set","duration":0.16740000000001487,"failureMessages":[],"meta":{}}],"startTime":1772629655616,"endTime":1772629655618.1936,"status":"passed","message":"","name":"C:/Users/r.rose/repos/Plan/releases/work/tests/unit/invariants/attachmentRules.test.ts"},{"assertionResults":[{"ancestorTitles":["PKG-01 Invariant: conflict priority"],"fullName":"PKG-01 Invariant: conflict priority throws EMPLOYEE_OVERLAP_CONFLICT with conflictEmployees metadata when overlap exists","status":"passed","title":"throws EMPLOYEE_OVERLAP_CONFLICT with conflictEmployees metadata when overlap exists","duration":3.5416000000000167,"failureMessages":[],"meta":{}},{"ancestorTitles":["PKG-01 Invariant: conflict priority"],"fullName":"PKG-01 Invariant: conflict priority aborts before version-update path and employee writes when overlap exists","status":"passed","title":"aborts before version-update path and employee writes when overlap exists","duration":0.717899999999986,"failureMessages":[],"meta":{}},{"ancestorTitles":["PKG-01 Invariant: conflict priority"],"fullName":"PKG-01 Invariant: conflict priority still surfaces deterministic VERSION_CONFLICT if optimistic lock fails","status":"passed","title":"still surfaces deterministic VERSION_CONFLICT if optimistic lock fails","duration":0.2536000000000058,"failureMessages":[],"meta":{}},{"ancestorTitles":["PKG-01 Invariant: conflict priority"],"fullName":"PKG-01 Invariant: conflict priority uses hour-based overlap key for timed updates","status":"passed","title":"uses hour-based overlap key for timed updates","duration":8.851999999999975,"failureMessages":[],"meta":{}}],"startTime":1772629646217,"endTime":1772629646229.852,"status":"passed","message":"","name":"C:/Users/r.rose/repos/Plan/releases/work/tests/unit/invariants/conflictPriority.test.ts"},{"assertionResults":[{"ancestorTitles":["PKG-02 Invariant: db startup guardrails"],"fullName":"PKG-02 Invariant: db startup guardrails accepts allowed database + host and creates pool","status":"passed","title":"accepts allowed database + host and creates pool","duration":5.367499999999978,"failureMessages":[],"meta":{}},{"ancestorTitles":["PKG-02 Invariant: db startup guardrails"],"fullName":"PKG-02 Invariant: db startup guardrails fails fast when database is outside allowlist","status":"passed","title":"fails fast when database is outside allowlist","duration":2.2378999999999962,"failureMessages":[],"meta":{}},{"ancestorTitles":["PKG-02 Invariant: db startup guardrails"],"fullName":"PKG-02 Invariant: db startup guardrails fails fast when host is outside allowlist","status":"passed","title":"fails fast when host is outside allowlist","duration":1.629099999999994,"failureMessages":[],"meta":{}}],"startTime":1772629647187,"endTime":1772629647196.6292,"status":"passed","message":"","name":"C:/Users/r.rose/repos/Plan/releases/work/tests/unit/invariants/dbStartupGuard.test.ts"},{"assertionResults":[{"ancestorTitles":["PKG-02 Invariant: demo seed purge safety gate"],"fullName":"PKG-02 Invariant: demo seed purge safety gate passes when target guard and SQL identity check succeed","status":"passed","title":"passes when target guard and SQL identity check succeed","duration":3.616199999999992,"failureMessages":[],"meta":{}},{"ancestorTitles":["PKG-02 Invariant: demo seed purge safety gate"],"fullName":"PKG-02 Invariant: demo seed purge safety gate hard-fails when SQL identity does not match expected test database","status":"passed","title":"hard-fails when SQL identity does not match expected test database","duration":1.487099999999998,"failureMessages":[],"meta":{}}],"startTime":1772629649072,"endTime":1772629649077.487,"status":"passed","message":"","name":"C:/Users/r.rose/repos/Plan/releases/work/tests/unit/invariants/demoSeedPurgeSafety.test.ts"},{"assertionResults":[{"ancestorTitles":["PKG-02 Invariant: locking rules"],"fullName":"PKG-02 Invariant: locking rules blocks update for non-admin on locked appointment with deterministic PAST_APPOINTMENT_READONLY","status":"passed","title":"blocks update for non-admin on locked appointment with deterministic PAST_APPOINTMENT_READONLY","duration":2.7250999999999976,"failureMessages":[],"meta":{}},{"ancestorTitles":["PKG-02 Invariant: locking rules"],"fullName":"PKG-02 Invariant: locking rules blocks delete for non-admin on locked appointment with deterministic PAST_APPOINTMENT_READONLY","status":"passed","title":"blocks delete for non-admin on locked appointment with deterministic PAST_APPOINTMENT_READONLY","duration":0.49389999999999645,"failureMessages":[],"meta":{}},{"ancestorTitles":["PKG-02 Invariant: locking rules"],"fullName":"PKG-02 Invariant: locking rules blocks admin update on locked appointment with PAST_APPOINTMENT_READONLY","status":"passed","title":"blocks admin update on locked appointment with PAST_APPOINTMENT_READONLY","duration":0.33300000000002683,"failureMessages":[],"meta":{}},{"ancestorTitles":["PKG-02 Invariant: locking rules"],"fullName":"PKG-02 Invariant: locking rules blocks admin delete on locked appointment","status":"passed","title":"blocks admin delete on locked appointment","duration":0.26839999999998554,"failureMessages":[],"meta":{}}],"startTime":1772629650001,"endTime":1772629650005.2683,"status":"passed","message":"","name":"C:/Users/r.rose/repos/Plan/releases/work/tests/unit/invariants/lockingRules.test.ts"},{"assertionResults":[{"ancestorTitles":["PKG-01 Invariant: optimistic locking"],"fullName":"PKG-01 Invariant: optimistic locking appointment update succeeds with matching version","status":"passed","title":"appointment update succeeds with matching version","duration":10.468500000000006,"failureMessages":[],"meta":{}},{"ancestorTitles":["PKG-01 Invariant: optimistic locking"],"fullName":"PKG-01 Invariant: optimistic locking appointment update returns 409 VERSION_CONFLICT for stale version","status":"passed","title":"appointment update returns 409 VERSION_CONFLICT for stale version","duration":0.6578000000000088,"failureMessages":[],"meta":{}},{"ancestorTitles":["PKG-01 Invariant: optimistic locking"],"fullName":"PKG-01 Invariant: optimistic locking appointment delete returns 409 VERSION_CONFLICT for wrong version","status":"passed","title":"appointment delete returns 409 VERSION_CONFLICT for wrong version","duration":0.34130000000004657,"failureMessages":[],"meta":{}},{"ancestorTitles":["PKG-01 Invariant: optimistic locking"],"fullName":"PKG-01 Invariant: optimistic locking project update returns 409 VERSION_CONFLICT when repository reports version_conflict","status":"passed","title":"project update returns 409 VERSION_CONFLICT when repository reports version_conflict","duration":0.29930000000001655,"failureMessages":[],"meta":{}},{"ancestorTitles":["PKG-01 Invariant: optimistic locking"],"fullName":"PKG-01 Invariant: optimistic locking project delete returns 409 VERSION_CONFLICT when repository reports version_conflict","status":"passed","title":"project delete returns 409 VERSION_CONFLICT when repository reports version_conflict","duration":0.15200000000004366,"failureMessages":[],"meta":{}},{"ancestorTitles":["PKG-01 Invariant: optimistic locking"],"fullName":"PKG-01 Invariant: optimistic locking project delete returns 409 BUSINESS_CONFLICT when repository reports business_conflict","status":"passed","title":"project delete returns 409 BUSINESS_CONFLICT when repository reports business_conflict","duration":0.10430000000002337,"failureMessages":[],"meta":{}},{"ancestorTitles":["PKG-01 Invariant: optimistic locking"],"fullName":"PKG-01 Invariant: optimistic locking note update returns 409 VERSION_CONFLICT when repository reports version_conflict","status":"passed","title":"note update returns 409 VERSION_CONFLICT when repository reports version_conflict","duration":0.13889999999997826,"failureMessages":[],"meta":{}},{"ancestorTitles":["PKG-01 Invariant: optimistic locking"],"fullName":"PKG-01 Invariant: optimistic locking note delete returns 409 VERSION_CONFLICT when repository reports version_conflict","status":"passed","title":"note delete returns 409 VERSION_CONFLICT when repository reports version_conflict","duration":0.10900000000003729,"failureMessages":[],"meta":{}}],"startTime":1772629646650,"endTime":1772629646663.139,"status":"passed","message":"","name":"C:/Users/r.rose/repos/Plan/releases/work/tests/unit/invariants/optimisticLocking.test.ts"},{"assertionResults":[{"ancestorTitles":["PKG-15 Invariant: project status assignment rules"],"fullName":"PKG-15 Invariant: project status assignment rules blocks assigning inactive status with BUSINESS_CONFLICT","status":"passed","title":"blocks assigning inactive status with BUSINESS_CONFLICT","duration":1.4257000000000062,"failureMessages":[],"meta":{}},{"ancestorTitles":["PKG-15 Invariant: project status assignment rules"],"fullName":"PKG-15 Invariant: project status assignment rules assigns active status with expectedVersion=0","status":"passed","title":"assigns active status with expectedVersion=0","duration":0.47690000000000055,"failureMessages":[],"meta":{}},{"ancestorTitles":["PKG-15 Invariant: project status assignment rules"],"fullName":"PKG-15 Invariant: project status assignment rules blocks add when relation already exists with VERSION_CONFLICT","status":"passed","title":"blocks add when relation already exists with VERSION_CONFLICT","duration":0.19039999999998258,"failureMessages":[],"meta":{}},{"ancestorTitles":["PKG-15 Invariant: project status assignment rules"],"fullName":"PKG-15 Invariant: project status assignment rules removes relation with matching version","status":"passed","title":"removes relation with matching version","duration":0.29409999999998604,"failureMessages":[],"meta":{}},{"ancestorTitles":["PKG-15 Invariant: project status assignment rules"],"fullName":"PKG-15 Invariant: project status assignment rules returns VERSION_CONFLICT for stale remove version","status":"passed","title":"returns VERSION_CONFLICT for stale remove version","duration":0.12180000000000746,"failureMessages":[],"meta":{}},{"ancestorTitles":["PKG-15 Invariant: project status assignment rules"],"fullName":"PKG-15 Invariant: project status assignment rules returns NOT_FOUND when relation is missing","status":"passed","title":"returns NOT_FOUND when relation is missing","duration":0.11299999999999955,"failureMessages":[],"meta":{}}],"startTime":1772629654636,"endTime":1772629654639.1218,"status":"passed","message":"","name":"C:/Users/r.rose/repos/Plan/releases/work/tests/unit/invariants/projectStatusAssignmentRules.test.ts"},{"assertionResults":[{"ancestorTitles":["PKG-02 Invariant: reset_absolute_state.sql guard"],"fullName":"PKG-02 Invariant: reset_absolute_state.sql guard contains SQLSTATE 45000 guard and *_test-only database rule","status":"passed","title":"contains SQLSTATE 45000 guard and *_test-only database rule","duration":1.2124000000000024,"failureMessages":[],"meta":{}}],"startTime":1772629666814,"endTime":1772629666815.2124,"status":"passed","message":"","name":"C:/Users/r.rose/repos/Plan/releases/work/tests/unit/invariants/resetAbsoluteStateSqlGuard.test.ts"},{"assertionResults":[{"ancestorTitles":["PKG-02 Invariant: resetDatabase guardrails"],"fullName":"PKG-02 Invariant: resetDatabase guardrails throws when runtime mode differs from expected test mode","status":"passed","title":"throws when runtime mode differs from expected test mode","duration":0.9151999999999987,"failureMessages":[],"meta":{}},{"ancestorTitles":["PKG-02 Invariant: resetDatabase guardrails"],"fullName":"PKG-02 Invariant: resetDatabase guardrails accepts database and host from allowlists","status":"passed","title":"accepts database and host from allowlists","duration":0.5330999999999904,"failureMessages":[],"meta":{}},{"ancestorTitles":["PKG-02 Invariant: resetDatabase guardrails"],"fullName":"PKG-02 Invariant: resetDatabase guardrails rejects database outside allowed list","status":"passed","title":"rejects database outside allowed list","duration":0.15370000000001482,"failureMessages":[],"meta":{}},{"ancestorTitles":["PKG-02 Invariant: resetDatabase guardrails"],"fullName":"PKG-02 Invariant: resetDatabase guardrails rejects host outside allowed list","status":"passed","title":"rejects host outside allowed list","duration":0.14230000000000587,"failureMessages":[],"meta":{}},{"ancestorTitles":["PKG-02 Invariant: resetDatabase guardrails"],"fullName":"PKG-02 Invariant: resetDatabase guardrails requires MUGPLAN_MODE=test for test operations","status":"passed","title":"requires MUGPLAN_MODE=test for test operations","duration":0.11930000000000973,"failureMessages":[],"meta":{}},{"ancestorTitles":["PKG-02 Invariant: resetDatabase guardrails"],"fullName":"PKG-02 Invariant: resetDatabase guardrails rejects test write target without *_test suffix","status":"passed","title":"rejects test write target without *_test suffix","duration":0.10349999999999682,"failureMessages":[],"meta":{}},{"ancestorTitles":["PKG-02 Invariant: resetDatabase guardrails"],"fullName":"PKG-02 Invariant: resetDatabase guardrails checks destructive targets with combined mode and target guards","status":"passed","title":"checks destructive targets with combined mode and target guards","duration":0.08500000000000796,"failureMessages":[],"meta":{}},{"ancestorTitles":["PKG-02 Invariant: resetDatabase guardrails"],"fullName":"PKG-02 Invariant: resetDatabase guardrails allows admin destructive operations in development when target is allowlisted","status":"passed","title":"allows admin destructive operations in development when target is allowlisted","duration":0.08910000000000196,"failureMessages":[],"meta":{}},{"ancestorTitles":["PKG-02 Invariant: resetDatabase guardrails"],"fullName":"PKG-02 Invariant: resetDatabase guardrails rejects admin destructive operations in development when target is not allowlisted","status":"passed","title":"rejects admin destructive operations in development when target is not allowlisted","duration":0.10810000000000741,"failureMessages":[],"meta":{}},{"ancestorTitles":["PKG-02 Invariant: resetDatabase guardrails"],"fullName":"PKG-02 Invariant: resetDatabase guardrails blocks admin destructive operations in production","status":"passed","title":"blocks admin destructive operations in production","duration":0.116800000000012,"failureMessages":[],"meta":{}},{"ancestorTitles":["PKG-02 Invariant: resetDatabase guardrails"],"fullName":"PKG-02 Invariant: resetDatabase guardrails requires strict test guards for admin destructive operations in test mode","status":"passed","title":"requires strict test guards for admin destructive operations in test mode","duration":0.17169999999998709,"failureMessages":[],"meta":{}},{"ancestorTitles":["PKG-02 Invariant: resetDatabase guardrails"],"fullName":"PKG-02 Invariant: resetDatabase guardrails accepts SQL identity when active database matches expected test db","status":"passed","title":"accepts SQL identity when active database matches expected test db","duration":0.3760000000000048,"failureMessages":[],"meta":{}},{"ancestorTitles":["PKG-02 Invariant: resetDatabase guardrails"],"fullName":"PKG-02 Invariant: resetDatabase guardrails rejects SQL identity when active database differs from expected test db","status":"passed","title":"rejects SQL identity when active database differs from expected test db","duration":0.20779999999999177,"failureMessages":[],"meta":{}},{"ancestorTitles":["PKG-02 Invariant: resetDatabase guardrails"],"fullName":"PKG-02 Invariant: resetDatabase guardrails rejects SQL identity when active database cannot be resolved","status":"passed","title":"rejects SQL identity when active database cannot be resolved","duration":0.09749999999999659,"failureMessages":[],"meta":{}}],"startTime":1772629651640,"endTime":1772629651643.2078,"status":"passed","message":"","name":"C:/Users/r.rose/repos/Plan/releases/work/tests/unit/invariants/resetDatabaseGuard.test.ts"},{"assertionResults":[{"ancestorTitles":["FT21 projects repository order-number conflict wiring"],"fullName":"FT21 projects repository order-number conflict wiring checks duplicate order numbers only against active projects","status":"passed","title":"checks duplicate order numbers only against active projects","duration":0.648699999999991,"failureMessages":[],"meta":{}}],"startTime":1772629669077,"endTime":1772629669077.6487,"status":"passed","message":"","name":"C:/Users/r.rose/repos/Plan/releases/work/tests/unit/repositories/projectsRepository.orderNumberConflict.wiring.test.ts"},{"assertionResults":[{"ancestorTitles":["FT07 service: backup retention"],"fullName":"FT07 service: backup retention removes backup folders older than 30 days and keeps newer ones","status":"passed","title":"removes backup folders older than 30 days and keeps newer ones","duration":6.090599999999995,"failureMessages":[],"meta":{}}],"startTime":1772629647533,"endTime":1772629647539.0906,"status":"passed","message":"","name":"C:/Users/r.rose/repos/Plan/releases/work/tests/unit/services/backupRetentionService.test.ts"},{"assertionResults":[{"ancestorTitles":["FT07 service: backup scheduler disabled handling"],"fullName":"FT07 service: backup scheduler disabled handling writes skipped disabled log when backup_enabled is false","status":"passed","title":"writes skipped disabled log when backup_enabled is false","duration":4.0488,"failureMessages":[],"meta":{}},{"ancestorTitles":["FT07 service: backup scheduler disabled handling"],"fullName":"FT07 service: backup scheduler disabled handling does not write disabled skipped log when backup_enabled is true","status":"passed","title":"does not write disabled skipped log when backup_enabled is true","duration":0.5309999999999775,"failureMessages":[],"meta":{}}],"startTime":1772629649595,"endTime":1772629649599.531,"status":"passed","message":"","name":"C:/Users/r.rose/repos/Plan/releases/work/tests/unit/services/backupScheduler.disabled.test.ts"},{"assertionResults":[{"ancestorTitles":["FT24 unit: bulk import limits"],"fullName":"FT24 unit: bulk import limits rejects analyze when file count exceeds maxFiles","status":"passed","title":"rejects analyze when file count exceeds maxFiles","duration":1.4607000000000312,"failureMessages":[],"meta":{}},{"ancestorTitles":["FT24 unit: bulk import limits"],"fullName":"FT24 unit: bulk import limits rejects analyze when a single file exceeds maxFileSizeBytes","status":"passed","title":"rejects analyze when a single file exceeds maxFileSizeBytes","duration":0.196899999999971,"failureMessages":[],"meta":{}},{"ancestorTitles":["FT24 unit: bulk import limits"],"fullName":"FT24 unit: bulk import limits converts only pdf files to bulk import inputs","status":"passed","title":"converts only pdf files to bulk import inputs","duration":0.5865999999999758,"failureMessages":[],"meta":{}}],"startTime":1772629656250,"endTime":1772629656252.5867,"status":"passed","message":"","name":"C:/Users/r.rose/repos/Plan/releases/work/tests/unit/services/bulkImportService.limits.test.ts"},{"assertionResults":[{"ancestorTitles":["FT21 customers service duplicate customer number mapping"],"fullName":"FT21 customers service duplicate customer number mapping maps mysql duplicate entry on customer_number to CUSTOMER_NUMBER_CONFLICT","status":"passed","title":"maps mysql duplicate entry on customer_number to CUSTOMER_NUMBER_CONFLICT","duration":1.3675000000000068,"failureMessages":[],"meta":{}},{"ancestorTitles":["FT21 customers service duplicate customer number mapping"],"fullName":"FT21 customers service duplicate customer number mapping rethrows non-duplicate errors","status":"passed","title":"rethrows non-duplicate errors","duration":0.24289999999999168,"failureMessages":[],"meta":{}}],"startTime":1772629657415,"endTime":1772629657417.243,"status":"passed","message":"","name":"C:/Users/r.rose/repos/Plan/releases/work/tests/unit/services/customersService.duplicateCustomerNumber.test.ts"},{"assertionResults":[{"ancestorTitles":["FT21 deterministic article parser"],"fullName":"FT21 deterministic article parser extracts item count and merges multiline descriptions","status":"passed","title":"extracts item count and merges multiline descriptions","duration":2.116100000000017,"failureMessages":[],"meta":{}},{"ancestorTitles":["FT21 deterministic article parser"],"fullName":"FT21 deterministic article parser removes price and tax content from descriptions","status":"passed","title":"removes price and tax content from descriptions","duration":0.24450000000001637,"failureMessages":[],"meta":{}},{"ancestorTitles":["FT21 deterministic article parser"],"fullName":"FT21 deterministic article parser throws when marker range is missing","status":"passed","title":"throws when marker range is missing","duration":0.724899999999991,"failureMessages":[],"meta":{}}],"startTime":1772629655777,"endTime":1772629655780.7249,"status":"passed","message":"","name":"C:/Users/r.rose/repos/Plan/releases/work/tests/unit/services/documentArticleDeterministicParser.test.ts"},{"assertionResults":[{"ancestorTitles":["FT21 deterministic header parser"],"fullName":"FT21 deterministic header parser extracts inline label-value header fields in one line","status":"passed","title":"extracts inline label-value header fields in one line","duration":2.7601999999999975,"failureMessages":[],"meta":{}},{"ancestorTitles":["FT21 deterministic header parser"],"fullName":"FT21 deterministic header parser extracts phone from label Kunden - Tel.","status":"passed","title":"extracts phone from label Kunden - Tel.","duration":0.5334000000000003,"failureMessages":[],"meta":{}},{"ancestorTitles":["FT21 deterministic header parser"],"fullName":"FT21 deterministic header parser extracts phone from inline label Kunden Tel.","status":"passed","title":"extracts phone from inline label Kunden Tel.","duration":0.20230000000000814,"failureMessages":[],"meta":{}},{"ancestorTitles":["FT21 deterministic header parser"],"fullName":"FT21 deterministic header parser extracts phone from Telefon label without customer prefix","status":"passed","title":"extracts phone from Telefon label without customer prefix","duration":0.21580000000000155,"failureMessages":[],"meta":{}},{"ancestorTitles":["FT21 deterministic header parser"],"fullName":"FT21 deterministic header parser extracts customer number, order number and mobile","status":"passed","title":"extracts customer number, order number and mobile","duration":0.4455999999999847,"failureMessages":[],"meta":{}},{"ancestorTitles":["FT21 deterministic header parser"],"fullName":"FT21 deterministic header parser allows missing mobile number and returns null","status":"passed","title":"allows missing mobile number and returns null","duration":0.20060000000000855,"failureMessages":[],"meta":{}},{"ancestorTitles":["FT21 deterministic header parser"],"fullName":"FT21 deterministic header parser parses WaWi address lines with spaced house number token","status":"passed","title":"parses WaWi address lines with spaced house number token","duration":0.25970000000000937,"failureMessages":[],"meta":{}},{"ancestorTitles":["FT21 deterministic header parser"],"fullName":"FT21 deterministic header parser parses address block when salutation line is missing","status":"passed","title":"parses address block when salutation line is missing","duration":0.21300000000002228,"failureMessages":[],"meta":{}},{"ancestorTitles":["FT21 deterministic header parser"],"fullName":"FT21 deterministic header parser skips interleaved generic lines and still maps correct numeric values","status":"passed","title":"skips interleaved generic lines and still maps correct numeric values","duration":0.17500000000001137,"failureMessages":[],"meta":{}},{"ancestorTitles":["FT21 deterministic header parser"],"fullName":"FT21 deterministic header parser returns null mobile when mobil label has no valid number","status":"passed","title":"returns null mobile when mobil label has no valid number","duration":0.19129999999998404,"failureMessages":[],"meta":{}},{"ancestorTitles":["FT21 deterministic header parser"],"fullName":"FT21 deterministic header parser prefers mobile when both mobile and tel labels contain different valid numbers","status":"passed","title":"prefers mobile when both mobile and tel labels contain different valid numbers","duration":0.1383000000000152,"failureMessages":[],"meta":{}},{"ancestorTitles":["FT21 deterministic header parser"],"fullName":"FT21 deterministic header parser selects first valid mobile when multiple mobile numbers exist","status":"passed","title":"selects first valid mobile when multiple mobile numbers exist","duration":0.11180000000001655,"failureMessages":[],"meta":{}},{"ancestorTitles":["FT21 deterministic header parser"],"fullName":"FT21 deterministic header parser selects first valid tel when no mobile number exists","status":"passed","title":"selects first valid tel when no mobile number exists","duration":0.10769999999999413,"failureMessages":[],"meta":{}},{"ancestorTitles":["FT21 deterministic header parser"],"fullName":"FT21 deterministic header parser does not map date values as mobile numbers","status":"passed","title":"does not map date values as mobile numbers","duration":0.12480000000002178,"failureMessages":[],"meta":{}},{"ancestorTitles":["FT21 deterministic header parser"],"fullName":"FT21 deterministic header parser does not map date values as tel numbers","status":"passed","title":"does not map date values as tel numbers","duration":0.09090000000000487,"failureMessages":[],"meta":{}},{"ancestorTitles":["FT21 deterministic header parser"],"fullName":"FT21 deterministic header parser ignores free text after mobile label","status":"passed","title":"ignores free text after mobile label","duration":0.10779999999999745,"failureMessages":[],"meta":{}},{"ancestorTitles":["FT21 deterministic header parser"],"fullName":"FT21 deterministic header parser ignores free text after tel label","status":"passed","title":"ignores free text after tel label","duration":0.09800000000001319,"failureMessages":[],"meta":{}},{"ancestorTitles":["FT21 deterministic header parser"],"fullName":"FT21 deterministic header parser parses company-only identity without forcing person names","status":"passed","title":"parses company-only identity without forcing person names","duration":0.14629999999999654,"failureMessages":[],"meta":{}},{"ancestorTitles":["FT21 deterministic header parser"],"fullName":"FT21 deterministic header parser parses inline salutation person plus dedicated company line","status":"passed","title":"parses inline salutation person plus dedicated company line","duration":0.13399999999998613,"failureMessages":[],"meta":{}},{"ancestorTitles":["FT21 deterministic header parser"],"fullName":"FT21 deterministic header parser parses person identity with unicode letters and OCR accent artifacts","status":"passed","title":"parses person identity with unicode letters and OCR accent artifacts","duration":0.20640000000000214,"failureMessages":[],"meta":{}},{"ancestorTitles":["FT21 deterministic header parser"],"fullName":"FT21 deterministic header parser throws deterministic address-pattern error when street line is missing","status":"passed","title":"throws deterministic address-pattern error when street line is missing","duration":0.5460999999999956,"failureMessages":[],"meta":{}},{"ancestorTitles":["FT21 deterministic header parser"],"fullName":"FT21 deterministic header parser throws when customer number is missing","status":"passed","title":"throws when customer number is missing","duration":0.13190000000000168,"failureMessages":[],"meta":{}},{"ancestorTitles":["FT21 deterministic header parser"],"fullName":"FT21 deterministic header parser throws when multiple customer numbers are found","status":"passed","title":"throws when multiple customer numbers are found","duration":0.12139999999999418,"failureMessages":[],"meta":{}}],"startTime":1772629648202,"endTime":1772629648210.1318,"status":"passed","message":"","name":"C:/Users/r.rose/repos/Plan/releases/work/tests/unit/services/documentHeaderDeterministicParser.test.ts"},{"assertionResults":[{"ancestorTitles":["FT21 document processing customer resolution"],"fullName":"FT21 document processing customer resolution returns none when no customer exists","status":"passed","title":"returns none when no customer exists","duration":1.2331999999999539,"failureMessages":[],"meta":{}},{"ancestorTitles":["FT21 document processing customer resolution"],"fullName":"FT21 document processing customer resolution returns single when exactly one customer exists","status":"passed","title":"returns single when exactly one customer exists","duration":0.22200000000003683,"failureMessages":[],"meta":{}},{"ancestorTitles":["FT21 document processing customer resolution"],"fullName":"FT21 document processing customer resolution returns multiple when more than one customer exists","status":"passed","title":"returns multiple when more than one customer exists","duration":0.14670000000000982,"failureMessages":[],"meta":{}},{"ancestorTitles":["FT21 document processing customer resolution"],"fullName":"FT21 document processing customer resolution maps duplicate flag from resolution count","status":"passed","title":"maps duplicate flag from resolution count","duration":0.16390000000001237,"failureMessages":[],"meta":{}}],"startTime":1772629655443,"endTime":1772629655445.1638,"status":"passed","message":"","name":"C:/Users/r.rose/repos/Plan/releases/work/tests/unit/services/documentProcessing.customerResolution.test.ts"},{"assertionResults":[{"ancestorTitles":["FT23 unit: employees csv import service"],"fullName":"FT23 unit: employees csv import service imports valid semicolon csv rows and returns summary","status":"passed","title":"imports valid semicolon csv rows and returns summary","duration":1.1071000000000026,"failureMessages":[],"meta":{}},{"ancestorTitles":["FT23 unit: employees csv import service"],"fullName":"FT23 unit: employees csv import service accepts comma delimiter and trims values","status":"passed","title":"accepts comma delimiter and trims values","duration":1.1581999999999937,"failureMessages":[],"meta":{}},{"ancestorTitles":["FT23 unit: employees csv import service"],"fullName":"FT23 unit: employees csv import service marks duplicate against existing employees case-insensitive","status":"passed","title":"marks duplicate against existing employees case-insensitive","duration":0.22450000000000614,"failureMessages":[],"meta":{}},{"ancestorTitles":["FT23 unit: employees csv import service"],"fullName":"FT23 unit: employees csv import service marks duplicate within CSV file","status":"passed","title":"marks duplicate within CSV file","duration":0.14929999999998245,"failureMessages":[],"meta":{}},{"ancestorTitles":["FT23 unit: employees csv import service"],"fullName":"FT23 unit: employees csv import service marks invalid row when name too long","status":"passed","title":"marks invalid row when name too long","duration":0.12459999999998672,"failureMessages":[],"meta":{}},{"ancestorTitles":["FT23 unit: employees csv import service"],"fullName":"FT23 unit: employees csv import service marks invalid row on broken quotes","status":"passed","title":"marks invalid row on broken quotes","duration":0.12269999999998049,"failureMessages":[],"meta":{}},{"ancestorTitles":["FT23 unit: employees csv import service"],"fullName":"FT23 unit: employees csv import service throws INVALID_CSV_HEADER when required header is missing","status":"passed","title":"throws INVALID_CSV_HEADER when required header is missing","duration":0.6212999999999909,"failureMessages":[],"meta":{}}],"startTime":1772629650741,"endTime":1772629650744.6213,"status":"passed","message":"","name":"C:/Users/r.rose/repos/Plan/releases/work/tests/unit/services/employees.importCsv.ft23.test.ts"},{"assertionResults":[{"ancestorTitles":["FT05 unit: employeesService"],"fullName":"FT05 unit: employeesService createEmployee builds fullName and returns repository employee","status":"passed","title":"createEmployee builds fullName and returns repository employee","duration":1.7313999999999794,"failureMessages":[],"meta":{}},{"ancestorTitles":["FT05 unit: employeesService"],"fullName":"FT05 unit: employeesService listEmployees enforces active scope for non-admin and respects requested scope for admin","status":"passed","title":"listEmployees enforces active scope for non-admin and respects requested scope for admin","duration":0.2178000000000111,"failureMessages":[],"meta":{}},{"ancestorTitles":["FT05 unit: employeesService"],"fullName":"FT05 unit: employeesService getEmployeeWithRelations returns null for non-admin when employee is inactive","status":"passed","title":"getEmployeeWithRelations returns null for non-admin when employee is inactive","duration":0.18999999999999773,"failureMessages":[],"meta":{}},{"ancestorTitles":["FT05 unit: employeesService"],"fullName":"FT05 unit: employeesService getEmployeeWithRelations returns employee with team/tour for admin","status":"passed","title":"getEmployeeWithRelations returns employee with team/tour for admin","duration":0.12890000000001578,"failureMessages":[],"meta":{}},{"ancestorTitles":["FT05 unit: employeesService"],"fullName":"FT05 unit: employeesService updateEmployee rejects version < 1","status":"passed","title":"updateEmployee rejects version < 1","duration":0.6348000000000127,"failureMessages":[],"meta":{}},{"ancestorTitles":["FT05 unit: employeesService"],"fullName":"FT05 unit: employeesService updateEmployee returns null when employee does not exist","status":"passed","title":"updateEmployee returns null when employee does not exist","duration":0.0922000000000196,"failureMessages":[],"meta":{}},{"ancestorTitles":["FT05 unit: employeesService"],"fullName":"FT05 unit: employeesService updateEmployee forbids non-admin isActive change","status":"passed","title":"updateEmployee forbids non-admin isActive change","duration":0.13150000000001683,"failureMessages":[],"meta":{}},{"ancestorTitles":["FT05 unit: employeesService"],"fullName":"FT05 unit: employeesService updateEmployee maps stale version to VERSION_CONFLICT","status":"passed","title":"updateEmployee maps stale version to VERSION_CONFLICT","duration":0.13269999999999982,"failureMessages":[],"meta":{}},{"ancestorTitles":["FT05 unit: employeesService"],"fullName":"FT05 unit: employeesService updateEmployee with identical values documents delegated version behavior","status":"passed","title":"updateEmployee with identical values documents delegated version behavior","duration":0.2231000000000165,"failureMessages":[],"meta":{}},{"ancestorTitles":["FT05 unit: employeesService"],"fullName":"FT05 unit: employeesService toggleEmployeeActive rejects non-admin","status":"passed","title":"toggleEmployeeActive rejects non-admin","duration":0.14989999999997394,"failureMessages":[],"meta":{}},{"ancestorTitles":["FT05 unit: employeesService"],"fullName":"FT05 unit: employeesService toggleEmployeeActive rejects invalid version","status":"passed","title":"toggleEmployeeActive rejects invalid version","duration":0.09530000000000882,"failureMessages":[],"meta":{}},{"ancestorTitles":["FT05 unit: employeesService"],"fullName":"FT05 unit: employeesService toggleEmployeeActive maps stale version to VERSION_CONFLICT","status":"passed","title":"toggleEmployeeActive maps stale version to VERSION_CONFLICT","duration":0.08289999999999509,"failureMessages":[],"meta":{}},{"ancestorTitles":["FT05 unit: employeesService"],"fullName":"FT05 unit: employeesService toggleEmployeeActive returns null when conflict path finds no employee","status":"passed","title":"toggleEmployeeActive returns null when conflict path finds no employee","duration":0.04749999999998522,"failureMessages":[],"meta":{}},{"ancestorTitles":["FT05 unit: employeesService"],"fullName":"FT05 unit: employeesService toggleEmployeeActive updates and increments version for admin","status":"passed","title":"toggleEmployeeActive updates and increments version for admin","duration":0.11089999999998668,"failureMessages":[],"meta":{}}],"startTime":1772629649249,"endTime":1772629649253.2231,"status":"passed","message":"","name":"C:/Users/r.rose/repos/Plan/releases/work/tests/unit/services/employeesService.ft05.test.ts"},{"assertionResults":[{"ancestorTitles":["FT20 unit: extraction fallback"],"fullName":"FT20 unit: extraction fallback removes common EUR/price patterns from text block","status":"passed","title":"removes common EUR/price patterns from text block","duration":1.0913000000000181,"failureMessages":[],"meta":{}},{"ancestorTitles":["FT20 unit: extraction fallback"],"fullName":"FT20 unit: extraction fallback builds resilient fallback extraction with non-empty essentials","status":"passed","title":"builds resilient fallback extraction with non-empty essentials","duration":0.4977000000000089,"failureMessages":[],"meta":{}}],"startTime":1772629658236,"endTime":1772629658237.4978,"status":"passed","message":"","name":"C:/Users/r.rose/repos/Plan/releases/work/tests/unit/services/extractionFallback.test.ts"},{"assertionResults":[{"ancestorTitles":["FT28 help text frontend key scan service"],"fullName":"FT28 help text frontend key scan service collects static keys and reports duplicate usage counts","status":"passed","title":"collects static keys and reports duplicate usage counts","duration":9.145100000000014,"failureMessages":[],"meta":{}},{"ancestorTitles":["FT28 help text frontend key scan service"],"fullName":"FT28 help text frontend key scan service ignores dynamic key expressions","status":"passed","title":"ignores dynamic key expressions","duration":1.1324000000000183,"failureMessages":[],"meta":{}},{"ancestorTitles":["FT28 help text frontend key scan service"],"fullName":"FT28 help text frontend key scan service returns warning when frontend root does not exist","status":"passed","title":"returns warning when frontend root does not exist","duration":0.26499999999998636,"failureMessages":[],"meta":{}}],"startTime":1772629647012,"endTime":1772629647022.265,"status":"passed","message":"","name":"C:/Users/r.rose/repos/Plan/releases/work/tests/unit/services/helpTextFrontendKeyScanService.test.ts"},{"assertionResults":[{"ancestorTitles":["FT28 help texts service seed missing"],"fullName":"FT28 help texts service seed missing creates only missing keys and skips existing keys","status":"passed","title":"creates only missing keys and skips existing keys","duration":2.18040000000002,"failureMessages":[],"meta":{}},{"ancestorTitles":["FT28 help texts service seed missing"],"fullName":"FT28 help texts service seed missing is effectively idempotent when all keys already exist","status":"passed","title":"is effectively idempotent when all keys already exist","duration":0.2574999999999932,"failureMessages":[],"meta":{}},{"ancestorTitles":["FT28 help texts service seed missing"],"fullName":"FT28 help texts service seed missing returns warnings when scanner yields no keys","status":"passed","title":"returns warnings when scanner yields no keys","duration":0.16910000000001446,"failureMessages":[],"meta":{}}],"startTime":1772629656589,"endTime":1772629656591.2576,"status":"passed","message":"","name":"C:/Users/r.rose/repos/Plan/releases/work/tests/unit/services/helpTextsService.seedMissing.test.ts"},{"assertionResults":[{"ancestorTitles":["FT02 projects service project name normalization"],"fullName":"FT02 projects service project name normalization formats project name on create with customer number prefix","status":"passed","title":"formats project name on create with customer number prefix","duration":1.6828999999999894,"failureMessages":[],"meta":{}},{"ancestorTitles":["FT02 projects service project name normalization"],"fullName":"FT02 projects service project name normalization normalizes update input name against current customer number","status":"passed","title":"normalizes update input name against current customer number","duration":0.3353000000000179,"failureMessages":[],"meta":{}},{"ancestorTitles":["FT02 projects service project name normalization"],"fullName":"FT02 projects service project name normalization rebuilds prefixed name when customer changes without explicit name update","status":"passed","title":"rebuilds prefixed name when customer changes without explicit name update","duration":0.23910000000000764,"failureMessages":[],"meta":{}},{"ancestorTitles":["FT02 projects service project name normalization"],"fullName":"FT02 projects service project name normalization returns VALIDATION_ERROR when customer cannot be resolved","status":"passed","title":"returns VALIDATION_ERROR when customer cannot be resolved","duration":0.6856999999999971,"failureMessages":[],"meta":{}}],"startTime":1772629653968,"endTime":1772629653970.6858,"status":"passed","message":"","name":"C:/Users/r.rose/repos/Plan/releases/work/tests/unit/services/projectsService.projectNameNormalization.test.ts"},{"assertionResults":[{"ancestorTitles":["FT02 unit: projects service required-field behavior"],"fullName":"FT02 unit: projects service required-field behavior returns VALIDATION_ERROR when customerId is missing","status":"passed","title":"returns VALIDATION_ERROR when customerId is missing","duration":1.4098000000000184,"failureMessages":[],"meta":{}},{"ancestorTitles":["FT02 unit: projects service required-field behavior"],"fullName":"FT02 unit: projects service required-field behavior returns VALIDATION_ERROR when customerId does not exist","status":"passed","title":"returns VALIDATION_ERROR when customerId does not exist","duration":0.20319999999998117,"failureMessages":[],"meta":{}},{"ancestorTitles":["FT02 unit: projects service required-field behavior"],"fullName":"FT02 unit: projects service required-field behavior documents current behavior for empty project name","status":"passed","title":"documents current behavior for empty project name","duration":0.926400000000001,"failureMessages":[],"meta":{}}],"startTime":1772629654144,"endTime":1772629654146.9265,"status":"passed","message":"","name":"C:/Users/r.rose/repos/Plan/releases/work/tests/unit/services/projectsService.requiredFields.test.ts"},{"assertionResults":[{"ancestorTitles":["FT11 unit: teamEmployeesService"],"fullName":"FT11 unit: teamEmployeesService rejects assign when at least one item has invalid version","status":"passed","title":"rejects assign when at least one item has invalid version","duration":1.2270000000000039,"failureMessages":[],"meta":{}},{"ancestorTitles":["FT11 unit: teamEmployeesService"],"fullName":"FT11 unit: teamEmployeesService rejects remove when version is invalid","status":"passed","title":"rejects remove when version is invalid","duration":0.20959999999999468,"failureMessages":[],"meta":{}},{"ancestorTitles":["FT11 unit: teamEmployeesService"],"fullName":"FT11 unit: teamEmployeesService returns NOT_FOUND on assign when employee does not exist","status":"passed","title":"returns NOT_FOUND on assign when employee does not exist","duration":0.2886999999999773,"failureMessages":[],"meta":{}},{"ancestorTitles":["FT11 unit: teamEmployeesService"],"fullName":"FT11 unit: teamEmployeesService returns VERSION_CONFLICT on assign when employee exists but version is stale","status":"passed","title":"returns VERSION_CONFLICT on assign when employee exists but version is stale","duration":0.14740000000000464,"failureMessages":[],"meta":{}},{"ancestorTitles":["FT11 unit: teamEmployeesService"],"fullName":"FT11 unit: teamEmployeesService aborts transactional batch assign on conflict without returning partial success","status":"passed","title":"aborts transactional batch assign on conflict without returning partial success","duration":0.2501000000000033,"failureMessages":[],"meta":{}},{"ancestorTitles":["FT11 unit: teamEmployeesService"],"fullName":"FT11 unit: teamEmployeesService returns null on remove conflict when employee is already missing","status":"passed","title":"returns null on remove conflict when employee is already missing","duration":0.08840000000000714,"failureMessages":[],"meta":{}}],"startTime":1772629654809,"endTime":1772629654811.2888,"status":"passed","message":"","name":"C:/Users/r.rose/repos/Plan/releases/work/tests/unit/services/teamEmployeesService.ft11.test.ts"},{"assertionResults":[{"ancestorTitles":["FT11 unit: teamsService"],"fullName":"FT11 unit: teamsService generates team name on server and ignores client-provided name","status":"passed","title":"generates team name on server and ignores client-provided name","duration":1.3220999999999776,"failureMessages":[],"meta":{}},{"ancestorTitles":["FT11 unit: teamsService"],"fullName":"FT11 unit: teamsService keeps generated names unique when existing names already contain next slot","status":"passed","title":"keeps generated names unique when existing names already contain next slot","duration":0.17920000000000869,"failureMessages":[],"meta":{}},{"ancestorTitles":["FT11 unit: teamsService"],"fullName":"FT11 unit: teamsService rejects update when version is invalid","status":"passed","title":"rejects update when version is invalid","duration":0.6589999999999918,"failureMessages":[],"meta":{}},{"ancestorTitles":["FT11 unit: teamsService"],"fullName":"FT11 unit: teamsService rejects delete when version is invalid","status":"passed","title":"rejects delete when version is invalid","duration":0.15809999999999036,"failureMessages":[],"meta":{}},{"ancestorTitles":["FT11 unit: teamsService"],"fullName":"FT11 unit: teamsService maps update version conflict to null when team no longer exists","status":"passed","title":"maps update version conflict to null when team no longer exists","duration":0.10880000000000223,"failureMessages":[],"meta":{}},{"ancestorTitles":["FT11 unit: teamsService"],"fullName":"FT11 unit: teamsService maps update version conflict to VERSION_CONFLICT when team still exists","status":"passed","title":"maps update version conflict to VERSION_CONFLICT when team still exists","duration":0.1272999999999911,"failureMessages":[],"meta":{}},{"ancestorTitles":["FT11 unit: teamsService"],"fullName":"FT11 unit: teamsService maps delete version conflict to NOT_FOUND when team is gone","status":"passed","title":"maps delete version conflict to NOT_FOUND when team is gone","duration":0.12409999999999854,"failureMessages":[],"meta":{}},{"ancestorTitles":["FT11 unit: teamsService"],"fullName":"FT11 unit: teamsService maps delete version conflict to VERSION_CONFLICT when team still exists","status":"passed","title":"maps delete version conflict to VERSION_CONFLICT when team still exists","duration":0.11820000000000164,"failureMessages":[],"meta":{}}],"startTime":1772629652491,"endTime":1772629652494.1272,"status":"passed","message":"","name":"C:/Users/r.rose/repos/Plan/releases/work/tests/unit/services/teamsService.ft11.test.ts"},{"assertionResults":[{"ancestorTitles":["PKG-04 Validation & DTO: handleZodError"],"fullName":"PKG-04 Validation & DTO: handleZodError maps invalid payload errors to 400 validation response","status":"passed","title":"maps invalid payload errors to 400 validation response","duration":2.4558000000000106,"failureMessages":[],"meta":{}},{"ancestorTitles":["PKG-04 Validation & DTO: handleZodError"],"fullName":"PKG-04 Validation & DTO: handleZodError returns false for non-zod errors","status":"passed","title":"returns false for non-zod errors","duration":0.2504000000000133,"failureMessages":[],"meta":{}},{"ancestorTitles":["FT21 Validation & DTO: deterministic extraction"],"fullName":"FT21 Validation & DTO: deterministic extraction extractFromPdf returns normalized extraction and never persists customer data","status":"passed","title":"extractFromPdf returns normalized extraction and never persists customer data","duration":1.147500000000008,"failureMessages":[],"meta":{}},{"ancestorTitles":["FT21 Validation & DTO: deterministic extraction"],"fullName":"FT21 Validation & DTO: deterministic extraction throws deterministic extraction error when parser fails","status":"passed","title":"throws deterministic extraction error when parser fails","duration":0.47169999999999845,"failureMessages":[],"meta":{}},{"ancestorTitles":["FT21 Validation & DTO: deterministic extraction"],"fullName":"FT21 Validation & DTO: deterministic extraction aborts extraction with order conflict when order number already exists","status":"passed","title":"aborts extraction with order conflict when order number already exists","duration":0.19540000000000646,"failureMessages":[],"meta":{}}],"startTime":1772629648907,"endTime":1772629648911.4717,"status":"passed","message":"","name":"C:/Users/r.rose/repos/Plan/releases/work/tests/unit/validation/dtoValidators.test.ts"},{"assertionResults":[{"ancestorTitles":["FT05 unit: employees dto validation"],"fullName":"FT05 unit: employees dto validation create dto accepts valid minimal payload","status":"passed","title":"create dto accepts valid minimal payload","duration":1.020399999999995,"failureMessages":[],"meta":{}},{"ancestorTitles":["FT05 unit: employees dto validation"],"fullName":"FT05 unit: employees dto validation create dto rejects missing required fields","status":"passed","title":"create dto rejects missing required fields","duration":0.31380000000001473,"failureMessages":[],"meta":{}},{"ancestorTitles":["FT05 unit: employees dto validation"],"fullName":"FT05 unit: employees dto validation create dto rejects invalid datatypes","status":"passed","title":"create dto rejects invalid datatypes","duration":0.1249000000000251,"failureMessages":[],"meta":{}},{"ancestorTitles":["FT05 unit: employees dto validation"],"fullName":"FT05 unit: employees dto validation create dto rejects overlong firstName (IST)","status":"passed","title":"create dto rejects overlong firstName (IST)","duration":0.1543999999999528,"failureMessages":[],"meta":{}},{"ancestorTitles":["FT05 unit: employees dto validation"],"fullName":"FT05 unit: employees dto validation update dto rejects missing version","status":"passed","title":"update dto rejects missing version","duration":0.20130000000000337,"failureMessages":[],"meta":{}},{"ancestorTitles":["FT05 unit: employees dto validation"],"fullName":"FT05 unit: employees dto validation update dto rejects version <= 0","status":"passed","title":"update dto rejects version <= 0","duration":0.11730000000000018,"failureMessages":[],"meta":{}},{"ancestorTitles":["FT05 unit: employees dto validation"],"fullName":"FT05 unit: employees dto validation update dto rejects invalid version datatype","status":"passed","title":"update dto rejects invalid version datatype","duration":0.07569999999998345,"failureMessages":[],"meta":{}},{"ancestorTitles":["FT05 unit: employees dto validation"],"fullName":"FT05 unit: employees dto validation update dto rejects invalid payload structure","status":"passed","title":"update dto rejects invalid payload structure","duration":0.06629999999995562,"failureMessages":[],"meta":{}},{"ancestorTitles":["FT05 unit: employees dto validation"],"fullName":"FT05 unit: employees dto validation update dto currently allows overlong firstName (IST documentation)","status":"passed","title":"update dto currently allows overlong firstName (IST documentation)","duration":0.073599999999999,"failureMessages":[],"meta":{}},{"ancestorTitles":["FT05 unit: employees dto validation"],"fullName":"FT05 unit: employees dto validation toggle dto rejects missing version","status":"passed","title":"toggle dto rejects missing version","duration":0.12119999999998754,"failureMessages":[],"meta":{}},{"ancestorTitles":["FT05 unit: employees dto validation"],"fullName":"FT05 unit: employees dto validation toggle dto rejects negative version","status":"passed","title":"toggle dto rejects negative version","duration":0.077699999999993,"failureMessages":[],"meta":{}},{"ancestorTitles":["FT05 unit: employees dto validation"],"fullName":"FT05 unit: employees dto validation toggle dto rejects missing isActive or invalid type","status":"passed","title":"toggle dto rejects missing isActive or invalid type","duration":0.08339999999998327,"failureMessages":[],"meta":{}}],"startTime":1772629653618,"endTime":1772629653621.0835,"status":"passed","message":"","name":"C:/Users/r.rose/repos/Plan/releases/work/tests/unit/validation/employees.dto.validation.ft05.test.ts"},{"assertionResults":[{"ancestorTitles":["FT20 extraction validator structure"],"fullName":"FT20 extraction validator structure normalizes optional fields and trims warnings","status":"passed","title":"normalizes optional fields and trims warnings","duration":1.6724999999999852,"failureMessages":[],"meta":{}},{"ancestorTitles":["FT20 extraction validator structure"],"fullName":"FT20 extraction validator structure accepts missing firstName and lastName as nullable fields","status":"passed","title":"accepts missing firstName and lastName as nullable fields","duration":0.21959999999998558,"failureMessages":[],"meta":{}},{"ancestorTitles":["FT20 extraction validator structure"],"fullName":"FT20 extraction validator structure categorizes articles and generates flat semantic html","status":"passed","title":"categorizes articles and generates flat semantic html","duration":0.5895999999999901,"failureMessages":[],"meta":{}},{"ancestorTitles":["FT20 extraction validator structure"],"fullName":"FT20 extraction validator structure keeps article html flat across multiple categories","status":"passed","title":"keeps article html flat across multiple categories","duration":0.2511000000000081,"failureMessages":[],"meta":{}},{"ancestorTitles":["FT20 extraction validator structure"],"fullName":"FT20 extraction validator structure escapes html-sensitive text","status":"passed","title":"escapes html-sensitive text","duration":0.15760000000000218,"failureMessages":[],"meta":{}},{"ancestorTitles":["FT20 extraction validator structure"],"fullName":"FT20 extraction validator structure throws when required structure is missing","status":"passed","title":"throws when required structure is missing","duration":0.5849000000000046,"failureMessages":[],"meta":{}}],"startTime":1772629649416,"endTime":1772629649419.585,"status":"passed","message":"","name":"C:/Users/r.rose/repos/Plan/releases/work/tests/unit/validation/extractionValidator.structure.test.ts"},{"assertionResults":[{"ancestorTitles":["FT07 settings registry: backup_enabled"],"fullName":"FT07 settings registry: backup_enabled defines backup_enabled as GLOBAL boolean with default true","status":"passed","title":"defines backup_enabled as GLOBAL boolean with default true","duration":0.8866999999999905,"failureMessages":[],"meta":{}},{"ancestorTitles":["FT07 settings registry: backup_enabled"],"fullName":"FT07 settings registry: backup_enabled validates only boolean values","status":"passed","title":"validates only boolean values","duration":0.15979999999998995,"failureMessages":[],"meta":{}},{"ancestorTitles":["FT07 settings registry: backup_lane_tour_ids"],"fullName":"FT07 settings registry: backup_lane_tour_ids defines backup_lane_tour_ids as GLOBAL string","status":"passed","title":"defines backup_lane_tour_ids as GLOBAL string","duration":0.12170000000000414,"failureMessages":[],"meta":{}},{"ancestorTitles":["FT07 settings registry: backup_lane_tour_ids"],"fullName":"FT07 settings registry: backup_lane_tour_ids accepts only csv values with max 3 positive unique ids","status":"passed","title":"accepts only csv values with max 3 positive unique ids","duration":0.1711999999999989,"failureMessages":[],"meta":{}}],"startTime":1772629654967,"endTime":1772629654969.1711,"status":"passed","message":"","name":"C:/Users/r.rose/repos/Plan/releases/work/tests/unit/settings/backupEnabled.registry.test.ts"},{"assertionResults":[{"ancestorTitles":["PKG-08 SettingsProvider versioning"],"fullName":"PKG-08 SettingsProvider versioning resolves version by selected scope","status":"passed","title":"resolves version by selected scope","duration":0.7062000000000239,"failureMessages":[],"meta":{}},{"ancestorTitles":["PKG-08 SettingsProvider versioning"],"fullName":"PKG-08 SettingsProvider versioning falls back to version 1 when scope is allowed but no persisted scope value exists","status":"passed","title":"falls back to version 1 when scope is allowed but no persisted scope value exists","duration":0.14639999999997144,"failureMessages":[],"meta":{}},{"ancestorTitles":["PKG-08 SettingsProvider versioning"],"fullName":"PKG-08 SettingsProvider versioning retries once after VERSION_CONFLICT using refreshed version","status":"passed","title":"retries once after VERSION_CONFLICT using refreshed version","duration":0.8592000000000439,"failureMessages":[],"meta":{}},{"ancestorTitles":["PKG-08 SettingsProvider versioning"],"fullName":"PKG-08 SettingsProvider versioning sends version 1 when current scope version is missing but scope is allowed","status":"passed","title":"sends version 1 when current scope version is missing but scope is allowed","duration":0.17439999999999145,"failureMessages":[],"meta":{}},{"ancestorTitles":["PKG-08 SettingsProvider versioning"],"fullName":"PKG-08 SettingsProvider versioning does not send fallback version when setting is unknown","status":"passed","title":"does not send fallback version when setting is unknown","duration":0.7767999999999802,"failureMessages":[],"meta":{}},{"ancestorTitles":["PKG-08 SettingsProvider versioning"],"fullName":"PKG-08 SettingsProvider versioning detects VERSION_CONFLICT from error message","status":"passed","title":"detects VERSION_CONFLICT from error message","duration":0.10239999999998872,"failureMessages":[],"meta":{}}],"startTime":1772629653234,"endTime":1772629653237.1023,"status":"passed","message":"","name":"C:/Users/r.rose/repos/Plan/releases/work/tests/unit/settings/settingsProvider.versioning.test.tsx"},{"assertionResults":[{"ancestorTitles":["PKG-08 user settings resolved mapping"],"fullName":"PKG-08 user settings resolved mapping maps scope versions and resolvedVersion for USER resolved values","status":"passed","title":"maps scope versions and resolvedVersion for USER resolved values","duration":1.6821000000000197,"failureMessages":[],"meta":{}},{"ancestorTitles":["PKG-08 user settings resolved mapping"],"fullName":"PKG-08 user settings resolved mapping keeps version fields undefined when only default value resolves","status":"passed","title":"keeps version fields undefined when only default value resolves","duration":0.22149999999999181,"failureMessages":[],"meta":{}},{"ancestorTitles":["PKG-08 user settings resolved mapping"],"fullName":"PKG-08 user settings resolved mapping maps global version and resolved value for hoverPreviewOpenDelayMs","status":"passed","title":"maps global version and resolved value for hoverPreviewOpenDelayMs","duration":0.21770000000000778,"failureMessages":[],"meta":{}},{"ancestorTitles":["PKG-08 user settings resolved mapping"],"fullName":"PKG-08 user settings resolved mapping maps global version and resolved value for toastDesktopPosition","status":"passed","title":"maps global version and resolved value for toastDesktopPosition","duration":0.16319999999998913,"failureMessages":[],"meta":{}},{"ancestorTitles":["PKG-08 user settings resolved mapping"],"fullName":"PKG-08 user settings resolved mapping maps FT03 week lane settings with USER scope and versions","status":"passed","title":"maps FT03 week lane settings with USER scope and versions","duration":0.24519999999998277,"failureMessages":[],"meta":{}},{"ancestorTitles":["PKG-08 user settings resolved mapping"],"fullName":"PKG-08 user settings resolved mapping maps user version and resolved value for helpTextPreviewSize","status":"passed","title":"maps user version and resolved value for helpTextPreviewSize","duration":0.1396999999999764,"failureMessages":[],"meta":{}}],"startTime":1772629650567,"endTime":1772629650569.245,"status":"passed","message":"","name":"C:/Users/r.rose/repos/Plan/releases/work/tests/unit/settings/userSettingsResolvedMapping.test.ts"},{"assertionResults":[{"ancestorTitles":["FT18 useSettings attachmentPreviewSize"],"fullName":"FT18 useSettings attachmentPrev
[...]
and template integrity"],"fullName":"FT09/FT13 integration: note joins and template integrity isolates customer notes by parent customer","status":"passed","title":"isolates customer notes by parent customer","duration":125.25509999999986,"failureMessages":[],"meta":{}},{"ancestorTitles":["FT09/FT13 integration: note joins and template integrity"],"fullName":"FT09/FT13 integration: note joins and template integrity isolates project notes by parent project","status":"passed","title":"isolates project notes by parent project","duration":142.00630000000024,"failureMessages":[],"meta":{}},{"ancestorTitles":["FT09/FT13 integration: note joins and template integrity"],"fullName":"FT09/FT13 integration: note joins and template integrity returns only active templates by default and returns active+inactive with active=false","status":"passed","title":"returns only active templates by default and returns active+inactive with active=false","duration":110.60179999999991,"failureMessages":[],"meta":{}},{"ancestorTitles":["FT09/FT13 integration: note joins and template integrity"],"fullName":"FT09/FT13 integration: note joins and template integrity must not delete foreign customer note via parent-mismatch path","status":"passed","title":"must not delete foreign customer note via parent-mismatch path","duration":103.79610000000002,"failureMessages":[],"meta":{}},{"ancestorTitles":["FT09/FT13 integration: note joins and template integrity"],"fullName":"FT09/FT13 integration: note joins and template integrity must not delete foreign project note via parent-mismatch path","status":"passed","title":"must not delete foreign project note via parent-mismatch path","duration":120.37810000000036,"failureMessages":[],"meta":{}},{"ancestorTitles":["FT09/FT13 integration: note joins and template integrity"],"fullName":"FT09/FT13 integration: note joins and template integrity deletes note rows and both joins when note is actually deleted while parent entities remain","status":"passed","title":"deletes note rows and both joins when note is actually deleted while parent entities remain","duration":121.71059999999989,"failureMessages":[],"meta":{}},{"ancestorTitles":["FT09/FT13 integration: note joins and template integrity"],"fullName":"FT09/FT13 integration: note joins and template integrity deletes orphan project notes when deleting a project","status":"passed","title":"deletes orphan project notes when deleting a project","duration":114.8146999999999,"failureMessages":[],"meta":{}},{"ancestorTitles":["FT09/FT13 integration: note joins and template integrity"],"fullName":"FT09/FT13 integration: note joins and template integrity keeps note when deleting project if note is still linked to customer","status":"passed","title":"keeps note when deleting project if note is still linked to customer","duration":121.2832000000003,"failureMessages":[],"meta":{}},{"ancestorTitles":["FT09/FT13 integration: note joins and template integrity"],"fullName":"FT09/FT13 integration: note joins and template integrity keeps customer_note relation when customer is archived","status":"passed","title":"keeps customer_note relation when customer is archived","duration":117.84320000000025,"failureMessages":[],"meta":{}},{"ancestorTitles":["FT09/FT13 integration: note joins and template integrity"],"fullName":"FT09/FT13 integration: note joins and template integrity persists template creation in note_template table with versioning defaults","status":"passed","title":"persists template creation in note_template table with versioning defaults","duration":94.58840000000009,"failureMessages":[],"meta":{}}],"startTime":1772629572560,"endTime":1772629574393.5884,"status":"passed","message":"","name":"C:/Users/r.rose/repos/Plan/releases/work/tests/integration/server/notes.joins-and-template-integrity.integration.test.ts"},{"assertionResults":[{"ancestorTitles":["FT04 integration: project sidebar all appointments source"],"fullName":"FT04 integration: project sidebar all appointments source returns past and future appointments for the selected project","status":"passed","title":"returns past and future appointments for the selected project","duration":177.2186999999999,"failureMessages":[],"meta":{}}],"startTime":1772629635798,"endTime":1772629635975.2188,"status":"passed","message":"","name":"C:/Users/r.rose/repos/Plan/releases/work/tests/integration/server/projectAppointments.sidebar-all.integration.test.ts"},{"assertionResults":[{"ancestorTitles":["FT04 integration: project appointments version contract"],"fullName":"FT04 integration: project appointments version contract returns version on project appointment list items","status":"passed","title":"returns version on project appointment list items","duration":183.01379999999995,"failureMessages":[],"meta":{}}],"startTime":1772629640796,"endTime":1772629640979.014,"status":"passed","message":"","name":"C:/Users/r.rose/repos/Plan/releases/work/tests/integration/server/projectAppointments.version.test.ts"},{"assertionResults":[{"ancestorTitles":["FT02 integration: project attachments"],"fullName":"FT02 integration: project attachments UC 02/06 happy path: list, upload, open, download and delete=405","status":"passed","title":"UC 02/06 happy path: list, upload, open, download and delete=405","duration":159.88540000000012,"failureMessages":[],"meta":{}},{"ancestorTitles":["FT02 integration: project attachments"],"fullName":"FT02 integration: project attachments UC 02/06 negative requirement: unknown project upload should return 404","status":"passed","title":"UC 02/06 negative requirement: unknown project upload should return 404","duration":91.69209999999998,"failureMessages":[],"meta":{}},{"ancestorTitles":["FT02 integration: project attachments"],"fullName":"FT02 integration: project attachments UC 02/06 negative requirement: READER upload should be blocked with 403","status":"passed","title":"UC 02/06 negative requirement: READER upload should be blocked with 403","duration":120.91470000000004,"failureMessages":[],"meta":{}}],"startTime":1772629623407,"endTime":1772629623779.9148,"status":"passed","message":"","name":"C:/Users/r.rose/repos/Plan/releases/work/tests/integration/server/projects.attachments.integration.test.ts"},{"assertionResults":[{"ancestorTitles":["FT02 integration: project/customer FK constraint"],"fullName":"FT02 integration: project/customer FK constraint rejects project insert when customer_id does not exist","status":"passed","title":"rejects project insert when customer_id does not exist","duration":95.79399999999998,"failureMessages":[],"meta":{}}],"startTime":1772629645467,"endTime":1772629645562.794,"status":"passed","message":"","name":"C:/Users/r.rose/repos/Plan/releases/work/tests/integration/server/projects.customer-fk.constraint.integration.test.ts"},{"assertionResults":[{"ancestorTitles":["FT02 integration: race condition project delete"],"fullName":"FT02 integration: race condition project delete UC 02/18: delete and concurrent appointment create keep referential integrity","status":"passed","title":"UC 02/18: delete and concurrent appointment create keep referential integrity","duration":186.13739999999984,"failureMessages":[],"meta":{}},{"ancestorTitles":["FT02 integration: race condition project delete"],"fullName":"FT02 integration: race condition project delete UC 02/18 explicit conflict expectation (may fail if implementation differs)","status":"passed","title":"UC 02/18 explicit conflict expectation (may fail if implementation differs)","duration":106.72690000000011,"failureMessages":[],"meta":{}}],"startTime":1772629629171,"endTime":1772629629463.7268,"status":"passed","message":"","name":"C:/Users/r.rose/repos/Plan/releases/work/tests/integration/server/projects.delete.race-condition.integration.test.ts"},{"assertionResults":[{"ancestorTitles":["FT02 integration: project delete rules"],"fullName":"FT02 integration: project delete rules returns 204 when deleting project without appointments","status":"passed","title":"returns 204 when deleting project without appointments","duration":135.88170000000014,"failureMessages":[],"meta":{}},{"ancestorTitles":["FT02 integration: project delete rules"],"fullName":"FT02 integration: project delete rules returns 409 BUSINESS_CONFLICT when project has at least one appointment","status":"passed","title":"returns 409 BUSINESS_CONFLICT when project has at least one appointment","duration":105.63149999999996,"failureMessages":[],"meta":{}},{"ancestorTitles":["FT02 integration: project delete rules"],"fullName":"FT02 integration: project delete rules returns 409 VERSION_CONFLICT when deleting with stale version","status":"passed","title":"returns 409 VERSION_CONFLICT when deleting with stale version","duration":108.13200000000006,"failureMessages":[],"meta":{}},{"ancestorTitles":["FT02 integration: project delete rules"],"fullName":"FT02 integration: project delete rules returns 404 NOT_FOUND for unknown project","status":"passed","title":"returns 404 NOT_FOUND for unknown project","duration":90.86570000000006,"failureMessages":[],"meta":{}}],"startTime":1772629613940,"endTime":1772629614380.8657,"status":"passed","message":"","name":"C:/Users/r.rose/repos/Plan/releases/work/tests/integration/server/projects.delete.rules.test.ts"},{"assertionResults":[{"ancestorTitles":["FT02 integration: project detail aggregate contract"],"fullName":"FT02 integration: project detail aggregate contract UC 02/03 requirement: detail response contains full aggregate sections","status":"passed","title":"UC 02/03 requirement: detail response contains full aggregate sections","duration":156.32290000000012,"failureMessages":[],"meta":{}}],"startTime":1772629643295,"endTime":1772629643451.323,"status":"passed","message":"","name":"C:/Users/r.rose/repos/Plan/releases/work/tests/integration/server/projects.detail.aggregate-contract.integration.test.ts"},{"assertionResults":[{"ancestorTitles":["FT02 integration: projects scope and mengenlogik"],"fullName":"FT02 integration: projects scope and mengenlogik UC 02/07 + UC 02/17: keeps upcoming and noAppointments disjoint","status":"passed","title":"UC 02/07 + UC 02/17: keeps upcoming and noAppointments disjoint","duration":179.75019999999995,"failureMessages":[],"meta":{}},{"ancestorTitles":["FT02 integration: projects scope and mengenlogik"],"fullName":"FT02 integration: projects scope and mengenlogik UC 02/17: status filter stays inside selected ground set","status":"passed","title":"UC 02/17: status filter stays inside selected ground set","duration":138.58339999999998,"failureMessages":[],"meta":{}}],"startTime":1772629627761,"endTime":1772629628079.5835,"status":"passed","message":"","name":"C:/Users/r.rose/repos/Plan/releases/work/tests/integration/server/projects.scope.mengenlogik.integration.test.ts"},{"assertionResults":[{"ancestorTitles":["FT15 integration: project status lifecycle"],"fullName":"FT15 integration: project status lifecycle returns 422 when updating without version","status":"passed","title":"returns 422 when updating without version","duration":133.34979999999996,"failureMessages":[],"meta":{}},{"ancestorTitles":["FT15 integration: project status lifecycle"],"fullName":"FT15 integration: project status lifecycle returns 409 VERSION_CONFLICT on stale update version","status":"passed","title":"returns 409 VERSION_CONFLICT on stale update version","duration":91.93539999999985,"failureMessages":[],"meta":{}},{"ancestorTitles":["FT15 integration: project status lifecycle"],"fullName":"FT15 integration: project status lifecycle toggles active state successfully with version","status":"passed","title":"toggles active state successfully with version","duration":94.4541999999999,"failureMessages":[],"meta":{}},{"ancestorTitles":["FT15 integration: project status lifecycle"],"fullName":"FT15 integration: project status lifecycle blocks delete when status is in use","status":"passed","title":"blocks delete when status is in use","duration":106.64609999999993,"failureMessages":[],"meta":{}},{"ancestorTitles":["FT15 integration: project status lifecycle"],"fullName":"FT15 integration: project status lifecycle blocks delete when status is default","status":"passed","title":"blocks delete when status is default","duration":109.08879999999999,"failureMessages":[],"meta":{}}],"startTime":1772629602512,"endTime":1772629603047.0889,"status":"passed","message":"","name":"C:/Users/r.rose/repos/Plan/releases/work/tests/integration/server/projectStatus.lifecycle.test.ts"},{"assertionResults":[{"ancestorTitles":["FT15 integration: project status relations"],"fullName":"FT15 integration: project status relations blocks add relation for inactive status","status":"passed","title":"blocks add relation for inactive status","duration":142.21439999999984,"failureMessages":[],"meta":{}},{"ancestorTitles":["FT15 integration: project status relations"],"fullName":"FT15 integration: project status relations adds relation with expectedVersion=0 and blocks second add with VERSION_CONFLICT","status":"passed","title":"adds relation with expectedVersion=0 and blocks second add with VERSION_CONFLICT","duration":114.66580000000022,"failureMessages":[],"meta":{}},{"ancestorTitles":["FT15 integration: project status relations"],"fullName":"FT15 integration: project status relations removes existing relation with matching version and blocks stale version","status":"passed","title":"removes existing relation with matching version and blocks stale version","duration":125.47649999999999,"failureMessages":[],"meta":{}},{"ancestorTitles":["FT15 integration: project status relations"],"fullName":"FT15 integration: project status relations returns NOT_FOUND when removing non-existing relation","status":"passed","title":"returns NOT_FOUND when removing non-existing relation","duration":105.80439999999999,"failureMessages":[],"meta":{}}],"startTime":1772629599332,"endTime":1772629599820.8044,"status":"passed","message":"","name":"C:/Users/r.rose/repos/Plan/releases/work/tests/integration/server/projectStatus.relations.test.ts"},{"assertionResults":[{"ancestorTitles":["FT15 integration: project status visibility by role"],"fullName":"FT15 integration: project status visibility by role keeps non-admin project-status list on active scope even when all/inactive is requested","status":"passed","title":"keeps non-admin project-status list on active scope even when all/inactive is requested","duration":177.17349999999988,"failureMessages":[],"meta":{}},{"ancestorTitles":["FT15 integration: project status visibility by role"],"fullName":"FT15 integration: project status visibility by role allows READER to read active project-status list","status":"passed","title":"allows READER to read active project-status list","duration":136.4145000000001,"failureMessages":[],"meta":{}},{"ancestorTitles":["FT15 integration: project status visibility by role"],"fullName":"FT15 integration: project status visibility by role allows DISPONENT to add and remove project-status relation","status":"passed","title":"allows DISPONENT to add and remove project-status relation","duration":156.55939999999987,"failureMessages":[],"meta":{}},{"ancestorTitles":["FT15 integration: project status visibility by role"],"fullName":"FT15 integration: project status visibility by role returns 403 FORBIDDEN when READER tries to add/remove project-status relation","status":"passed","title":"returns 403 FORBIDDEN when READER tries to add/remove project-status relation","duration":143.87480000000005,"failureMessages":[],"meta":{}},{"ancestorTitles":["FT15 integration: project status visibility by role"],"fullName":"FT15 integration: project status visibility by role allows non-admin readonly relation list","status":"passed","title":"allows non-admin readonly relation list","duration":146.31489999999985,"failureMessages":[],"meta":{}}],"startTime":1772629586852,"endTime":1772629587612.315,"status":"passed","message":"","name":"C:/Users/r.rose/repos/Plan/releases/work/tests/integration/server/projectStatus.visibility.by-role.test.ts"},{"assertionResults":[{"ancestorTitles":["FT06/FT07 integration: team/tour versioning contracts"],"fullName":"FT06/FT07 integration: team/tour versioning contracts returns VERSION_CONFLICT for stale team update/delete","status":"passed","title":"returns VERSION_CONFLICT for stale team update/delete","duration":99.22980000000001,"failureMessages":[],"meta":{}},{"ancestorTitles":["FT06/FT07 integration: team/tour versioning contracts"],"fullName":"FT06/FT07 integration: team/tour versioning contracts returns VALIDATION_ERROR for invalid team versions","status":"passed","title":"returns VALIDATION_ERROR for invalid team versions","duration":62.632000000000005,"failureMessages":[],"meta":{}},{"ancestorTitles":["FT06/FT07 integration: team/tour versioning contracts"],"fullName":"FT06/FT07 integration: team/tour versioning contracts returns VERSION_CONFLICT for stale tour update/delete","status":"passed","title":"returns VERSION_CONFLICT for stale tour update/delete","duration":61.97880000000009,"failureMessages":[],"meta":{}},{"ancestorTitles":["FT06/FT07 integration: team/tour versioning contracts"],"fullName":"FT06/FT07 integration: team/tour versioning contracts returns VALIDATION_ERROR for invalid tour versions","status":"passed","title":"returns VALIDATION_ERROR for invalid tour versions","duration":61.891200000000026,"failureMessages":[],"meta":{}}],"startTime":1772629629873,"endTime":1772629630158.891,"status":"passed","message":"","name":"C:/Users/r.rose/repos/Plan/releases/work/tests/integration/server/teamsTours.versioning.test.ts"},{"assertionResults":[{"ancestorTitles":["FT04 integration: tours current appointments"],"fullName":"FT04 integration: tours current appointments returns 200 and array payload for valid tour id","status":"passed","title":"returns 200 and array payload for valid tour id","duration":145.71000000000004,"failureMessages":[],"meta":{}},{"ancestorTitles":["FT04 integration: tours current appointments"],"fullName":"FT04 integration: tours current appointments returns 400 for non-numeric tour id","status":"passed","title":"returns 400 for non-numeric tour id","duration":100.17560000000003,"failureMessages":[],"meta":{}},{"ancestorTitles":["FT04 integration: tours current appointments"],"fullName":"FT04 integration: tours current appointments returns 400 for invalid fromDate format","status":"passed","title":"returns 400 for invalid fromDate format","duration":92.57729999999992,"failureMessages":[],"meta":{}},{"ancestorTitles":["FT04 integration: tours current appointments"],"fullName":"FT04 integration: tours current appointments returns 200 with empty array for non-existing tour id","status":"passed","title":"returns 200 with empty array for non-existing tour id","duration":86.3949,"failureMessages":[],"meta":{}}],"startTime":1772629616929,"endTime":1772629617354.395,"status":"passed","message":"","name":"C:/Users/r.rose/repos/Plan/releases/work/tests/integration/server/tours.current-appointments.ft04.integration.test.ts"},{"assertionResults":[{"ancestorTitles":["FT03 integration: week lane settings persistence"],"fullName":"FT03 integration: week lane settings persistence persists lane settings user-specifically and keeps values across reload","status":"passed","title":"persists lane settings user-specifically and keeps values across reload","duration":231.47339999999986,"failureMessages":[],"meta":{}},{"ancestorTitles":["FT03 integration: week lane settings persistence"],"fullName":"FT03 integration: week lane settings persistence supports correction flow from invalid to valid expandedLaneId","status":"passed","title":"supports correction flow from invalid to valid expandedLaneId","duration":141.97440000000006,"failureMessages":[],"meta":{}}],"startTime":1772629621983,"endTime":1772629622355.9744,"status":"passed","message":"","name":"C:/Users/r.rose/repos/Plan/releases/work/tests/integration/server/userSettings.weekLaneCollapse.persistence.test.ts"}]}