<?xml version="1.0" encoding="UTF-8" ?>
<testsuites name="vitest tests" tests="637" failures="33" errors="0" time="36.5952788">
    <testsuite name="tests/e2e/project-with-appointment.workflow.e2e.test.ts" timestamp="2026-02-26T13:49:43.329Z" hostname="Multimedia5" tests="1" failures="0" errors="0" skipped="0" time="1.0568762">
        <testcase classname="tests/e2e/project-with-appointment.workflow.e2e.test.ts" name="E-001 e2e: create project with appointment &gt; creates customer, project, appointment and lists appointment by project" time="1.0547861">
        </testcase>
    </testsuite>
    <testsuite name="tests/integration/batch/batchRollback.test.ts" timestamp="2026-02-26T13:49:43.332Z" hostname="Multimedia5" tests="1" failures="0" errors="0" skipped="0" time="0.0449346">
        <testcase classname="tests/integration/batch/batchRollback.test.ts" name="PKG-06 Integration: batch rollback guarantees &gt; rolls back complete batch when one item has stale version (no partial updates)" time="0.0443493">
        </testcase>
    </testsuite>
    <testsuite name="tests/integration/bootstrap/ensureSystemRoles.test.ts" timestamp="2026-02-26T13:49:43.332Z" hostname="Multimedia5" tests="2" failures="0" errors="0" skipped="0" time="0.0814755">
        <testcase classname="tests/integration/bootstrap/ensureSystemRoles.test.ts" name="startup bootstrap: ensureSystemRoles &gt; creates ADMIN/READER/DISPATCHER when roles table is empty" time="0.0782566">
        </testcase>
        <testcase classname="tests/integration/bootstrap/ensureSystemRoles.test.ts" name="startup bootstrap: ensureSystemRoles &gt; is idempotent when called repeatedly" time="0.0025823">
        </testcase>
    </testsuite>
    <testsuite name="tests/integration/extraction/documentTextExtractor.fixture.test.ts" timestamp="2026-02-26T13:49:43.333Z" hostname="Multimedia5" tests="1" failures="0" errors="0" skipped="0" time="0.0700205">
        <testcase classname="tests/integration/extraction/documentTextExtractor.fixture.test.ts" name="PKG-08.1 Integration: document text extraction fixture &gt; extracts text from fixture pdf (Gotthardt Anke 163214 AB)" time="0.0694333">
        </testcase>
    </testsuite>
    <testsuite name="tests/integration/joins/joinReplaceAtomicity.test.ts" timestamp="2026-02-26T13:49:43.333Z" hostname="Multimedia5" tests="1" failures="0" errors="0" skipped="0" time="0.0583654">
        <testcase classname="tests/integration/joins/joinReplaceAtomicity.test.ts" name="PKG-07 Integration: join replace atomicity &gt; keeps join relations unchanged when replacement contains invalid employee id" time="0.0577842">
        </testcase>
    </testsuite>
    <testsuite name="tests/integration/server/appointmentEmployee.composite-pk.integration.test.ts" timestamp="2026-02-26T13:49:43.333Z" hostname="Multimedia5" tests="1" failures="0" errors="0" skipped="0" time="0.0469676">
        <testcase classname="tests/integration/server/appointmentEmployee.composite-pk.integration.test.ts" name="FT01 integration: appointment_employee composite PK &gt; rejects duplicate appointment/employee pair" time="0.04636">
        </testcase>
    </testsuite>
    <testsuite name="tests/integration/server/appointments.customer.sidebar-vs-all.integration.test.ts" timestamp="2026-02-26T13:49:43.334Z" hostname="Multimedia5" tests="2" failures="0" errors="0" skipped="0" time="0.2317178">
        <testcase classname="tests/integration/server/appointments.customer.sidebar-vs-all.integration.test.ts" name="FT04/FT05+ integration: customer sidebar vs all appointments &gt; returns only current+future for sidebar and full history for all-appointments across multiple customers" time="0.1628648">
        </testcase>
        <testcase classname="tests/integration/server/appointments.customer.sidebar-vs-all.integration.test.ts" name="FT04/FT05+ integration: customer sidebar vs all appointments &gt; allows fromDate override in test env for upcoming and ignores fromDate for all" time="0.0662425">
            <system-err>
2026-02-26T13:49:15.215Z [WARN] [customers-controller] list appointments ignored fromDate for scope=all customerId=41

            </system-err>
        </testcase>
    </testsuite>
    <testsuite name="tests/integration/server/appointments.employee-overlap.flow.integration.test.ts" timestamp="2026-02-26T13:49:43.334Z" hostname="Multimedia5" tests="2" failures="0" errors="0" skipped="0" time="0.256055">
        <testcase classname="tests/integration/server/appointments.employee-overlap.flow.integration.test.ts" name="FT01 integration: employee overlap follow-up flows &gt; keeps join operation conflict-safe across tour/team/manual sequence" time="0.1862079">
            <system-out>
2026-02-26T13:49:09.205Z [INFO] [appointments-service] tour change detected appointmentId=18

2026-02-26T13:49:09.225Z [INFO] [appointments-service] tour change detected appointmentId=18

            </system-out>
            <system-err>
2026-02-26T13:49:09.206Z [WARN] [appointments-service] update blocked by overlap appointmentId=18 startDate=2099-07-01 endDate=2099-07-01 conflictEmployees=1

2026-02-26T13:49:09.237Z [WARN] [appointments-service] update blocked by overlap appointmentId=18 startDate=2099-07-01 endDate=2099-07-01 conflictEmployees=1

2026-02-26T13:49:09.244Z [WARN] [appointments-service] update blocked by overlap appointmentId=18 startDate=2099-07-01 endDate=2099-07-01 conflictEmployees=1

            </system-err>
        </testcase>
        <testcase classname="tests/integration/server/appointments.employee-overlap.flow.integration.test.ts" name="FT01 integration: employee overlap follow-up flows &gt; allows second save after reverting endDate when previous overlap update failed" time="0.067782">
            <system-err>
2026-02-26T13:49:09.303Z [WARN] [appointments-service] update blocked by overlap appointmentId=20 startDate=2099-08-10 endDate=2099-08-11 conflictEmployees=1

            </system-err>
        </testcase>
    </testsuite>
    <testsuite name="tests/integration/server/appointments.employee-overlap.integration.test.ts" timestamp="2026-02-26T13:49:43.335Z" hostname="Multimedia5" tests="3" failures="0" errors="0" skipped="0" time="0.2343247">
        <testcase classname="tests/integration/server/appointments.employee-overlap.integration.test.ts" name="FT01 integration: employee overlap base scenarios &gt; Case 1: tour prefill reports conflicting employee and does not persist create" time="0.1108868">
            <system-err>
2026-02-26T13:49:11.195Z [WARN] [appointments-service] create blocked by overlap projectId=23 startDate=2099-05-01 endDate=2099-05-01 conflictEmployees=1

            </system-err>
        </testcase>
        <testcase classname="tests/integration/server/appointments.employee-overlap.integration.test.ts" name="FT01 integration: employee overlap base scenarios &gt; Case 2: team assignment reports conflicting employee and keeps pre-update assignment unchanged" time="0.0668004">
            <system-err>
2026-02-26T13:49:11.269Z [WARN] [appointments-service] update blocked by overlap appointmentId=23 startDate=2099-05-02 endDate=2099-05-02 conflictEmployees=1

            </system-err>
        </testcase>
        <testcase classname="tests/integration/server/appointments.employee-overlap.integration.test.ts" name="FT01 integration: employee overlap base scenarios &gt; Case 3: manual employee assignment reports conflict and leaves assignment unchanged" time="0.0540802">
            <system-err>
2026-02-26T13:49:11.323Z [WARN] [appointments-service] update blocked by overlap appointmentId=25 startDate=2099-05-03 endDate=2099-05-03 conflictEmployees=1

            </system-err>
        </testcase>
    </testsuite>
    <testsuite name="tests/integration/server/appointments.employee-overlap.multiday.integration.test.ts" timestamp="2026-02-26T13:49:43.335Z" hostname="Multimedia5" tests="3" failures="0" errors="0" skipped="0" time="0.2363172">
        <testcase classname="tests/integration/server/appointments.employee-overlap.multiday.integration.test.ts" name="FT01 integration: employee overlap multiday scenarios &gt; multiday + tour: overlap blocks create completely when conflict exists on one day in span" time="0.1111451">
            <system-err>
2026-02-26T13:49:14.118Z [WARN] [appointments-service] create blocked by overlap projectId=27 startDate=2099-06-01 endDate=2099-06-05 conflictEmployees=1

            </system-err>
        </testcase>
        <testcase classname="tests/integration/server/appointments.employee-overlap.multiday.integration.test.ts" name="FT01 integration: employee overlap multiday scenarios &gt; multiday + team: one-day conflict keeps existing assignment unchanged" time="0.069572">
            <system-err>
2026-02-26T13:49:14.194Z [WARN] [appointments-service] update blocked by overlap appointmentId=28 startDate=2099-06-02 endDate=2099-06-06 conflictEmployees=1

            </system-err>
        </testcase>
        <testcase classname="tests/integration/server/appointments.employee-overlap.multiday.integration.test.ts" name="FT01 integration: employee overlap multiday scenarios &gt; multiday + manual assignment: conflict keeps existing assignment unchanged" time="0.0532299">
            <system-err>
2026-02-26T13:49:14.248Z [WARN] [appointments-service] update blocked by overlap appointmentId=30 startDate=2099-06-04 endDate=2099-06-07 conflictEmployees=1

            </system-err>
        </testcase>
    </testsuite>
    <testsuite name="tests/integration/server/appointments.employee.sidebar-vs-all.integration.test.ts" timestamp="2026-02-26T13:49:43.336Z" hostname="Multimedia5" tests="4" failures="0" errors="0" skipped="0" time="0.3815206">
        <testcase classname="tests/integration/server/appointments.employee.sidebar-vs-all.integration.test.ts" name="FT04/FT05 integration: employee sidebar vs all appointments &gt; returns only current+future for sidebar and full history for all-appointments across multiple employees" time="0.1711874">
        </testcase>
        <testcase classname="tests/integration/server/appointments.employee.sidebar-vs-all.integration.test.ts" name="FT04/FT05 integration: employee sidebar vs all appointments &gt; allows fromDate override in test env for upcoming and ignores fromDate for all" time="0.0742534">
            <system-err>
2026-02-26T13:49:02.799Z [WARN] [employees-controller] list appointments ignored fromDate for scope=all employeeId=11

            </system-err>
        </testcase>
        <testcase classname="tests/integration/server/appointments.employee.sidebar-vs-all.integration.test.ts" name="FT04/FT05 integration: employee sidebar vs all appointments &gt; returns an empty array for employee without appointments" time="0.0345184">
        </testcase>
        <testcase classname="tests/integration/server/appointments.employee.sidebar-vs-all.integration.test.ts" name="FT04/FT05 integration: employee sidebar vs all appointments &gt; allows reader role to fetch employee appointments for active employee" time="0.0993216">
        </testcase>
    </testsuite>
    <testsuite name="tests/integration/server/appointments.historical-guards.integration.test.ts" timestamp="2026-02-26T13:49:43.336Z" hostname="Multimedia5" tests="3" failures="0" errors="0" skipped="0" time="0.1723675">
        <testcase classname="tests/integration/server/appointments.historical-guards.integration.test.ts" name="FT01 integration: historical appointment guards &gt; H5.1 blocks create for past date and keeps persistence unchanged" time="0.0801252">
        </testcase>
        <testcase classname="tests/integration/server/appointments.historical-guards.integration.test.ts" name="FT01 integration: historical appointment guards &gt; H5.2 blocks update for existing appointment in the past" time="0.0527436">
            <system-err>
2026-02-26T13:49:19.856Z [WARN] [appointments-service] update blocked: appointmentId=49 startDate=Sun Jan 02 2000 01:00:00 GMT+0100 (Mitteleuropäische Normalzeit)

            </system-err>
        </testcase>
        <testcase classname="tests/integration/server/appointments.historical-guards.integration.test.ts" name="FT01 integration: historical appointment guards &gt; H5.3 blocks today date with startTime in the past" time="0.0374449">
        </testcase>
    </testsuite>
    <testsuite name="tests/integration/server/calendar.appointments.notes-counts.integration.test.ts" timestamp="2026-02-26T13:49:43.337Z" hostname="Multimedia5" tests="1" failures="0" errors="0" skipped="0" time="0.174598">
        <testcase classname="tests/integration/server/calendar.appointments.notes-counts.integration.test.ts" name="FT03 integration: calendar appointments note counts &gt; returns customer/project note counts per appointment with zero and mixed scenarios" time="0.1725946">
        </testcase>
    </testsuite>
    <testsuite name="tests/integration/server/calendarAppointments.customer-name-refresh.integration.test.ts" timestamp="2026-02-26T13:49:43.337Z" hostname="Multimedia5" tests="1" failures="0" errors="0" skipped="0" time="0.107937">
        <testcase classname="tests/integration/server/calendarAppointments.customer-name-refresh.integration.test.ts" name="FT04/FT05+ integration: calendar appointments reflect updated customer names &gt; returns updated customer fullName for same appointment after customer patch" time="0.1058237">
        </testcase>
    </testsuite>
    <testsuite name="tests/integration/server/calendarAppointments.project-name-refresh.integration.test.ts" timestamp="2026-02-26T13:49:43.337Z" hostname="Multimedia5" tests="1" failures="0" errors="0" skipped="0" time="0.109868">
        <testcase classname="tests/integration/server/calendarAppointments.project-name-refresh.integration.test.ts" name="FT04/FT02 integration: calendar appointments reflect updated project names &gt; returns updated projectName for the same appointment after project patch" time="0.1077565">
        </testcase>
    </testsuite>
    <testsuite name="tests/integration/server/customers.create-duplicate.test.ts" timestamp="2026-02-26T13:49:43.337Z" hostname="Multimedia5" tests="2" failures="0" errors="0" skipped="0" time="0.1113057">
        <testcase classname="tests/integration/server/customers.create-duplicate.test.ts" name="FT21 integration: customers create duplicate mapping &gt; creates customer with only customerNumber and supports patching optional fields to null" time="0.0790202">
        </testcase>
        <testcase classname="tests/integration/server/customers.create-duplicate.test.ts" name="FT21 integration: customers create duplicate mapping &gt; returns 409 CUSTOMER_NUMBER_CONFLICT when service reports duplicate" time="0.0297411">
        </testcase>
    </testsuite>
    <testsuite name="tests/integration/server/customers.visibility.by-role.test.ts" timestamp="2026-02-26T13:49:43.338Z" hostname="Multimedia5" tests="4" failures="3" errors="0" skipped="0" time="0.1603488">
        <testcase classname="tests/integration/server/customers.visibility.by-role.test.ts" name="FT05+ integration: customers visibility by role &gt; keeps non-admin customer list on active scope even when inactive is requested" time="0.0476996">
            <failure message="Username already exists" type="Error">
Error: Username already exists
 ❯ toDuplicateError server/repositories/usersRepository.ts:312:12
 ❯ createUser server/repositories/usersRepository.ts:358:28
 ❯ createDispatcherAgent tests/integration/server/customers.visibility.by-role.test.ts:59:3
 ❯ tests/integration/server/customers.visibility.by-role.test.ts:117:24

⎯⎯⎯⎯⎯⎯⎯⎯⎯⎯⎯⎯⎯⎯⎯⎯⎯⎯⎯⎯⎯⎯⎯⎯⎯⎯⎯⎯⎯⎯
Serialized Error: { code: &apos;DUPLICATE_USERNAME&apos; }
            </failure>
        </testcase>
        <testcase classname="tests/integration/server/customers.visibility.by-role.test.ts" name="FT05+ integration: customers visibility by role &gt; returns active or inactive customer list for admin based on scope" time="0.0607286">
        </testcase>
        <testcase classname="tests/integration/server/customers.visibility.by-role.test.ts" name="FT05+ integration: customers visibility by role &gt; returns 404 for non-admin customer detail when customer is inactive" time="0.0251901">
            <failure message="Username already exists" type="Error">
Error: Username already exists
 ❯ toDuplicateError server/repositories/usersRepository.ts:312:12
 ❯ createUser server/repositories/usersRepository.ts:358:28
 ❯ createDispatcherAgent tests/integration/server/customers.visibility.by-role.test.ts:59:3
 ❯ tests/integration/server/customers.visibility.by-role.test.ts:155:24

⎯⎯⎯⎯⎯⎯⎯⎯⎯⎯⎯⎯⎯⎯⎯⎯⎯⎯⎯⎯⎯⎯⎯⎯⎯⎯⎯⎯⎯⎯
Serialized Error: { code: &apos;DUPLICATE_USERNAME&apos; }
            </failure>
        </testcase>
        <testcase classname="tests/integration/server/customers.visibility.by-role.test.ts" name="FT05+ integration: customers visibility by role &gt; returns 403 FORBIDDEN when non-admin tries to change customer isActive" time="0.0246156">
            <failure message="Username already exists" type="Error">
Error: Username already exists
 ❯ toDuplicateError server/repositories/usersRepository.ts:312:12
 ❯ createUser server/repositories/usersRepository.ts:358:28
 ❯ createDispatcherAgent tests/integration/server/customers.visibility.by-role.test.ts:59:3
 ❯ tests/integration/server/customers.visibility.by-role.test.ts:164:24

⎯⎯⎯⎯⎯⎯⎯⎯⎯⎯⎯⎯⎯⎯⎯⎯⎯⎯⎯⎯⎯⎯⎯⎯⎯⎯⎯⎯⎯⎯
Serialized Error: { code: &apos;DUPLICATE_USERNAME&apos; }
            </failure>
        </testcase>
    </testsuite>
    <testsuite name="tests/integration/server/documentExtraction.projectConflictFlow.integration.test.ts" timestamp="2026-02-26T13:49:43.340Z" hostname="Multimedia5" tests="4" failures="0" errors="0" skipped="0" time="0.2180743">
        <testcase classname="tests/integration/server/documentExtraction.projectConflictFlow.integration.test.ts" name="FT21 integration: document extraction project conflict flow &gt; creates customer and project when customerNumber does not exist" time="0.084088">
        </testcase>
        <testcase classname="tests/integration/server/documentExtraction.projectConflictFlow.integration.test.ts" name="FT21 integration: document extraction project conflict flow &gt; uses existing customer and only creates a new project when customerNumber already exists" time="0.0450736">
        </testcase>
        <testcase classname="tests/integration/server/documentExtraction.projectConflictFlow.integration.test.ts" name="FT21 integration: document extraction project conflict flow &gt; resolves race conflict on customer create and still links project to existing customer" time="0.0574295">
        </testcase>
        <testcase classname="tests/integration/server/documentExtraction.projectConflictFlow.integration.test.ts" name="FT21 integration: document extraction project conflict flow &gt; aborts deterministically when resolve endpoint reports multiple" time="0.0294367">
        </testcase>
    </testsuite>
    <testsuite name="tests/integration/server/documentExtraction.routes.test.ts" timestamp="2026-02-26T13:49:43.341Z" hostname="Multimedia5" tests="11" failures="0" errors="0" skipped="0" time="0.3690202">
        <testcase classname="tests/integration/server/documentExtraction.routes.test.ts" name="FT20 integration: document extraction routes &gt; returns 400 for invalid extraction scope" time="0.0632092">
        </testcase>
        <testcase classname="tests/integration/server/documentExtraction.routes.test.ts" name="FT20 integration: document extraction routes &gt; returns 400 for non-pdf uploads" time="0.0316759">
        </testcase>
        <testcase classname="tests/integration/server/documentExtraction.routes.test.ts" name="FT20 integration: document extraction routes &gt; returns 413 when multipart parser reports payload too large" time="0.0297407">
        </testcase>
        <testcase classname="tests/integration/server/documentExtraction.routes.test.ts" name="FT20 integration: document extraction routes &gt; returns 422 when extraction has no extractable text" time="0.0280875">
        </testcase>
        <testcase classname="tests/integration/server/documentExtraction.routes.test.ts" name="FT20 integration: document extraction routes &gt; returns 422 for validator structure errors (ZodError)" time="0.0285243">
        </testcase>
        <testcase classname="tests/integration/server/documentExtraction.routes.test.ts" name="FT20 integration: document extraction routes &gt; returns 500 on unexpected service errors" time="0.0294609">
            <system-err>
2026-02-26T13:49:03.913Z [ERROR] internal_server_error {&quot;status&quot;:500,&quot;message&quot;:&quot;unexpected&quot;,&quot;error&quot;:{&quot;name&quot;:&quot;Error&quot;,&quot;message&quot;:&quot;unexpected&quot;,&quot;stack&quot;:&quot;Error: unexpected\n    at C:/Users/r.rose/repos/Plan/releases/work/tests/integration/server/documentExtraction.routes.test.ts:125:81\n    at processTicksAndRejections (node:internal/process/task_queues:103:5)\n    at file:///C:/Users/r.rose/repos/Plan/releases/work/node_modules/@vitest/runner/dist/index.js:915:20&quot;}}

            </system-err>
        </testcase>
        <testcase classname="tests/integration/server/documentExtraction.routes.test.ts" name="FT20 integration: document extraction routes &gt; returns normalized extraction on successful request" time="0.0290241">
        </testcase>
        <testcase classname="tests/integration/server/documentExtraction.routes.test.ts" name="FT20 integration: document extraction routes &gt; accepts customer_form scope for extract route" time="0.030652">
        </testcase>
        <testcase classname="tests/integration/server/documentExtraction.routes.test.ts" name="FT20 integration: document extraction routes &gt; returns duplicate=false/count=0 for missing customer number" time="0.0280241">
        </testcase>
        <testcase classname="tests/integration/server/documentExtraction.routes.test.ts" name="FT20 integration: document extraction routes &gt; returns duplicate=true/count=1 for existing customer number" time="0.0325155">
        </testcase>
        <testcase classname="tests/integration/server/documentExtraction.routes.test.ts" name="FT20 integration: document extraction routes &gt; returns none/single/multiple in resolve-customer-by-number" time="0.0358033">
        </testcase>
    </testsuite>
    <testsuite name="tests/integration/server/employees.attachments.ft05.integration.test.ts" timestamp="2026-02-26T13:49:43.342Z" hostname="Multimedia5" tests="6" failures="5" errors="0" skipped="0" time="0.3307543">
        <testcase classname="tests/integration/server/employees.attachments.ft05.integration.test.ts" name="FT05 integration: employee attachments &gt; uploads, lists and downloads employee attachment" time="0.0930977">
            <failure message="expected &apos;attachment; filename=&quot;mitarbeiter.txt&quot;&apos; to contain &apos;inline&apos;" type="AssertionError">
AssertionError: expected &apos;attachment; filename=&quot;mitarbeiter.txt&quot;&apos; to contain &apos;inline&apos;

Expected: &quot;inline&quot;
Received: &quot;attachment; filename=&quot;mitarbeiter.txt&quot;&quot;

 ❯ tests/integration/server/employees.attachments.ft05.integration.test.ts:114:8
 ❯ tests/integration/server/employees.attachments.ft05.integration.test.ts:115:66
 ❯ node_modules/supertest/lib/test.js:365:13
 ❯ Test._assertFunction node_modules/supertest/lib/test.js:342:13
 ❯ Test.assert node_modules/supertest/lib/test.js:195:23
 ❯ localAssert node_modules/supertest/lib/test.js:138:14
 ❯ Server.&lt;anonymous&gt; node_modules/supertest/lib/test.js:152:11
            </failure>
        </testcase>
        <testcase classname="tests/integration/server/employees.attachments.ft05.integration.test.ts" name="FT05 integration: employee attachments &gt; returns 400 for invalid employeeId in list and create routes" time="0.0318212">
        </testcase>
        <testcase classname="tests/integration/server/employees.attachments.ft05.integration.test.ts" name="FT05 integration: employee attachments &gt; returns 413 for oversized upload payload" time="0.0495499">
            <failure message="socket hang up" type="Error">
Error: socket hang up
⎯⎯⎯⎯⎯⎯⎯⎯⎯⎯⎯⎯⎯⎯⎯⎯⎯⎯⎯⎯⎯⎯⎯⎯⎯⎯⎯⎯⎯⎯
Serialized Error: { code: &apos;ECONNRESET&apos;, response: undefined }
            </failure>
        </testcase>
        <testcase classname="tests/integration/server/employees.attachments.ft05.integration.test.ts" name="FT05 integration: employee attachments &gt; UC 05/06 Solltest: unknown employee upload should return 404" time="0.0319394">
            <system-err>
2026-02-26T13:48:34.906Z [ERROR] internal_server_error {&quot;status&quot;:500,&quot;message&quot;:&quot;Cannot add or update a child row: a foreign key constraint fails (`mugplan_test`.`employee_attachment`, CONSTRAINT `employee_attachment_employee_id_employee_id_fk` FOREIGN KEY (`employee_id`) REFERENCES `employee` (`id`) ON DELETE CASCADE)&quot;,&quot;error&quot;:{&quot;name&quot;:&quot;Error&quot;,&quot;message&quot;:&quot;Cannot add or update a child row: a foreign key constraint fails (`mugplan_test`.`employee_attachment`, CONSTRAINT `employee_attachment_employee_id_employee_id_fk` FOREIGN KEY (`employee_id`) REFERENCES `employee` (`id`) ON DELETE CASCADE)&quot;,&quot;stack&quot;:&quot;Error: Cannot add or update a child row: a foreign key constraint fails (`mugplan_test`.`employee_attachment`, CONSTRAINT `employee_attachment_employee_id_employee_id_fk` FOREIGN KEY (`employee_id`) REFERENCES `employee` (`id`) ON DELETE CASCADE)\n    at PromisePool.query (C:\\Users\\r.rose\\repos\\Plan\\releases\\work\\node_modules\\mysql2\\lib\\promise\\pool.js:36:22)\n    at MySql2PreparedQuery.execute (file:///C:/Users/r.rose/repos/Plan/releases/work/node_modules/drizzle-orm/mysql2/session.js:51:32)\n    at QueryPromise.execute (file:///C:/Users/r.rose/repos/Plan/releases/work/node_modules/drizzle-orm/mysql-core/query-builders/insert.js:114:27)\n    at QueryPromise.then (file:///C:/Users/r.rose/repos/Plan/releases/work/node_modules/drizzle-orm/query-promise.js:21:17)\n    at processTicksAndRejections (node:internal/process/task_queues:103:5)&quot;}}

            </system-err>
            <failure message="expected 404 &quot;Not Found&quot;, got 500 &quot;Internal Server Error&quot;" type="Error">
Error: expected 404 &quot;Not Found&quot;, got 500 &quot;Internal Server Error&quot;
 ❯ tests/integration/server/employees.attachments.ft05.integration.test.ts:153:8
 ❯ Test._assertStatus node_modules/supertest/lib/test.js:309:14
 ❯ node_modules/supertest/lib/test.js:365:13
 ❯ Test._assertFunction node_modules/supertest/lib/test.js:342:13
 ❯ Test.assert node_modules/supertest/lib/test.js:195:23
 ❯ localAssert node_modules/supertest/lib/test.js:138:14
 ❯ Server.&lt;anonymous&gt; node_modules/supertest/lib/test.js:152:11
            </failure>
        </testcase>
        <testcase classname="tests/integration/server/employees.attachments.ft05.integration.test.ts" name="FT05 integration: employee attachments &gt; UC 05/06 Solltest: reader role must be blocked for upload with 403" time="0.0915205">
            <failure message="expected 403 &quot;Forbidden&quot;, got 201 &quot;Created&quot;" type="Error">
Error: expected 403 &quot;Forbidden&quot;, got 201 &quot;Created&quot;
 ❯ tests/integration/server/employees.attachments.ft05.integration.test.ts:164:8
 ❯ Test._assertStatus node_modules/supertest/lib/test.js:309:14
 ❯ node_modules/supertest/lib/test.js:365:13
 ❯ Test._assertFunction node_modules/supertest/lib/test.js:342:13
 ❯ Test.assert node_modules/supertest/lib/test.js:195:23
 ❯ localAssert node_modules/supertest/lib/test.js:138:14
 ❯ Server.&lt;anonymous&gt; node_modules/supertest/lib/test.js:152:11
            </failure>
        </testcase>
        <testcase classname="tests/integration/server/employees.attachments.ft05.integration.test.ts" name="FT05 integration: employee attachments &gt; UC 05/06 Melder: DELETE requests on employee attachments must be blocked with 403 or 405" time="0.0301659">
            <failure message="UC 05/06 not fulfilled: DELETE /api/employee-attachments/:id is not blocked with 403/405. Required production extension: explicit delete-blocking endpoint/handler for employee attachments." type="Error">
Error: UC 05/06 not fulfilled: DELETE /api/employee-attachments/:id is not blocked with 403/405. Required production extension: explicit delete-blocking endpoint/handler for employee attachments.
 ❯ tests/integration/server/employees.attachments.ft05.integration.test.ts:172:13
            </failure>
        </testcase>
    </testsuite>
    <testsuite name="tests/integration/server/employees.current-appointments.ft05.integration.test.ts" timestamp="2026-02-26T13:49:43.345Z" hostname="Multimedia5" tests="5" failures="0" errors="0" skipped="0" time="0.2968077">
        <testcase classname="tests/integration/server/employees.current-appointments.ft05.integration.test.ts" name="FT05 integration: employees current appointments &gt; returns 200 and array payload for valid employee id" time="0.0932491">
        </testcase>
        <testcase classname="tests/integration/server/employees.current-appointments.ft05.integration.test.ts" name="FT05 integration: employees current appointments &gt; returns 400 for non-numeric employee id" time="0.0268824">
        </testcase>
        <testcase classname="tests/integration/server/employees.current-appointments.ft05.integration.test.ts" name="FT05 integration: employees current appointments &gt; returns 400 for invalid fromDate format" time="0.0348144">
        </testcase>
        <testcase classname="tests/integration/server/employees.current-appointments.ft05.integration.test.ts" name="FT05 integration: employees current appointments &gt; documents non-admin behavior for inactive employee (IST)" time="0.1098853">
        </testcase>
        <testcase classname="tests/integration/server/employees.current-appointments.ft05.integration.test.ts" name="FT05 integration: employees current appointments &gt; documents behavior for non-existing employee id (IST)" time="0.0299172">
        </testcase>
    </testsuite>
    <testsuite name="tests/integration/server/employees.import-csv.uc23.integration.test.ts" timestamp="2026-02-26T13:49:43.345Z" hostname="Multimedia5" tests="4" failures="0" errors="0" skipped="0" time="0.1901394">
        <testcase classname="tests/integration/server/employees.import-csv.uc23.integration.test.ts" name="FT23 integration: employees csv import &gt; imports valid rows and reports duplicates" time="0.0763819">
        </testcase>
        <testcase classname="tests/integration/server/employees.import-csv.uc23.integration.test.ts" name="FT23 integration: employees csv import &gt; blocks non-admin users" time="0.0568356">
        </testcase>
        <testcase classname="tests/integration/server/employees.import-csv.uc23.integration.test.ts" name="FT23 integration: employees csv import &gt; returns INVALID_CSV_HEADER for missing required headers" time="0.0276595">
        </testcase>
        <testcase classname="tests/integration/server/employees.import-csv.uc23.integration.test.ts" name="FT23 integration: employees csv import &gt; returns INVALID_CSV_CONTENT for empty csv" time="0.027171">
        </testcase>
    </testsuite>
    <testsuite name="tests/integration/server/employees.lifecycle.ft05.integration.test.ts" timestamp="2026-02-26T13:49:43.345Z" hostname="Multimedia5" tests="18" failures="1" errors="0" skipped="0" time="0.9465679">
        <testcase classname="tests/integration/server/employees.lifecycle.ft05.integration.test.ts" name="FT05 integration: employees lifecycle &gt; POST creates employee with version 1 and active default" time="0.0669342">
        </testcase>
        <testcase classname="tests/integration/server/employees.lifecycle.ft05.integration.test.ts" name="FT05 integration: employees lifecycle &gt; GET list includes created employee and GET detail returns matching payload" time="0.0423221">
        </testcase>
        <testcase classname="tests/integration/server/employees.lifecycle.ft05.integration.test.ts" name="FT05 integration: employees lifecycle &gt; PUT with valid version succeeds and increments version exactly by 1" time="0.0412512">
        </testcase>
        <testcase classname="tests/integration/server/employees.lifecycle.ft05.integration.test.ts" name="FT05 integration: employees lifecycle &gt; PUT with stale version returns 409 VERSION_CONFLICT" time="0.0446361">
        </testcase>
        <testcase classname="tests/integration/server/employees.lifecycle.ft05.integration.test.ts" name="FT05 integration: employees lifecycle &gt; PATCH active true-&gt;false and false-&gt;true increments version by 1 each time" time="0.0491366">
        </testcase>
        <testcase classname="tests/integration/server/employees.lifecycle.ft05.integration.test.ts" name="FT05 integration: employees lifecycle &gt; PATCH active is idempotent for already inactive employee and still returns 200" time="0.0438766">
        </testcase>
        <testcase classname="tests/integration/server/employees.lifecycle.ft05.integration.test.ts" name="FT05 integration: employees lifecycle &gt; PATCH active is idempotent for already active employee and still returns 200" time="0.0396176">
        </testcase>
        <testcase classname="tests/integration/server/employees.lifecycle.ft05.integration.test.ts" name="FT05 integration: employees lifecycle &gt; optimistic locking multi-user: second client update with old version returns 409" time="0.07426">
        </testcase>
        <testcase classname="tests/integration/server/employees.lifecycle.ft05.integration.test.ts" name="FT05 integration: employees lifecycle &gt; documents update with identical values: version still increments in IST" time="0.0387507">
        </testcase>
        <testcase classname="tests/integration/server/employees.lifecycle.ft05.integration.test.ts" name="FT05 integration: employees lifecycle &gt; admin scope filter returns only active or only inactive" time="0.0494424">
        </testcase>
        <testcase classname="tests/integration/server/employees.lifecycle.ft05.integration.test.ts" name="FT05 integration: employees lifecycle &gt; non-admin requesting inactive scope still gets effective active list" time="0.0944534">
        </testcase>
        <testcase classname="tests/integration/server/employees.lifecycle.ft05.integration.test.ts" name="FT05 integration: employees lifecycle &gt; non-admin gets 404 for inactive employee detail" time="0.0889598">
        </testcase>
        <testcase classname="tests/integration/server/employees.lifecycle.ft05.integration.test.ts" name="FT05 integration: employees lifecycle &gt; error matrix: PUT without version returns 422 VALIDATION_ERROR" time="0.0319991">
        </testcase>
        <testcase classname="tests/integration/server/employees.lifecycle.ft05.integration.test.ts" name="FT05 integration: employees lifecycle &gt; error matrix: PUT with wrong version datatype returns 422 VALIDATION_ERROR" time="0.0323705">
        </testcase>
        <testcase classname="tests/integration/server/employees.lifecycle.ft05.integration.test.ts" name="FT05 integration: employees lifecycle &gt; error matrix: PATCH /active without version returns 422 VALIDATION_ERROR" time="0.0318095">
        </testcase>
        <testcase classname="tests/integration/server/employees.lifecycle.ft05.integration.test.ts" name="FT05 integration: employees lifecycle &gt; error matrix: PUT/PATCH on non-existing employee id returns 404 NOT_FOUND" time="0.0285661">
        </testcase>
        <testcase classname="tests/integration/server/employees.lifecycle.ft05.integration.test.ts" name="FT05 integration: employees lifecycle &gt; non-admin cannot change status via PATCH and via PUT" time="0.0864537">
        </testcase>
        <testcase classname="tests/integration/server/employees.lifecycle.ft05.integration.test.ts" name="FT05 integration: employees lifecycle &gt; reader cannot create employee via POST" time="0.0591344">
            <failure message="expected 403 &quot;Forbidden&quot;, got 201 &quot;Created&quot;" type="Error">
Error: expected 403 &quot;Forbidden&quot;, got 201 &quot;Created&quot;
 ❯ tests/integration/server/employees.lifecycle.ft05.integration.test.ts:431:8
 ❯ Test._assertStatus node_modules/supertest/lib/test.js:309:14
 ❯ node_modules/supertest/lib/test.js:365:13
 ❯ Test._assertFunction node_modules/supertest/lib/test.js:342:13
 ❯ Test.assert node_modules/supertest/lib/test.js:195:23
 ❯ localAssert node_modules/supertest/lib/test.js:138:14
 ❯ Server.&lt;anonymous&gt; node_modules/supertest/lib/test.js:152:11
            </failure>
        </testcase>
    </testsuite>
    <testsuite name="tests/integration/server/employees.visibility.by-role.test.ts" timestamp="2026-02-26T13:49:43.348Z" hostname="Multimedia5" tests="4" failures="2" errors="0" skipped="0" time="0.2067857">
        <testcase classname="tests/integration/server/employees.visibility.by-role.test.ts" name="FT05+ integration: employees visibility by role &gt; keeps non-admin employee list on active scope even when inactive is requested" time="0.1058474">
        </testcase>
        <testcase classname="tests/integration/server/employees.visibility.by-role.test.ts" name="FT05+ integration: employees visibility by role &gt; returns active or inactive employee list for admin based on scope" time="0.0483996">
        </testcase>
        <testcase classname="tests/integration/server/employees.visibility.by-role.test.ts" name="FT05+ integration: employees visibility by role &gt; returns 404 for non-admin employee detail when employee is inactive" time="0.024981">
            <failure message="Username already exists" type="Error">
Error: Username already exists
 ❯ toDuplicateError server/repositories/usersRepository.ts:312:12
 ❯ createUser server/repositories/usersRepository.ts:358:28
 ❯ createDispatcherAgent tests/integration/server/employees.visibility.by-role.test.ts:59:3
 ❯ tests/integration/server/employees.visibility.by-role.test.ts:143:24

⎯⎯⎯⎯⎯⎯⎯⎯⎯⎯⎯⎯⎯⎯⎯⎯⎯⎯⎯⎯⎯⎯⎯⎯⎯⎯⎯⎯⎯⎯
Serialized Error: { code: &apos;DUPLICATE_USERNAME&apos; }
            </failure>
        </testcase>
        <testcase classname="tests/integration/server/employees.visibility.by-role.test.ts" name="FT05+ integration: employees visibility by role &gt; returns 403 FORBIDDEN when non-admin tries to toggle employee isActive" time="0.0254388">
            <failure message="Username already exists" type="Error">
Error: Username already exists
 ❯ toDuplicateError server/repositories/usersRepository.ts:312:12
 ❯ createUser server/repositories/usersRepository.ts:358:28
 ❯ createDispatcherAgent tests/integration/server/employees.visibility.by-role.test.ts:59:3
 ❯ tests/integration/server/employees.visibility.by-role.test.ts:152:24

⎯⎯⎯⎯⎯⎯⎯⎯⎯⎯⎯⎯⎯⎯⎯⎯⎯⎯⎯⎯⎯⎯⎯⎯⎯⎯⎯⎯⎯⎯
Serialized Error: { code: &apos;DUPLICATE_USERNAME&apos; }
            </failure>
        </testcase>
    </testsuite>
    <testsuite name="tests/integration/server/ft01.full-uc-coverage.integration.test.ts" timestamp="2026-02-26T13:49:43.349Z" hostname="Multimedia5" tests="18" failures="3" errors="0" skipped="0" time="1.8214493">
        <testcase classname="tests/integration/server/ft01.full-uc-coverage.integration.test.ts" name="FT01 UC coverage integration &gt; UC 01/01 happy+negative: create with project and block without project" time="0.1087276">
        </testcase>
        <testcase classname="tests/integration/server/ft01.full-uc-coverage.integration.test.ts" name="FT01 UC coverage integration &gt; UC 01/01 blocker: startTime =&gt; initial standard duration (NOT_IMPLEMENTED_BY_SCOPE)" time="0.0004753">
            <failure message="NOT_IMPLEMENTED_BY_SCOPE | UC 01/01 Termin anlegen | Testfall: Startzeit erzwingt initiale Standarddauer von 1h als persistenter, verifizierbarer API/DB-Zustand | Erforderliche Prod-Aenderung: server/services/appointmentsService.ts (Dauerableitung) + persistentes Feld/Projektion fuer Endzeit/Dauer | Grund: aktueller API/Schema-Vertrag liefert keine pruefbare Dauerinvariante" type="Error">
Error: NOT_IMPLEMENTED_BY_SCOPE | UC 01/01 Termin anlegen | Testfall: Startzeit erzwingt initiale Standarddauer von 1h als persistenter, verifizierbarer API/DB-Zustand | Erforderliche Prod-Aenderung: server/services/appointmentsService.ts (Dauerableitung) + persistentes Feld/Projektion fuer Endzeit/Dauer | Grund: aktueller API/Schema-Vertrag liefert keine pruefbare Dauerinvariante
 ❯ tests/integration/server/ft01.full-uc-coverage.integration.test.ts:104:11
            </failure>
        </testcase>
        <testcase classname="tests/integration/server/ft01.full-uc-coverage.integration.test.ts" name="FT01 UC coverage integration &gt; UC 01/02 happy+negative: update project/customer projection and overlap rollback" time="0.1343947">
            <system-err>
2026-02-26T13:48:28.064Z [WARN] [appointments-service] update blocked by overlap appointmentId=3 startDate=2099-10-02 endDate=2099-10-02 conflictEmployees=1

            </system-err>
        </testcase>
        <testcase classname="tests/integration/server/ft01.full-uc-coverage.integration.test.ts" name="FT01 UC coverage integration &gt; UC 01/03 happy+negative: move keeps time and blocks historical move" time="0.0815407">
        </testcase>
        <testcase classname="tests/integration/server/ft01.full-uc-coverage.integration.test.ts" name="FT01 UC coverage integration &gt; UC 01/04 happy+negative: delete clears join and stale version keeps state" time="0.1920537">
        </testcase>
        <testcase classname="tests/integration/server/ft01.full-uc-coverage.integration.test.ts" name="FT01 UC coverage integration &gt; UC 01/05 + UC 01/06: tour assign/replace and remove keep join rules" time="0.1360881">
            <system-out>
2026-02-26T13:48:28.432Z [INFO] [appointments-service] tour change detected appointmentId=7

2026-02-26T13:48:28.468Z [INFO] [appointments-service] tour change detected appointmentId=7

            </system-out>
        </testcase>
        <testcase classname="tests/integration/server/ft01.full-uc-coverage.integration.test.ts" name="FT01 UC coverage integration &gt; UC 01/05 negative: tour assignment overlap does not partially persist" time="0.099811">
            <system-out>
2026-02-26T13:48:28.573Z [INFO] [appointments-service] tour change detected appointmentId=9

            </system-out>
            <system-err>
2026-02-26T13:48:28.573Z [WARN] [appointments-service] update blocked by overlap appointmentId=9 startDate=2099-10-06 endDate=2099-10-06 conflictEmployees=1

            </system-err>
        </testcase>
        <testcase classname="tests/integration/server/ft01.full-uc-coverage.integration.test.ts" name="FT01 UC coverage integration &gt; UC 01/07 + UC 01/08 + UC 01/09 + UC 01/16: team add, manual add, remove and no duplicates" time="0.1758592">
        </testcase>
        <testcase classname="tests/integration/server/ft01.full-uc-coverage.integration.test.ts" name="FT01 UC coverage integration &gt; UC 01/07 negative: team style assignment overlap is blocked atomically" time="0.083163">
            <system-err>
2026-02-26T13:48:28.833Z [WARN] [appointments-service] update blocked by overlap appointmentId=11 startDate=2099-10-08 endDate=2099-10-08 conflictEmployees=1

            </system-err>
        </testcase>
        <testcase classname="tests/integration/server/ft01.full-uc-coverage.integration.test.ts" name="FT01 UC coverage integration &gt; UC 01/10 happy+negative: cross-view consistency and blocked write keeps all views stable" time="0.383521">
            <system-err>
2026-02-26T13:48:29.070Z [WARN] [appointments-service] update blocked by overlap appointmentId=14 startDate=2099-10-09 endDate=2099-10-09 conflictEmployees=1

            </system-err>
        </testcase>
        <testcase classname="tests/integration/server/ft01.full-uc-coverage.integration.test.ts" name="FT01 UC coverage integration &gt; UC 01/11 happy+negative: denormalized names refresh and stale version update does not leak" time="0.0626972">
        </testcase>
        <testcase classname="tests/integration/server/ft01.full-uc-coverage.integration.test.ts" name="FT01 UC coverage integration &gt; UC 01/12 happy+negative: list filters and invalid date range" time="0.0773629">
        </testcase>
        <testcase classname="tests/integration/server/ft01.full-uc-coverage.integration.test.ts" name="FT01 UC coverage integration &gt; UC 01/13 happy: color projection provides tourColor or null" time="0.0496971">
        </testcase>
        <testcase classname="tests/integration/server/ft01.full-uc-coverage.integration.test.ts" name="FT01 UC coverage integration &gt; UC 01/13 blocker: invalid/empty tour color fallback in projection contract (NOT_IMPLEMENTED_BY_SCOPE)" time="0.000189">
            <failure message="NOT_IMPLEMENTED_BY_SCOPE | UC 01/13 Termin-Farbdarstellung ableiten | Testfall: robuste Fallback-Regel fuer Tour ohne gueltige Farbe in serverseitiger Projektion verifizieren | Erforderliche Prod-Aenderung: shared/schema.ts + tours validation + appointments projection fallback-branch | Grund: aktueller Vertrag liefert tourColor transparent als Datenfeld ohne validierte gueltig/ungueltig-Semantik" type="Error">
Error: NOT_IMPLEMENTED_BY_SCOPE | UC 01/13 Termin-Farbdarstellung ableiten | Testfall: robuste Fallback-Regel fuer Tour ohne gueltige Farbe in serverseitiger Projektion verifizieren | Erforderliche Prod-Aenderung: shared/schema.ts + tours validation + appointments projection fallback-branch | Grund: aktueller Vertrag liefert tourColor transparent als Datenfeld ohne validierte gueltig/ungueltig-Semantik
 ❯ tests/integration/server/ft01.full-uc-coverage.integration.test.ts:491:11
            </failure>
        </testcase>
        <testcase classname="tests/integration/server/ft01.full-uc-coverage.integration.test.ts" name="FT01 UC coverage integration &gt; UC 01/14 happy+negative: historical create and historical time are blocked" time="0.037338">
        </testcase>
        <testcase classname="tests/integration/server/ft01.full-uc-coverage.integration.test.ts" name="FT01 UC coverage integration &gt; UC 01/14 blocker: historical delete for ADMIN is currently allowed (NOT_IMPLEMENTED_BY_SCOPE)" time="0.0001883">
            <failure message="NOT_IMPLEMENTED_BY_SCOPE | UC 01/14 Historische Termine sind read-only | Testfall: Loeschen historischer Termine fuer ADMIN muss blockieren | Erforderliche Prod-Aenderung: server/services/appointmentsService.ts deleteAppointment() historische Sperre auch fuer ADMIN erzwingen | Grund: aktuelles IST erlaubt ADMIN-Delete fuer historische Termine" type="Error">
Error: NOT_IMPLEMENTED_BY_SCOPE | UC 01/14 Historische Termine sind read-only | Testfall: Loeschen historischer Termine fuer ADMIN muss blockieren | Erforderliche Prod-Aenderung: server/services/appointmentsService.ts deleteAppointment() historische Sperre auch fuer ADMIN erzwingen | Grund: aktuelles IST erlaubt ADMIN-Delete fuer historische Termine
 ❯ tests/integration/server/ft01.full-uc-coverage.integration.test.ts:524:11
            </failure>
        </testcase>
        <testcase classname="tests/integration/server/ft01.full-uc-coverage.integration.test.ts" name="FT01 UC coverage integration &gt; UC 01/15 happy+negative: optimistic locking success and stale conflict" time="0.0764054">
        </testcase>
        <testcase classname="tests/integration/server/ft01.full-uc-coverage.integration.test.ts" name="FT01 UC coverage integration &gt; UC 01/16 negative: repeated assignment operations keep join deterministic and duplicate-free" time="0.1190549">
        </testcase>
    </testsuite>
    <testsuite name="tests/integration/server/ft02.full-uc-coverage.integration.test.ts" timestamp="2026-02-26T13:49:43.351Z" hostname="Multimedia5" tests="14" failures="3" errors="0" skipped="0" time="0.5968291">
        <testcase classname="tests/integration/server/ft02.full-uc-coverage.integration.test.ts" name="FT02 integration: full uc coverage &gt; UC 02/01 create project happy and basic validation negative" time="0.0739262">
        </testcase>
        <testcase classname="tests/integration/server/ft02.full-uc-coverage.integration.test.ts" name="FT02 integration: full uc coverage &gt; UC 02/02 project update with optimistic lock conflict" time="0.0461765">
        </testcase>
        <testcase classname="tests/integration/server/ft02.full-uc-coverage.integration.test.ts" name="FT02 integration: full uc coverage &gt; UC 02/04 status relation add/remove with inactive block" time="0.0719405">
        </testcase>
        <testcase classname="tests/integration/server/ft02.full-uc-coverage.integration.test.ts" name="FT02 integration: full uc coverage &gt; UC 02/05 project notes create/list/delete" time="0.0508981">
        </testcase>
        <testcase classname="tests/integration/server/ft02.full-uc-coverage.integration.test.ts" name="FT02 integration: full uc coverage &gt; UC 02/06 invariant surface: project attachment delete endpoint is disabled" time="0.0260759">
        </testcase>
        <testcase classname="tests/integration/server/ft02.full-uc-coverage.integration.test.ts" name="FT02 integration: full uc coverage &gt; UC 02/08 delete rules: block when appointments exist and allow when empty" time="0.0567792">
        </testcase>
        <testcase classname="tests/integration/server/ft02.full-uc-coverage.integration.test.ts" name="FT02 integration: full uc coverage &gt; UC 02/09 + UC 02/13: project update is reflected in calendar projection" time="0.0521649">
        </testcase>
        <testcase classname="tests/integration/server/ft02.full-uc-coverage.integration.test.ts" name="FT02 integration: full uc coverage &gt; UC 02/10: project status projection appears in appointments payload" time="0.0549089">
        </testcase>
        <testcase classname="tests/integration/server/ft02.full-uc-coverage.integration.test.ts" name="FT02 integration: full uc coverage &gt; UC 02/11 + UC 02/15: deleting project removes status join relations" time="0.0605057">
        </testcase>
        <testcase classname="tests/integration/server/ft02.full-uc-coverage.integration.test.ts" name="FT02 integration: full uc coverage &gt; UC 02/14: two clients with same version cause stale conflict" time="0.0709087">
        </testcase>
        <testcase classname="tests/integration/server/ft02.full-uc-coverage.integration.test.ts" name="FT02 integration: full uc coverage &gt; UC 02/16: assigning non-existing customer should be rejected" time="0.0293126">
            <system-err>
2026-02-26T13:48:32.724Z [ERROR] internal_server_error {&quot;status&quot;:422,&quot;message&quot;:&quot;VALIDATION_ERROR&quot;,&quot;error&quot;:{&quot;name&quot;:&quot;Error&quot;,&quot;message&quot;:&quot;VALIDATION_ERROR&quot;,&quot;stack&quot;:&quot;Error: VALIDATION_ERROR\n    at Module.createProject (C:/Users/r.rose/repos/Plan/releases/work/server/services/projectsService.ts:49:11)\n    at processTicksAndRejections (node:internal/process/task_queues:103:5)\n    at createProject (C:/Users/r.rose/repos/Plan/releases/work/server/controllers/projectsController.ts:57:21)&quot;}}

            </system-err>
        </testcase>
        <testcase classname="tests/integration/server/ft02.full-uc-coverage.integration.test.ts" name="FT02 integration: full uc coverage &gt; UC 02/12 blocker: cross-view source-of-truth contract is not directly verifiable in backend contract" time="0.0004736">
            <failure message="NOT_IMPLEMENTED_BY_SCOPE | UC 02/12 | Required proof: dependent views must not locally persist duplicated project data. Current backend contracts expose projection payloads but no verifiable persistence-invariant endpoint." type="Error">
Error: NOT_IMPLEMENTED_BY_SCOPE | UC 02/12 | Required proof: dependent views must not locally persist duplicated project data. Current backend contracts expose projection payloads but no verifiable persistence-invariant endpoint.
 ❯ tests/integration/server/ft02.full-uc-coverage.integration.test.ts:335:11
            </failure>
        </testcase>
        <testcase classname="tests/integration/server/ft02.full-uc-coverage.integration.test.ts" name="FT02 integration: full uc coverage &gt; UC 02/19 blocker: duplicate cross-view contract kept separate by traceability policy" time="0.0001347">
            <failure message="NOT_IMPLEMENTED_BY_SCOPE | UC 02/19 | Separate trace entry for cross-view contract retained. No additional backend-only invariant endpoint available for direct proof." type="Error">
Error: NOT_IMPLEMENTED_BY_SCOPE | UC 02/19 | Separate trace entry for cross-view contract retained. No additional backend-only invariant endpoint available for direct proof.
 ❯ tests/integration/server/ft02.full-uc-coverage.integration.test.ts:341:11
            </failure>
        </testcase>
        <testcase classname="tests/integration/server/ft02.full-uc-coverage.integration.test.ts" name="FT02 integration: full uc coverage &gt; UC 02/20 blocker: duplicate denormalized refresh contract kept separate by traceability policy" time="0.0000998">
            <failure message="NOT_IMPLEMENTED_BY_SCOPE | UC 02/20 | Separate trace entry for denormalized refresh contract retained. Existing projections partially cover behavior but not full cross-view contract." type="Error">
Error: NOT_IMPLEMENTED_BY_SCOPE | UC 02/20 | Separate trace entry for denormalized refresh contract retained. Existing projections partially cover behavior but not full cross-view contract.
 ❯ tests/integration/server/ft02.full-uc-coverage.integration.test.ts:347:11
            </failure>
        </testcase>
    </testsuite>
    <testsuite name="tests/integration/server/ft04.employee-tour-relationship.integration.test.ts" timestamp="2026-02-26T13:49:43.354Z" hostname="Multimedia5" tests="5" failures="0" errors="0" skipped="0" time="0.3294911">
        <testcase classname="tests/integration/server/ft04.employee-tour-relationship.integration.test.ts" name="FT04 integration: EmployeeTourRelationshipTests &gt; assigns and removes an employee from a tour" time="0.1068556">
        </testcase>
        <testcase classname="tests/integration/server/ft04.employee-tour-relationship.integration.test.ts" name="FT04 integration: EmployeeTourRelationshipTests &gt; reassigns employee to another tour (single tour membership)" time="0.0673722">
        </testcase>
        <testcase classname="tests/integration/server/ft04.employee-tour-relationship.integration.test.ts" name="FT04 integration: EmployeeTourRelationshipTests &gt; documents duplicate assignment attempt in one batch" time="0.0460854">
        </testcase>
        <testcase classname="tests/integration/server/ft04.employee-tour-relationship.integration.test.ts" name="FT04 integration: EmployeeTourRelationshipTests &gt; keeps empty tour members list after removing the last employee" time="0.0550358">
        </testcase>
        <testcase classname="tests/integration/server/ft04.employee-tour-relationship.integration.test.ts" name="FT04 integration: EmployeeTourRelationshipTests &gt; documents assignment behavior for deactivated employees" time="0.0520278">
        </testcase>
    </testsuite>
    <testsuite name="tests/integration/server/ft04.full-uc-coverage.integration.test.ts" timestamp="2026-02-26T13:49:43.354Z" hostname="Multimedia5" tests="10" failures="2" errors="0" skipped="0" time="10.1783162">
        <testcase classname="tests/integration/server/ft04.full-uc-coverage.integration.test.ts" name="FT04 full UC coverage integration &gt; UC 04/01 creates tour with generated name and optional employee assignment" time="1.2052491">
        </testcase>
        <testcase classname="tests/integration/server/ft04.full-uc-coverage.integration.test.ts" name="FT04 full UC coverage integration &gt; UC 04/02 updates tour color and member list while keeping generated name unchanged" time="1.0081523">
        </testcase>
        <testcase classname="tests/integration/server/ft04.full-uc-coverage.integration.test.ts" name="FT04 full UC coverage integration &gt; UC 04/03 enforces single-tour membership when assigning/removing employees" time="1.0206922">
        </testcase>
        <testcase classname="tests/integration/server/ft04.full-uc-coverage.integration.test.ts" name="FT04 full UC coverage integration &gt; UC 04/04 deletes tour only without appointments and resets employee references" time="1.0000763">
        </testcase>
        <testcase classname="tests/integration/server/ft04.full-uc-coverage.integration.test.ts" name="FT04 full UC coverage integration &gt; UC 04/05 blocks READER mutation on tour-employee endpoints (NOT_IMPLEMENTED_BY_SCOPE)" time="1.038752">
            <failure message="NOT_IMPLEMENTED_BY_SCOPE | UC 04/05 Tourliste anzeigen | Fehlendes Verhalten: READER/Monteur darf Tour-Mitarbeiter-Mutationen nicht ausfuehren (erwartet 403/FORBIDDEN, erhalten 200/n/a) | Betroffene Produktion: server/controllers/tourEmployeesController.ts" type="Error">
Error: NOT_IMPLEMENTED_BY_SCOPE | UC 04/05 Tourliste anzeigen | Fehlendes Verhalten: READER/Monteur darf Tour-Mitarbeiter-Mutationen nicht ausfuehren (erwartet 403/FORBIDDEN, erhalten 200/n/a) | Betroffene Produktion: server/controllers/tourEmployeesController.ts
 ❯ tests/integration/server/ft04.full-uc-coverage.integration.test.ts:230:13
            </failure>
        </testcase>
        <testcase classname="tests/integration/server/ft04.full-uc-coverage.integration.test.ts" name="FT04 full UC coverage integration &gt; UC 04/06 reflects tour color changes in calendar projections without changing other tours" time="0.9987492">
        </testcase>
        <testcase classname="tests/integration/server/ft04.full-uc-coverage.integration.test.ts" name="FT04 full UC coverage integration &gt; UC 04/07 derives week overview from current tour-employee assignments (NOT_IMPLEMENTED_BY_SCOPE)" time="0.9115895">
            <failure message="NOT_IMPLEMENTED_BY_SCOPE | UC 04/07 Wochenuebersicht nach Touraenderung korrekt ableiten | Fehlendes Verhalten: verifizierbare serverseitige UC-Ableitung aus aktuellen Tour-Mitarbeiterzuordnungen in einer dedizierten Wochenprojektion | Betroffene Produktion: server/services/appointmentsService.ts + client/src/components/calendar/CalendarWeekView.tsx" type="Error">
Error: NOT_IMPLEMENTED_BY_SCOPE | UC 04/07 Wochenuebersicht nach Touraenderung korrekt ableiten | Fehlendes Verhalten: verifizierbare serverseitige UC-Ableitung aus aktuellen Tour-Mitarbeiterzuordnungen in einer dedizierten Wochenprojektion | Betroffene Produktion: server/services/appointmentsService.ts + client/src/components/calendar/CalendarWeekView.tsx
 ❯ tests/integration/server/ft04.full-uc-coverage.integration.test.ts:266:11
            </failure>
        </testcase>
        <testcase classname="tests/integration/server/ft04.full-uc-coverage.integration.test.ts" name="FT04 full UC coverage integration &gt; UC 04/08 prevents parallel assignment of same employee to different tours" time="1.0072299">
        </testcase>
        <testcase classname="tests/integration/server/ft04.full-uc-coverage.integration.test.ts" name="FT04 full UC coverage integration &gt; UC 04/09 prevents silent overwrite on parallel tour edit" time="0.983818">
        </testcase>
        <testcase classname="tests/integration/server/ft04.full-uc-coverage.integration.test.ts" name="FT04 full UC coverage integration &gt; UC 04/10 blocks delete when appointment assignment appears before delete commit" time="1.0017561">
        </testcase>
    </testsuite>
    <testsuite name="tests/integration/server/ft04.multi-user.integration.test.ts" timestamp="2026-02-26T13:49:43.356Z" hostname="Multimedia5" tests="4" failures="0" errors="0" skipped="0" time="0.3311873">
        <testcase classname="tests/integration/server/ft04.multi-user.integration.test.ts" name="FT04 integration: MultiUserTests &gt; handles simultaneous updates on same tour with one success and one conflict" time="0.0998052">
        </testcase>
        <testcase classname="tests/integration/server/ft04.multi-user.integration.test.ts" name="FT04 integration: MultiUserTests &gt; handles concurrent employee remove and reassign with version conflict" time="0.0902474">
        </testcase>
        <testcase classname="tests/integration/server/ft04.multi-user.integration.test.ts" name="FT04 integration: MultiUserTests &gt; documents stale edit after delete in another session" time="0.0655663">
        </testcase>
        <testcase classname="tests/integration/server/ft04.multi-user.integration.test.ts" name="FT04 integration: MultiUserTests &gt; documents optimistic locking response for stale employee assignment version" time="0.0728452">
        </testcase>
    </testsuite>
    <testsuite name="tests/integration/server/ft04.role.integration.test.ts" timestamp="2026-02-26T13:49:43.356Z" hostname="Multimedia5" tests="3" failures="0" errors="0" skipped="0" time="0.252777">
        <testcase classname="tests/integration/server/ft04.role.integration.test.ts" name="FT04 integration: RoleTests &gt; enforces READER create/update/delete restrictions with server-side 403" time="0.0999868">
        </testcase>
        <testcase classname="tests/integration/server/ft04.role.integration.test.ts" name="FT04 integration: RoleTests &gt; allows DISPATCHER to create/update tours but blocks delete" time="0.0716061">
        </testcase>
        <testcase classname="tests/integration/server/ft04.role.integration.test.ts" name="FT04 integration: RoleTests &gt; allows ADMIN to perform tour CRUD and tour-employee operations" time="0.0791145">
        </testcase>
    </testsuite>
    <testsuite name="tests/integration/server/ft04.tour-management.integration.test.ts" timestamp="2026-02-26T13:49:43.356Z" hostname="Multimedia5" tests="9" failures="0" errors="0" skipped="0" time="9.5298546">
        <testcase classname="tests/integration/server/ft04.tour-management.integration.test.ts" name="FT04 integration: TourTests &gt; creates a tour with valid color" time="1.0177487">
        </testcase>
        <testcase classname="tests/integration/server/ft04.tour-management.integration.test.ts" name="FT04 integration: TourTests &gt; rejects invalid create payloads" time="1.1798836">
        </testcase>
        <testcase classname="tests/integration/server/ft04.tour-management.integration.test.ts" name="FT04 integration: TourTests &gt; documents empty-name request handling on create" time="1.299743">
        </testcase>
        <testcase classname="tests/integration/server/ft04.tour-management.integration.test.ts" name="FT04 integration: TourTests &gt; updates tour color repeatedly and persists after reload" time="1.1076997">
        </testcase>
        <testcase classname="tests/integration/server/ft04.tour-management.integration.test.ts" name="FT04 integration: TourTests &gt; documents name-change attempt behavior on update" time="0.9623179">
        </testcase>
        <testcase classname="tests/integration/server/ft04.tour-management.integration.test.ts" name="FT04 integration: TourTests &gt; deletes a tour and resets assigned employee tourId to null" time="0.9992985">
        </testcase>
        <testcase classname="tests/integration/server/ft04.tour-management.integration.test.ts" name="FT04 integration: TourTests &gt; returns BUSINESS_CONFLICT when deleting a tour that is referenced by appointments" time="1.0044766">
        </testcase>
        <testcase classname="tests/integration/server/ft04.tour-management.integration.test.ts" name="FT04 integration: TourTests &gt; returns NOT_FOUND when deleting non-existing tour id" time="0.9617414">
        </testcase>
        <testcase classname="tests/integration/server/ft04.tour-management.integration.test.ts" name="FT04 integration: TourTests &gt; keeps generated names unique across multiple creates" time="0.9944128">
        </testcase>
    </testsuite>
    <testsuite name="tests/integration/server/ft05.full-uc-coverage.integration.test.ts" timestamp="2026-02-26T13:49:43.357Z" hostname="Multimedia5" tests="7" failures="3" errors="0" skipped="0" time="0.46663">
        <testcase classname="tests/integration/server/ft05.full-uc-coverage.integration.test.ts" name="FT05 integration: full UC coverage &gt; UC 05/02: dispatcher updates employee master data without changing appointment relation history" time="0.1541078">
        </testcase>
        <testcase classname="tests/integration/server/ft05.full-uc-coverage.integration.test.ts" name="FT05 integration: full UC coverage &gt; UC 05/07: employee detail, attachments and appointments are consistently readable" time="0.0810722">
        </testcase>
        <testcase classname="tests/integration/server/ft05.full-uc-coverage.integration.test.ts" name="FT05 integration: full UC coverage &gt; UC 05/09: deactivated employee must not be assignable to a new appointment" time="0.0539726">
            <failure message="UC 05/09 violated: expected 409/400 when assigning deactivated employee, got 201. Required production extension: enforce active-employee validation on appointment save." type="Error">
Error: UC 05/09 violated: expected 409/400 when assigning deactivated employee, got 201. Required production extension: enforce active-employee validation on appointment save.
 ❯ tests/integration/server/ft05.full-uc-coverage.integration.test.ts:210:13
            </failure>
        </testcase>
        <testcase classname="tests/integration/server/ft05.full-uc-coverage.integration.test.ts" name="FT05 integration: full UC coverage &gt; UC 05/11: stale update after reactivation returns 409 VERSION_CONFLICT" time="0.0708635">
        </testcase>
        <testcase classname="tests/integration/server/ft05.full-uc-coverage.integration.test.ts" name="FT05 integration: full UC coverage &gt; UC 05/13: dispatcher gets consistent active employee query result across list and dialog sources" time="0.1040758">
        </testcase>
        <testcase classname="tests/integration/server/ft05.full-uc-coverage.integration.test.ts" name="FT05 integration: full UC coverage &gt; UC 05/10 MELDER: deletion with existing appointment references cannot be tested because endpoint is missing" time="0.0002219">
            <failure message="UC 05/10 not testable without production extension. Missing endpoint: DELETE /api/employees/:id. Required behavior: block delete with HTTP 409 when appointment references exist. Reason: current API contract exposes no employee delete path, therefore reference-protection cannot be verified." type="Error">
Error: UC 05/10 not testable without production extension. Missing endpoint: DELETE /api/employees/:id. Required behavior: block delete with HTTP 409 when appointment references exist. Reason: current API contract exposes no employee delete path, therefore reference-protection cannot be verified.
 ❯ tests/integration/server/ft05.full-uc-coverage.integration.test.ts:269:11
            </failure>
        </testcase>
        <testcase classname="tests/integration/server/ft05.full-uc-coverage.integration.test.ts" name="FT05 integration: full UC coverage &gt; UC 05/12 MELDER: unauthorized DELETE protection cannot be tested because endpoint is missing" time="0.0001221">
            <failure message="UC 05/12 (DELETE path) not testable without production extension. Missing endpoint: DELETE /api/employees/:id. Required behavior: enforce role guard with HTTP 403 for unauthorized roles. Reason: no DELETE route exists, so direct API role-violation check is impossible." type="Error">
Error: UC 05/12 (DELETE path) not testable without production extension. Missing endpoint: DELETE /api/employees/:id. Required behavior: enforce role guard with HTTP 403 for unauthorized roles. Reason: no DELETE route exists, so direct API role-violation check is impossible.
 ❯ tests/integration/server/ft05.full-uc-coverage.integration.test.ts:277:11
            </failure>
        </testcase>
    </testsuite>
    <testsuite name="tests/integration/server/ft07.backup-and-caldav.integration.test.ts" timestamp="2026-02-26T13:49:43.359Z" hostname="Multimedia5" tests="4" failures="0" errors="0" skipped="0" time="2.9278197">
        <testcase classname="tests/integration/server/ft07.backup-and-caldav.integration.test.ts" name="FT07 integration: backup scheduler + caldav outbound &gt; blocks backup-log cleanup when destructive target guard fails" time="0.0024067">
        </testcase>
        <testcase classname="tests/integration/server/ft07.backup-and-caldav.integration.test.ts" name="FT07 integration: backup scheduler + caldav outbound &gt; creates real backup files and logs success, then skips on no_changes" time="1.3601757">
            <system-out>
2026-02-26T13:48:54.541Z [INFO] [backup-scheduler] tick -&gt; success {&quot;exportedRecordCount&quot;:1,&quot;excelPath&quot;:&quot;C:\\Users\\r.rose\\repos\\Plan\\releases\\work\\.tmp\\ft07-integration-backups\\2026-02-26\\calendar-backup.xlsx&quot;,&quot;pdfPath&quot;:&quot;C:\\Users\\r.rose\\repos\\Plan\\releases\\work\\.tmp\\ft07-integration-backups\\2026-02-26\\anstehende-termine.pdf&quot;}

2026-02-26T13:48:54.571Z [INFO] [backup-scheduler] tick -&gt; skipped (no changes)

            </system-out>
        </testcase>
        <testcase classname="tests/integration/server/ft07.backup-and-caldav.integration.test.ts" name="FT07 integration: backup scheduler + caldav outbound &gt; exposes backup logs and downloads via admin API" time="1.319121">
            <system-out>
2026-02-26T13:48:55.844Z [INFO] [backup-scheduler] tick -&gt; success {&quot;exportedRecordCount&quot;:2,&quot;excelPath&quot;:&quot;C:\\Users\\r.rose\\repos\\Plan\\releases\\work\\.tmp\\ft07-integration-backups\\2026-02-26\\calendar-backup.xlsx&quot;,&quot;pdfPath&quot;:&quot;C:\\Users\\r.rose\\repos\\Plan\\releases\\work\\.tmp\\ft07-integration-backups\\2026-02-26\\anstehende-termine.pdf&quot;}

            </system-out>
        </testcase>
        <testcase classname="tests/integration/server/ft07.backup-and-caldav.integration.test.ts" name="FT07 integration: backup scheduler + caldav outbound &gt; dispatches CalDAV PUT/DELETE on appointment create/update/delete against HTTPS test endpoint" time="0.2440356">
        </testcase>
    </testsuite>
    <testsuite name="tests/integration/server/ft11.team-management.integration.test.ts" timestamp="2026-02-26T13:49:43.359Z" hostname="Multimedia5" tests="10" failures="0" errors="0" skipped="0" time="0.6204663">
        <testcase classname="tests/integration/server/ft11.team-management.integration.test.ts" name="FT11 integration: team management IST &gt; creates a team, auto-generates name and ignores client-provided name" time="0.0665493">
        </testcase>
        <testcase classname="tests/integration/server/ft11.team-management.integration.test.ts" name="FT11 integration: team management IST &gt; returns 422 VALIDATION_ERROR for invalid create payload" time="0.0289451">
        </testcase>
        <testcase classname="tests/integration/server/ft11.team-management.integration.test.ts" name="FT11 integration: team management IST &gt; documents empty assign payload behavior as 200 with empty array" time="0.0383036">
        </testcase>
        <testcase classname="tests/integration/server/ft11.team-management.integration.test.ts" name="FT11 integration: team management IST &gt; adds and removes team members via dedicated team-employees endpoints" time="0.0551082">
        </testcase>
        <testcase classname="tests/integration/server/ft11.team-management.integration.test.ts" name="FT11 integration: team management IST &gt; allows assigning inactive employees (IST behavior)" time="0.056594">
        </testcase>
        <testcase classname="tests/integration/server/ft11.team-management.integration.test.ts" name="FT11 integration: team management IST &gt; returns VERSION_CONFLICT when duplicate employee is assigned twice in same batch" time="0.0460671">
        </testcase>
        <testcase classname="tests/integration/server/ft11.team-management.integration.test.ts" name="FT11 integration: team management IST &gt; updates team color, keeps team name unchanged and returns 404 for unknown id" time="0.0394503">
        </testcase>
        <testcase classname="tests/integration/server/ft11.team-management.integration.test.ts" name="FT11 integration: team management IST &gt; supports full member replacement workflow without stale relations" time="0.0733798">
        </testcase>
        <testcase classname="tests/integration/server/ft11.team-management.integration.test.ts" name="FT11 integration: team management IST &gt; deletes team and clears employee.teamId relation, unknown id returns 404" time="0.0534386">
        </testcase>
        <testcase classname="tests/integration/server/ft11.team-management.integration.test.ts" name="FT11 integration: team management IST &gt; documents current role behavior for FT11 routes (no server-side 403 guards)" time="0.1597067">
        </testcase>
    </testsuite>
    <testsuite name="tests/integration/server/notes.create.transactional-readback.integration.test.ts" timestamp="2026-02-26T13:49:43.360Z" hostname="Multimedia5" tests="6" failures="0" errors="0" skipped="0" time="0.2661806">
        <testcase classname="tests/integration/server/notes.create.transactional-readback.integration.test.ts" name="FT09/FT13 integration: notes create transactional readback &gt; creates customer note and returns 201 with persisted note payload" time="0.0766145">
        </testcase>
        <testcase classname="tests/integration/server/notes.create.transactional-readback.integration.test.ts" name="FT09/FT13 integration: notes create transactional readback &gt; creates project note and returns 201 with persisted note payload" time="0.0520066">
        </testcase>
        <testcase classname="tests/integration/server/notes.create.transactional-readback.integration.test.ts" name="FT09/FT13 integration: notes create transactional readback &gt; returns 404 NOT_FOUND for customer note when customer does not exist" time="0.0284547">
        </testcase>
        <testcase classname="tests/integration/server/notes.create.transactional-readback.integration.test.ts" name="FT09/FT13 integration: notes create transactional readback &gt; returns 404 NOT_FOUND for project note when project does not exist" time="0.0279499">
        </testcase>
        <testcase classname="tests/integration/server/notes.create.transactional-readback.integration.test.ts" name="FT09/FT13 integration: notes create transactional readback &gt; returns 404 when customer note template does not exist" time="0.0347732">
        </testcase>
        <testcase classname="tests/integration/server/notes.create.transactional-readback.integration.test.ts" name="FT09/FT13 integration: notes create transactional readback &gt; returns 404 when project note template does not exist" time="0.0441823">
        </testcase>
    </testsuite>
    <testsuite name="tests/integration/server/notes.joins-and-template-integrity.integration.test.ts" timestamp="2026-02-26T13:49:43.361Z" hostname="Multimedia5" tests="9" failures="0" errors="0" skipped="0" time="0.5087756">
        <testcase classname="tests/integration/server/notes.joins-and-template-integrity.integration.test.ts" name="FT09/FT13 integration: note joins and template integrity &gt; creates customer note from template and persists only customer_note join" time="0.0869092">
        </testcase>
        <testcase classname="tests/integration/server/notes.joins-and-template-integrity.integration.test.ts" name="FT09/FT13 integration: note joins and template integrity &gt; creates project note from template and persists only project_note join" time="0.0598508">
        </testcase>
        <testcase classname="tests/integration/server/notes.joins-and-template-integrity.integration.test.ts" name="FT09/FT13 integration: note joins and template integrity &gt; isolates customer notes by parent customer" time="0.0625885">
        </testcase>
        <testcase classname="tests/integration/server/notes.joins-and-template-integrity.integration.test.ts" name="FT09/FT13 integration: note joins and template integrity &gt; isolates project notes by parent project" time="0.0665252">
        </testcase>
        <testcase classname="tests/integration/server/notes.joins-and-template-integrity.integration.test.ts" name="FT09/FT13 integration: note joins and template integrity &gt; returns only active templates by default and returns active+inactive with active=false" time="0.0428271">
        </testcase>
        <testcase classname="tests/integration/server/notes.joins-and-template-integrity.integration.test.ts" name="FT09/FT13 integration: note joins and template integrity &gt; must not delete foreign customer note via parent-mismatch path" time="0.0509189">
        </testcase>
        <testcase classname="tests/integration/server/notes.joins-and-template-integrity.integration.test.ts" name="FT09/FT13 integration: note joins and template integrity &gt; must not delete foreign project note via parent-mismatch path" time="0.0590918">
        </testcase>
        <testcase classname="tests/integration/server/notes.joins-and-template-integrity.integration.test.ts" name="FT09/FT13 integration: note joins and template integrity &gt; deletes note rows and both joins when note is actually deleted" time="0.0468191">
        </testcase>
        <testcase classname="tests/integration/server/notes.joins-and-template-integrity.integration.test.ts" name="FT09/FT13 integration: note joins and template integrity &gt; persists template creation in note_template table with versioning defaults" time="0.0308836">
        </testcase>
    </testsuite>
    <testsuite name="tests/integration/server/projectAppointments.version.test.ts" timestamp="2026-02-26T13:49:43.361Z" hostname="Multimedia5" tests="1" failures="0" errors="0" skipped="0" time="0.0848652">
        <testcase classname="tests/integration/server/projectAppointments.version.test.ts" name="FT04 integration: project appointments version contract &gt; returns version on project appointment list items" time="0.0829194">
        </testcase>
    </testsuite>
    <testsuite name="tests/integration/server/projects.attachments.integration.test.ts" timestamp="2026-02-26T13:49:43.361Z" hostname="Multimedia5" tests="3" failures="2" errors="0" skipped="0" time="0.2117025">
        <testcase classname="tests/integration/server/projects.attachments.integration.test.ts" name="FT02 integration: project attachments &gt; UC 02/06 happy path: list, upload, open, download and delete=405" time="0.1056166">
        </testcase>
        <testcase classname="tests/integration/server/projects.attachments.integration.test.ts" name="FT02 integration: project attachments &gt; UC 02/06 negative requirement: unknown project upload should return 404" time="0.0330458">
            <system-err>
[...]
        </testcase>
    </testsuite>
    <testsuite name="tests/unit/ui/projectDetailCard.orderNumber.test.tsx" timestamp="2026-02-26T13:49:43.403Z" hostname="Multimedia5" tests="2" failures="0" errors="0" skipped="0" time="0.0017739">
        <testcase classname="tests/unit/ui/projectDetailCard.orderNumber.test.tsx" name="FT02 project detail card order number &gt; renders split top row fields for customer, project name and order number" time="0.0008319">
        </testcase>
        <testcase classname="tests/unit/ui/projectDetailCard.orderNumber.test.tsx" name="FT02 project detail card order number &gt; renders description as full html and keeps customer number fallback parsing" time="0.0002948">
        </testcase>
    </testsuite>
    <testsuite name="tests/unit/ui/projectForm.appointmentCacheInvalidation.wiring.test.tsx" timestamp="2026-02-26T13:49:43.404Z" hostname="Multimedia5" tests="3" failures="0" errors="0" skipped="0" time="0.0017581">
        <testcase classname="tests/unit/ui/projectForm.appointmentCacheInvalidation.wiring.test.tsx" name="FT04/FT02 project form appointment cache invalidation wiring &gt; invalidates calendar appointments explicitly" time="0.0005396">
        </testcase>
        <testcase classname="tests/unit/ui/projectForm.appointmentCacheInvalidation.wiring.test.tsx" name="FT04/FT02 project form appointment cache invalidation wiring &gt; invalidates appointment projection query families via predicate" time="0.0001575">
        </testcase>
        <testcase classname="tests/unit/ui/projectForm.appointmentCacheInvalidation.wiring.test.tsx" name="FT04/FT02 project form appointment cache invalidation wiring &gt; wires appointment invalidation into invalidateProjectQueries" time="0.0000863">
        </testcase>
    </testsuite>
    <testsuite name="tests/unit/ui/projectForm.customerRelationSlot.test.tsx" timestamp="2026-02-26T13:49:43.404Z" hostname="Multimedia5" tests="3" failures="0" errors="0" skipped="0" time="0.0018288">
        <testcase classname="tests/unit/ui/projectForm.customerRelationSlot.test.tsx" name="FT02 project form customer relation slot wiring &gt; uses relation slot with customer state mapping" time="0.0009819">
        </testcase>
        <testcase classname="tests/unit/ui/projectForm.customerRelationSlot.test.tsx" name="FT02 project form customer relation slot wiring &gt; wires add and remove actions to expected handlers" time="0.0001474">
        </testcase>
        <testcase classname="tests/unit/ui/projectForm.customerRelationSlot.test.tsx" name="FT02 project form customer relation slot wiring &gt; keeps customer required validation" time="0.0000799">
        </testcase>
    </testsuite>
    <testsuite name="tests/unit/ui/projectForm.deleteWiring.test.tsx" timestamp="2026-02-26T13:49:43.405Z" hostname="Multimedia5" tests="3" failures="0" errors="0" skipped="0" time="0.0014389">
        <testcase classname="tests/unit/ui/projectForm.deleteWiring.test.tsx" name="FT02 project form delete wiring &gt; wires delete footer action only for edit mode" time="0.0006093">
        </testcase>
        <testcase classname="tests/unit/ui/projectForm.deleteWiring.test.tsx" name="FT02 project form delete wiring &gt; calls project delete endpoint with version payload" time="0.0001052">
        </testcase>
        <testcase classname="tests/unit/ui/projectForm.deleteWiring.test.tsx" name="FT02 project form delete wiring &gt; maps BUSINESS_CONFLICT and VERSION_CONFLICT to specific toasts" time="0.0001022">
        </testcase>
    </testsuite>
    <testsuite name="tests/unit/ui/projectForm.documentExtractionFlow.test.tsx" timestamp="2026-02-26T13:49:43.405Z" hostname="Multimedia5" tests="5" failures="0" errors="0" skipped="0" time="0.0016901">
        <testcase classname="tests/unit/ui/projectForm.documentExtractionFlow.test.tsx" name="FT20 project form document extraction flow wiring &gt; calls extract endpoint with project_form scope" time="0.0005371">
        </testcase>
        <testcase classname="tests/unit/ui/projectForm.documentExtractionFlow.test.tsx" name="FT20 project form document extraction flow wiring &gt; wires dropzone and dialog state" time="0.0001756">
        </testcase>
        <testcase classname="tests/unit/ui/projectForm.documentExtractionFlow.test.tsx" name="FT20 project form document extraction flow wiring &gt; wires single data apply callback" time="0.0001566">
        </testcase>
        <testcase classname="tests/unit/ui/projectForm.documentExtractionFlow.test.tsx" name="FT20 project form document extraction flow wiring &gt; keeps order number editable for new project and readonly for existing project" time="0.0000709">
        </testcase>
        <testcase classname="tests/unit/ui/projectForm.documentExtractionFlow.test.tsx" name="FT20 project form document extraction flow wiring &gt; resolves duplicate customer numbers via confirm and existing customer reuse" time="0.0001201">
        </testcase>
    </testsuite>
    <testsuite name="tests/unit/ui/projectForm.notesVersioning.test.tsx" timestamp="2026-02-26T13:49:43.405Z" hostname="Multimedia5" tests="2" failures="0" errors="0" skipped="0" time="0.0012952">
        <testcase classname="tests/unit/ui/projectForm.notesVersioning.test.tsx" name="FT02/FT13 ProjectForm note versioning wiring &gt; sends version in note pin and delete payload" time="0.0005484">
        </testcase>
        <testcase classname="tests/unit/ui/projectForm.notesVersioning.test.tsx" name="FT02/FT13 ProjectForm note versioning wiring &gt; resolves note version from loaded notes and wires NotesSection actions" time="0.0001224">
        </testcase>
    </testsuite>
    <testsuite name="tests/unit/ui/projectForm.statusRelationsLocking.test.tsx" timestamp="2026-02-26T13:49:43.405Z" hostname="Multimedia5" tests="3" failures="0" errors="0" skipped="0" time="0.0026375">
        <testcase classname="tests/unit/ui/projectForm.statusRelationsLocking.test.tsx" name="FT15 project form relation locking wiring &gt; derives role and wires canEdit to ProjectStatusPanel for ADMIN or DISPATCHER" time="0.0009075">
        </testcase>
        <testcase classname="tests/unit/ui/projectForm.statusRelationsLocking.test.tsx" name="FT15 project form relation locking wiring &gt; sends expectedVersion=0 on add relation" time="0.0003173">
        </testcase>
        <testcase classname="tests/unit/ui/projectForm.statusRelationsLocking.test.tsx" name="FT15 project form relation locking wiring &gt; sends relationVersion on remove relation" time="0.0007577">
        </testcase>
    </testsuite>
    <testsuite name="tests/unit/ui/projectsPage.orderNumberWiring.test.tsx" timestamp="2026-02-26T13:49:43.406Z" hostname="Multimedia5" tests="5" failures="0" errors="0" skipped="0" time="0.0033908">
        <testcase classname="tests/unit/ui/projectsPage.orderNumberWiring.test.tsx" name="FT02 projects page order number wiring &gt; wires order number filter handlers" time="0.0009551">
        </testcase>
        <testcase classname="tests/unit/ui/projectsPage.orderNumberWiring.test.tsx" name="FT02 projects page order number wiring &gt; renders order number in table and board views" time="0.0003601">
        </testcase>
        <testcase classname="tests/unit/ui/projectsPage.orderNumberWiring.test.tsx" name="FT02 projects page order number wiring &gt; renders stacked project status badges under order number in board cards" time="0.0003855">
        </testcase>
        <testcase classname="tests/unit/ui/projectsPage.orderNumberWiring.test.tsx" name="FT02 projects page order number wiring &gt; does not render postal code and city in board cards" time="0.0007182">
        </testcase>
        <testcase classname="tests/unit/ui/projectsPage.orderNumberWiring.test.tsx" name="FT02 projects page order number wiring &gt; renders project description as html in board cards" time="0.0002912">
        </testcase>
    </testsuite>
    <testsuite name="tests/unit/ui/projectsTable.preview.test.tsx" timestamp="2026-02-26T13:49:43.406Z" hostname="Multimedia5" tests="2" failures="0" errors="0" skipped="0" time="0.0021902">
        <testcase classname="tests/unit/ui/projectsTable.preview.test.tsx" name="FT03 projects table preview wiring &gt; uses createAppointmentWeeklyPanelPreview for relevant appointments" time="0.0012226">
        </testcase>
        <testcase classname="tests/unit/ui/projectsTable.preview.test.tsx" name="FT03 projects table preview wiring &gt; keeps no-appointment fallback text" time="0.0003252">
        </testcase>
    </testsuite>
    <testsuite name="tests/unit/ui/projectStatusPage.actions.test.tsx" timestamp="2026-02-26T13:49:43.406Z" hostname="Multimedia5" tests="3" failures="0" errors="0" skipped="0" time="0.0027149">
        <testcase classname="tests/unit/ui/projectStatusPage.actions.test.tsx" name="FT15 project status page action wiring &gt; wires toggle and delete API mutations" time="0.0012154">
        </testcase>
        <testcase classname="tests/unit/ui/projectStatusPage.actions.test.tsx" name="FT15 project status page action wiring &gt; sends version for update/toggle/delete" time="0.0004168">
        </testcase>
        <testcase classname="tests/unit/ui/projectStatusPage.actions.test.tsx" name="FT15 project status page action wiring &gt; keeps default status delete disabled in list view" time="0.0003896">
        </testcase>
    </testsuite>
    <testsuite name="tests/unit/ui/relationSlot.actions.test.tsx" timestamp="2026-02-26T13:49:43.406Z" hostname="Multimedia5" tests="3" failures="0" errors="0" skipped="0" time="0.0071163">
        <testcase classname="tests/unit/ui/relationSlot.actions.test.tsx" name="FT02/FT01 relation slot actions &gt; renders add action for empty slot" time="0.0054389">
        </testcase>
        <testcase classname="tests/unit/ui/relationSlot.actions.test.tsx" name="FT02/FT01 relation slot actions &gt; renders remove action for active slot" time="0.0004708">
        </testcase>
        <testcase classname="tests/unit/ui/relationSlot.actions.test.tsx" name="FT02/FT01 relation slot actions &gt; renders no actions for readonly slot" time="0.000263">
        </testcase>
    </testsuite>
    <testsuite name="tests/unit/ui/settingsPage.backup.wiring.test.ts" timestamp="2026-02-26T13:49:43.408Z" hostname="Multimedia5" tests="2" failures="0" errors="0" skipped="0" time="0.0013816">
        <testcase classname="tests/unit/ui/settingsPage.backup.wiring.test.ts" name="FT07 UI: settings page backup wiring &gt; wires backup_enabled setting and save flow" time="0.0006004">
        </testcase>
        <testcase classname="tests/unit/ui/settingsPage.backup.wiring.test.ts" name="FT07 UI: settings page backup wiring &gt; contains backup monitoring table with required columns" time="0.0001503">
        </testcase>
    </testsuite>
    <testsuite name="tests/unit/ui/sidebar.backupDisabled.wiring.test.ts" timestamp="2026-02-26T13:49:43.408Z" hostname="Multimedia5" tests="2" failures="0" errors="0" skipped="0" time="0.0012811">
        <testcase classname="tests/unit/ui/sidebar.backupDisabled.wiring.test.ts" name="FT07 UI: sidebar backup disabled wiring &gt; wires backup_enabled setting in Home and forwards backupDisabled prop" time="0.0005657">
        </testcase>
        <testcase classname="tests/unit/ui/sidebar.backupDisabled.wiring.test.ts" name="FT07 UI: sidebar backup disabled wiring &gt; applies red border style in Sidebar when backupDisabled is true" time="0.0000965">
        </testcase>
    </testsuite>
    <testsuite name="tests/unit/ui/tableView.infoBadgePreviewOptions.test.tsx" timestamp="2026-02-26T13:49:43.408Z" hostname="Multimedia5" tests="2" failures="0" errors="0" skipped="0" time="0.0018814">
        <testcase classname="tests/unit/ui/tableView.infoBadgePreviewOptions.test.tsx" name="FT03 table view info badge preview options wiring &gt; supports InfoBadgePreview as rowPreviewRenderer return type" time="0.0008172">
        </testcase>
        <testcase classname="tests/unit/ui/tableView.infoBadgePreviewOptions.test.tsx" name="FT03 table view info badge preview options wiring &gt; forwards InfoBadgePreview options into HoverPreview" time="0.0004282">
        </testcase>
    </testsuite>
    <testsuite name="tests/unit/ui/tableView.stickyHeader.test.tsx" timestamp="2026-02-26T13:49:43.409Z" hostname="Multimedia5" tests="4" failures="0" errors="0" skipped="0" time="0.0073333">
        <testcase classname="tests/unit/ui/tableView.stickyHeader.test.tsx" name="PKG-08 TableLayout: TableView sticky header &gt; applies sticky header classes on header cells when stickyHeader=true" time="0.0056638">
        </testcase>
        <testcase classname="tests/unit/ui/tableView.stickyHeader.test.tsx" name="PKG-08 TableLayout: TableView sticky header &gt; does not apply sticky header classes when stickyHeader=false" time="0.000409">
        </testcase>
        <testcase classname="tests/unit/ui/tableView.stickyHeader.test.tsx" name="PKG-08 TableLayout: TableView sticky header &gt; keeps header alignment/base classes while sticky header is enabled" time="0.0002666">
        </testcase>
        <testcase classname="tests/unit/ui/tableView.stickyHeader.test.tsx" name="PKG-08 TableLayout: TableView sticky header &gt; keeps width and minWidth styles on header cells with sticky header" time="0.0003181">
        </testcase>
    </testsuite>
    <testsuite name="tests/unit/ui/teamManagement.versioning.test.tsx" timestamp="2026-02-26T13:49:43.409Z" hostname="Multimedia5" tests="3" failures="0" errors="0" skipped="0" time="0.0013561">
        <testcase classname="tests/unit/ui/teamManagement.versioning.test.tsx" name="FT06 TeamManagement versioning wiring &gt; sends version in team update and delete payloads" time="0.0005616">
        </testcase>
        <testcase classname="tests/unit/ui/teamManagement.versioning.test.tsx" name="FT06 TeamManagement versioning wiring &gt; uses batch payload items with employee version" time="0.0001245">
        </testcase>
        <testcase classname="tests/unit/ui/teamManagement.versioning.test.tsx" name="FT06 TeamManagement versioning wiring &gt; maps VERSION_CONFLICT to user-facing conflict text" time="0.0000714">
        </testcase>
    </testsuite>
    <testsuite name="tests/unit/ui/toaster.toastDesktopPosition.wiring.test.ts" timestamp="2026-02-26T13:49:43.410Z" hostname="Multimedia5" tests="3" failures="0" errors="0" skipped="0" time="0.0013401">
        <testcase classname="tests/unit/ui/toaster.toastDesktopPosition.wiring.test.ts" name="FT03 UI: toaster toastDesktopPosition wiring &gt; reads toastDesktopPosition setting and forwards it to ToastViewport" time="0.0005503">
        </testcase>
        <testcase classname="tests/unit/ui/toaster.toastDesktopPosition.wiring.test.ts" name="FT03 UI: toaster toastDesktopPosition wiring &gt; contains class mapping for all desktop corner positions" time="0.000131">
        </testcase>
        <testcase classname="tests/unit/ui/toaster.toastDesktopPosition.wiring.test.ts" name="FT03 UI: toaster toastDesktopPosition wiring &gt; keeps mobile top anchor in viewport base classes" time="0.0000588">
        </testcase>
    </testsuite>
    <testsuite name="tests/unit/ui/tourEditDialog.appointmentsPanel.wiring.test.tsx" timestamp="2026-02-26T13:49:43.410Z" hostname="Multimedia5" tests="3" failures="0" errors="0" skipped="0" time="0.0014345">
        <testcase classname="tests/unit/ui/tourEditDialog.appointmentsPanel.wiring.test.tsx" name="FT04 TourEditDialog appointments sidebar wiring &gt; wires TourAppointmentsPanel and TourAppointmentsTableDialog in tour edit dialog" time="0.0006014">
        </testcase>
        <testcase classname="tests/unit/ui/tourEditDialog.appointmentsPanel.wiring.test.tsx" name="FT04 TourEditDialog appointments sidebar wiring &gt; exposes expected footer actions in tour appointments panel" time="0.000117">
        </testcase>
        <testcase classname="tests/unit/ui/tourEditDialog.appointmentsPanel.wiring.test.tsx" name="FT04 TourEditDialog appointments sidebar wiring &gt; wires AppointmentsListPage in tour form to enforce dateFrom today" time="0.0000675">
        </testcase>
    </testsuite>
    <testsuite name="tests/unit/ui/tourManagement.role-readonly.wiring.test.tsx" timestamp="2026-02-26T13:49:43.410Z" hostname="Multimedia5" tests="1" failures="1" errors="0" skipped="0" time="0.002075">
        <testcase classname="tests/unit/ui/tourManagement.role-readonly.wiring.test.tsx" name="FT04 UI: TourManagement role readonly wiring (UC 04/05) &gt; blocks create action for READER/Monteur in UI (NOT_IMPLEMENTED_BY_SCOPE)" time="0.0014792">
            <failure message="NOT_IMPLEMENTED_BY_SCOPE | UC 04/05 Tourliste anzeigen | Fehlendes Verhalten: &apos;Neue Tour&apos; darf fuer READER/Monteur nicht gerendert werden | Betroffene Produktion: client/src/components/TourManagement.tsx" type="Error">
Error: NOT_IMPLEMENTED_BY_SCOPE | UC 04/05 Tourliste anzeigen | Fehlendes Verhalten: &apos;Neue Tour&apos; darf fuer READER/Monteur nicht gerendert werden | Betroffene Produktion: client/src/components/TourManagement.tsx
 ❯ tests/unit/ui/tourManagement.role-readonly.wiring.test.tsx:29:13
            </failure>
        </testcase>
    </testsuite>
    <testsuite name="tests/unit/ui/tourManagement.versioning.test.tsx" timestamp="2026-02-26T13:49:43.410Z" hostname="Multimedia5" tests="4" failures="0" errors="0" skipped="0" time="0.0014911">
        <testcase classname="tests/unit/ui/tourManagement.versioning.test.tsx" name="FT07 TourManagement versioning wiring &gt; sends version in tour update and delete payloads" time="0.0005642">
        </testcase>
        <testcase classname="tests/unit/ui/tourManagement.versioning.test.tsx" name="FT07 TourManagement versioning wiring &gt; uses batch payload items with employee version" time="0.0001159">
        </testcase>
        <testcase classname="tests/unit/ui/tourManagement.versioning.test.tsx" name="FT07 TourManagement versioning wiring &gt; maps VERSION_CONFLICT and BUSINESS_CONFLICT to user-facing conflict text" time="0.0001082">
        </testcase>
        <testcase classname="tests/unit/ui/tourManagement.versioning.test.tsx" name="FT07 TourManagement versioning wiring &gt; wires admin-only delete action into the tour edit dialog" time="0.0000796">
        </testcase>
    </testsuite>
    <testsuite name="tests/unit/ui/weekLaneState.rules.test.ts" timestamp="2026-02-26T13:49:43.411Z" hostname="Multimedia5" tests="6" failures="0" errors="0" skipped="0" time="0.0019246">
        <testcase classname="tests/unit/ui/weekLaneState.rules.test.ts" name="FT03 week lane state rules &gt; normalizes empty expandedLaneId to null" time="0.0005744">
        </testcase>
        <testcase classname="tests/unit/ui/weekLaneState.rules.test.ts" name="FT03 week lane state rules &gt; expanded mode keeps all lanes open and ignores expandedLaneId" time="0.0001152">
        </testcase>
        <testcase classname="tests/unit/ui/weekLaneState.rules.test.ts" name="FT03 week lane state rules &gt; collapsed mode keeps exactly one lane open when lane id is valid" time="0.0003492">
        </testcase>
        <testcase classname="tests/unit/ui/weekLaneState.rules.test.ts" name="FT03 week lane state rules &gt; falls back to first lane and marks correction when lane id is invalid" time="0.0000921">
        </testcase>
        <testcase classname="tests/unit/ui/weekLaneState.rules.test.ts" name="FT03 week lane state rules &gt; falls back to first lane and marks correction when lane id is empty" time="0.0000766">
        </testcase>
        <testcase classname="tests/unit/ui/weekLaneState.rules.test.ts" name="FT03 week lane state rules &gt; returns stable empty state when no lanes exist" time="0.0000685">
        </testcase>
    </testsuite>
</testsuites>
